Using GPU
Args in experiment:
[1mBasic Config[0m
  Task Name:          classification_trainlossonlyIs Training:        0                   
  Model ID:           CLS_ArticularyWordRecognitionModel:              MambaSingleLayer    

[1mData Loader[0m
  Data:               UEA                 Root Path:          /data/yoom618/TSLib/dataset/ArticularyWordRecognition
  Data Path:          ETTh1.csv           Features:           M                   
  Target:             OT                  Freq:               h                   
  Checkpoints:        /data/yoom618/TSLib/MambaSL (inceptiontime-setting, 2 more trials)

[1mModel Parameters[0m
  Top k:              5                   Num Kernels:        3                   
  Enc In:             7                   Dec In:             7                   
  C Out:              7                   d model:            1024                
  n heads:            8                   e layers:           2                   
  d layers:           1                   d FF:               16                  
  Moving Avg:         25                  Factor:             1                   
  Distil:             1                   Dropout:            0.1                 
  Embed:              timeF               Activation:         gelu                

[1mRun Parameters[0m
  Num Workers:        10                  Itr:                2                   
  Train Epochs:       100                 Batch Size:         16                  
  Patience:           10                  Learning Rate:      0.001               
  Des:                trainlossonly       Loss:               MSE                 
  Lradj:              type1               Use Amp:            0                   

[1mGPU[0m
  Use GPU:            1                   GPU:                0                   
  Use Multi GPU:      0                   Devices:            0,1,2,3             

[1mDe-stationary Projector Params[0m
  P Hidden Dims:      128, 128            P Hidden Layers:    2                   

275
300
>>>>>>>testing : classification_CLS_ArticularyWordRecognition_MambaSingleLayer_UEA_ftM_sl144_ll0_pl0_dm1024_ds16_expand1_dc4_nk3_tvdt0_tvB1_tvC0_useD0_trainlossonly_1<<<<<<<<<<<<<<<<<<<<<<<<<<<<<<<<<
loading model
test shape: torch.Size([300, 25]) torch.Size([300, 1])
gating_value: 0.010929051813048622
accuracy:0.9933333333333333
model parameter : 3330056
model size : 32.24MB
275
300
>>>>>>>testing : classification_CLS_ArticularyWordRecognition_MambaSingleLayer_UEA_ftM_sl144_ll0_pl0_dm1024_ds16_expand1_dc4_nk3_tvdt0_tvB1_tvC0_useD0_trainlossonly_2<<<<<<<<<<<<<<<<<<<<<<<<<<<<<<<<<
loading model
test shape: torch.Size([300, 25]) torch.Size([300, 1])
gating_value: 0.013329871256525318
accuracy:0.9866666666666667
model parameter : 3330056
model size : 32.24MB
