Using GPU
Args in experiment:
[1mBasic Config[0m
  Task Name:          classification_trainlossonlyIs Training:        0                   
  Model ID:           CLS_EigenWorms      Model:              MambaSingleLayer    

[1mData Loader[0m
  Data:               UEA                 Root Path:          /data/yoom618/TSLib/dataset/EigenWorms
  Data Path:          ETTh1.csv           Features:           M                   
  Target:             OT                  Freq:               h                   
  Checkpoints:        /data/yoom618/TSLib/MambaSL (inceptiontime-setting, 2 more trials)

[1mModel Parameters[0m
  Top k:              5                   Num Kernels:        360                 
  Enc In:             7                   Dec In:             7                   
  C Out:              7                   d model:            128                 
  n heads:            8                   e layers:           2                   
  d layers:           1                   d FF:               2                   
  Moving Avg:         25                  Factor:             1                   
  Distil:             1                   Dropout:            0.1                 
  Embed:              timeF               Activation:         gelu                

[1mRun Parameters[0m
  Num Workers:        10                  Itr:                2                   
  Train Epochs:       100                 Batch Size:         4                   
  Patience:           10                  Learning Rate:      0.001               
  Des:                trainlossonly       Loss:               MSE                 
  Lradj:              type1               Use Amp:            0                   

[1mGPU[0m
  Use GPU:            1                   GPU:                0                   
  Use Multi GPU:      0                   Devices:            0,1,2,3             

[1mDe-stationary Projector Params[0m
  P Hidden Dims:      128, 128            P Hidden Layers:    2                   

128
131
>>>>>>>testing : classification_CLS_EigenWorms_MambaSingleLayer_UEA_ftM_sl17984_ll0_pl0_dm128_ds2_expand1_dc4_nk360_tvdt1_tvB1_tvC0_useD0_trainlossonly_1<<<<<<<<<<<<<<<<<<<<<<<<<<<<<<<<<
loading model
test shape: torch.Size([131, 5]) torch.Size([131, 1])
gating_value: 9.243630034091904e-05
accuracy:0.8244274809160306
model parameter : 331144
model size : 10.05MB
128
131
>>>>>>>testing : classification_CLS_EigenWorms_MambaSingleLayer_UEA_ftM_sl17984_ll0_pl0_dm128_ds2_expand1_dc4_nk360_tvdt1_tvB1_tvC0_useD0_trainlossonly_2<<<<<<<<<<<<<<<<<<<<<<<<<<<<<<<<<
loading model
test shape: torch.Size([131, 5]) torch.Size([131, 1])
gating_value: 0.0001816754413209678
accuracy:0.8091603053435115
model parameter : 331144
model size : 10.05MB
