Using GPU
Args in experiment:
[1mBasic Config[0m
  Task Name:          classification_trainlossonlyIs Training:        1                   
  Model ID:           CLS_DuckDuckGeese   Model:              MambaSingleLayer    

[1mData Loader[0m
  Data:               UEA                 Root Path:          /data/yoom618/TSLib/dataset/DuckDuckGeese
  Data Path:          ETTh1.csv           Features:           M                   
  Target:             OT                  Freq:               h                   
  Checkpoints:        /data/yoom618/TSLib/checkpoints

[1mModel Parameters[0m
  Top k:              5                   Num Kernels:        6                   
  Enc In:             7                   Dec In:             7                   
  C Out:              7                   d model:            64                  
  n heads:            8                   e layers:           2                   
  d layers:           1                   d FF:               1                   
  Moving Avg:         25                  Factor:             1                   
  Distil:             1                   Dropout:            0.1                 
  Embed:              timeF               Activation:         gelu                

[1mRun Parameters[0m
  Num Workers:        10                  Itr:                2                   
  Train Epochs:       100                 Batch Size:         16                  
  Patience:           10                  Learning Rate:      0.001               
  Des:                trainlossonly       Loss:               MSE                 
  Lradj:              type1               Use Amp:            0                   

[1mGPU[0m
  Use GPU:            1                   GPU:                0                   
  Use Multi GPU:      0                   Devices:            0,1,2,3             

[1mDe-stationary Projector Params[0m
  P Hidden Dims:      128, 128            P Hidden Layers:    2                   

50
50
>>>>>>>start training : classification_CLS_DuckDuckGeese_MambaSingleLayer_UEA_ftM_sl270_ll0_pl0_dm64_ds1_expand1_dc4_nk6_tvdt1_tvB1_tvC1_useD0_trainlossonly_1>>>>>>>>>>>>>>>>>>>>>>>>>>
Epoch: 1 cost time: 1.78647780418396
gating_value: 0.0037037037095675866
Epoch: 1, Steps: 4 | Train Loss: 1.592 Vali Loss: 1.602 Vali Acc: 0.200 Test Loss: 1.598 Test Acc: 0.220
Validation loss decreased (inf --> 1.602095).  Saving model ...
Epoch: 2 cost time: 0.5814990997314453
gating_value: 0.003703703701806565
Epoch: 2, Steps: 4 | Train Loss: 1.592 Vali Loss: 1.598 Vali Acc: 0.220 Test Loss: 1.596 Test Acc: 0.200
Validation loss decreased (1.602095 --> 1.597535).  Saving model ...
Epoch: 3 cost time: 0.5165879726409912
gating_value: 0.0037037039160107573
Epoch: 3, Steps: 4 | Train Loss: 1.600 Vali Loss: 1.559 Vali Acc: 0.280 Test Loss: 1.604 Test Acc: 0.240
Validation loss decreased (1.597535 --> 1.559141).  Saving model ...
Epoch: 4 cost time: 0.570396900177002
gating_value: 0.0037037047169481713
Epoch: 4, Steps: 4 | Train Loss: 1.534 Vali Loss: 1.519 Vali Acc: 0.380 Test Loss: 1.623 Test Acc: 0.360
Validation loss decreased (1.559141 --> 1.519211).  Saving model ...
Epoch: 5 cost time: 0.5466587543487549
gating_value: 0.0037037087588881455
Epoch: 5, Steps: 4 | Train Loss: 1.518 Vali Loss: 1.467 Vali Acc: 0.500 Test Loss: 1.602 Test Acc: 0.380
Validation loss decreased (1.519211 --> 1.466758).  Saving model ...
Epoch: 6 cost time: 0.6674377918243408
gating_value: 0.0037037306216855842
Epoch: 6, Steps: 4 | Train Loss: 1.418 Vali Loss: 1.406 Vali Acc: 0.520 Test Loss: 1.524 Test Acc: 0.300
Validation loss decreased (1.466758 --> 1.405603).  Saving model ...
Epoch: 7 cost time: 0.5009446144104004
gating_value: 0.0037037594274928172
Epoch: 7, Steps: 4 | Train Loss: 1.528 Vali Loss: 1.367 Vali Acc: 0.500 Test Loss: 1.496 Test Acc: 0.300
Validation loss decreased (1.405603 --> 1.366856).  Saving model ...
Epoch: 8 cost time: 0.5409176349639893
gating_value: 0.0037037649114305773
Epoch: 8, Steps: 4 | Train Loss: 1.336 Vali Loss: 1.236 Vali Acc: 0.540 Test Loss: 1.503 Test Acc: 0.340
Validation loss decreased (1.366856 --> 1.236082).  Saving model ...
Epoch: 9 cost time: 0.5458536148071289
gating_value: 0.0037038003435979285
Epoch: 9, Steps: 4 | Train Loss: 1.259 Vali Loss: 1.245 Vali Acc: 0.560 Test Loss: 1.508 Test Acc: 0.340
EarlyStopping counter: 1 out of 10
Epoch: 10 cost time: 0.5525367259979248
gating_value: 0.003703917145418624
Epoch: 10, Steps: 4 | Train Loss: 1.284 Vali Loss: 1.164 Vali Acc: 0.600 Test Loss: 1.478 Test Acc: 0.360
Validation loss decreased (1.236082 --> 1.164215).  Saving model ...
Epoch: 11 cost time: 0.5378148555755615
gating_value: 0.0037041372231518227
Epoch: 11, Steps: 4 | Train Loss: 1.187 Vali Loss: 1.139 Vali Acc: 0.700 Test Loss: 1.478 Test Acc: 0.340
Validation loss decreased (1.164215 --> 1.139317).  Saving model ...
Epoch: 12 cost time: 0.560420036315918
gating_value: 0.003704460294296344
Epoch: 12, Steps: 4 | Train Loss: 1.170 Vali Loss: 0.988 Vali Acc: 0.720 Test Loss: 1.455 Test Acc: 0.340
Validation loss decreased (1.139317 --> 0.988371).  Saving model ...
Epoch: 13 cost time: 0.5750608444213867
gating_value: 0.003704901228969296
Epoch: 13, Steps: 4 | Train Loss: 1.034 Vali Loss: 0.974 Vali Acc: 0.740 Test Loss: 1.378 Test Acc: 0.420
Validation loss decreased (0.988371 --> 0.973721).  Saving model ...
Epoch: 14 cost time: 0.5494415760040283
gating_value: 0.0037053268387292823
Epoch: 14, Steps: 4 | Train Loss: 0.943 Vali Loss: 0.811 Vali Acc: 0.760 Test Loss: 1.383 Test Acc: 0.440
Validation loss decreased (0.973721 --> 0.811152).  Saving model ...
Epoch: 15 cost time: 0.5660455226898193
gating_value: 0.003705810382962227
Epoch: 15, Steps: 4 | Train Loss: 1.024 Vali Loss: 0.811 Vali Acc: 0.820 Test Loss: 1.392 Test Acc: 0.420
EarlyStopping counter: 1 out of 10
Epoch: 16 cost time: 0.5823605060577393
gating_value: 0.0037065202618638674
Epoch: 16, Steps: 4 | Train Loss: 0.764 Vali Loss: 0.883 Vali Acc: 0.860 Test Loss: 1.365 Test Acc: 0.420
EarlyStopping counter: 2 out of 10
Epoch: 17 cost time: 0.5993537902832031
gating_value: 0.0037073341213787595
Epoch: 17, Steps: 4 | Train Loss: 0.836 Vali Loss: 0.727 Vali Acc: 0.840 Test Loss: 1.384 Test Acc: 0.400
Validation loss decreased (0.811152 --> 0.726925).  Saving model ...
Epoch: 18 cost time: 0.5877101421356201
gating_value: 0.003708156960395475
Epoch: 18, Steps: 4 | Train Loss: 0.950 Vali Loss: 0.758 Vali Acc: 0.860 Test Loss: 1.398 Test Acc: 0.360
EarlyStopping counter: 1 out of 10
Epoch: 19 cost time: 0.5557422637939453
gating_value: 0.003709049279180666
Epoch: 19, Steps: 4 | Train Loss: 0.697 Vali Loss: 0.614 Vali Acc: 0.900 Test Loss: 1.304 Test Acc: 0.400
Validation loss decreased (0.726925 --> 0.613594).  Saving model ...
Epoch: 20 cost time: 0.5324900150299072
gating_value: 0.003710347668578227
Epoch: 20, Steps: 4 | Train Loss: 0.888 Vali Loss: 0.616 Vali Acc: 0.920 Test Loss: 1.334 Test Acc: 0.400
EarlyStopping counter: 1 out of 10
Epoch: 21 cost time: 0.6404135227203369
gating_value: 0.003711178454880913
Epoch: 21, Steps: 4 | Train Loss: 0.606 Vali Loss: 0.679 Vali Acc: 0.900 Test Loss: 1.348 Test Acc: 0.400
EarlyStopping counter: 2 out of 10
Epoch: 22 cost time: 0.6084740161895752
gating_value: 0.003712351604675253
Epoch: 22, Steps: 4 | Train Loss: 0.677 Vali Loss: 0.551 Vali Acc: 0.880 Test Loss: 1.345 Test Acc: 0.460
Validation loss decreased (0.613594 --> 0.550920).  Saving model ...
Epoch: 23 cost time: 0.571946382522583
gating_value: 0.003713887108800312
Epoch: 23, Steps: 4 | Train Loss: 0.620 Vali Loss: 0.490 Vali Acc: 0.940 Test Loss: 1.235 Test Acc: 0.480
Validation loss decreased (0.550920 --> 0.489632).  Saving model ...
Epoch: 24 cost time: 0.5886521339416504
gating_value: 0.003715319987386465
Epoch: 24, Steps: 4 | Train Loss: 0.575 Vali Loss: 0.459 Vali Acc: 0.940 Test Loss: 1.208 Test Acc: 0.480
Validation loss decreased (0.489632 --> 0.459302).  Saving model ...
Epoch: 25 cost time: 0.5812742710113525
gating_value: 0.0037164720225458343
Epoch: 25, Steps: 4 | Train Loss: 0.491 Vali Loss: 0.513 Vali Acc: 0.960 Test Loss: 1.254 Test Acc: 0.440
EarlyStopping counter: 1 out of 10
Epoch: 26 cost time: 0.595595121383667
gating_value: 0.003717579774868985
Epoch: 26, Steps: 4 | Train Loss: 0.540 Vali Loss: 0.512 Vali Acc: 0.940 Test Loss: 1.214 Test Acc: 0.520
EarlyStopping counter: 2 out of 10
Epoch: 27 cost time: 0.5673463344573975
gating_value: 0.0037209718426068623
Epoch: 27, Steps: 4 | Train Loss: 0.454 Vali Loss: 0.406 Vali Acc: 0.960 Test Loss: 1.263 Test Acc: 0.500
Validation loss decreased (0.459302 --> 0.405974).  Saving model ...
Epoch: 28 cost time: 0.528956413269043
gating_value: 0.003724958140713473
Epoch: 28, Steps: 4 | Train Loss: 0.466 Vali Loss: 0.370 Vali Acc: 0.960 Test Loss: 1.239 Test Acc: 0.540
Validation loss decreased (0.405974 --> 0.370268).  Saving model ...
Epoch: 29 cost time: 0.5471155643463135
gating_value: 0.0037250609432036676
Epoch: 29, Steps: 4 | Train Loss: 0.399 Vali Loss: 0.390 Vali Acc: 0.960 Test Loss: 1.115 Test Acc: 0.460
EarlyStopping counter: 1 out of 10
Epoch: 30 cost time: 0.5822253227233887
gating_value: 0.0037264942238107324
Epoch: 30, Steps: 4 | Train Loss: 0.515 Vali Loss: 0.323 Vali Acc: 0.980 Test Loss: 1.168 Test Acc: 0.520
Validation loss decreased (0.370268 --> 0.323252).  Saving model ...
Epoch: 31 cost time: 0.5722007751464844
gating_value: 0.003730698289970557
Epoch: 31, Steps: 4 | Train Loss: 0.504 Vali Loss: 0.481 Vali Acc: 0.980 Test Loss: 1.248 Test Acc: 0.560
EarlyStopping counter: 1 out of 10
Epoch: 32 cost time: 0.5745847225189209
gating_value: 0.00373259876233836
Epoch: 32, Steps: 4 | Train Loss: 0.312 Vali Loss: 0.294 Vali Acc: 0.940 Test Loss: 1.174 Test Acc: 0.500
Validation loss decreased (0.323252 --> 0.293652).  Saving model ...
Epoch: 33 cost time: 0.6003761291503906
gating_value: 0.003737374364087979
Epoch: 33, Steps: 4 | Train Loss: 0.368 Vali Loss: 0.295 Vali Acc: 0.960 Test Loss: 1.144 Test Acc: 0.520
EarlyStopping counter: 1 out of 10
Epoch: 34 cost time: 0.5897159576416016
gating_value: 0.0037440119342257577
Epoch: 34, Steps: 4 | Train Loss: 0.303 Vali Loss: 0.315 Vali Acc: 0.980 Test Loss: 1.075 Test Acc: 0.540
EarlyStopping counter: 2 out of 10
Epoch: 35 cost time: 0.6239514350891113
gating_value: 0.0037481136511390407
Epoch: 35, Steps: 4 | Train Loss: 0.275 Vali Loss: 0.239 Vali Acc: 0.980 Test Loss: 1.173 Test Acc: 0.560
Validation loss decreased (0.293652 --> 0.238751).  Saving model ...
Epoch: 36 cost time: 0.6403627395629883
gating_value: 0.0037511500095327695
Epoch: 36, Steps: 4 | Train Loss: 0.318 Vali Loss: 0.317 Vali Acc: 0.940 Test Loss: 1.121 Test Acc: 0.560
EarlyStopping counter: 1 out of 10
Epoch: 37 cost time: 0.5639235973358154
gating_value: 0.0037600697219992677
Epoch: 37, Steps: 4 | Train Loss: 0.251 Vali Loss: 0.217 Vali Acc: 0.980 Test Loss: 1.172 Test Acc: 0.600
Validation loss decreased (0.238751 --> 0.216666).  Saving model ...
Epoch: 38 cost time: 0.5254144668579102
gating_value: 0.0037693154284109674
Epoch: 38, Steps: 4 | Train Loss: 0.238 Vali Loss: 0.240 Vali Acc: 0.980 Test Loss: 1.174 Test Acc: 0.600
EarlyStopping counter: 1 out of 10
Epoch: 39 cost time: 0.532254695892334
gating_value: 0.003767995904199779
Epoch: 39, Steps: 4 | Train Loss: 0.213 Vali Loss: 0.187 Vali Acc: 0.980 Test Loss: 1.113 Test Acc: 0.580
Validation loss decreased (0.216666 --> 0.187034).  Saving model ...
Epoch: 40 cost time: 0.5806562900543213
gating_value: 0.0037740771674240627
Epoch: 40, Steps: 4 | Train Loss: 0.216 Vali Loss: 0.242 Vali Acc: 0.980 Test Loss: 1.157 Test Acc: 0.560
EarlyStopping counter: 1 out of 10
Epoch: 41 cost time: 0.5920906066894531
gating_value: 0.0037832476183151205
Epoch: 41, Steps: 4 | Train Loss: 0.201 Vali Loss: 0.192 Vali Acc: 0.980 Test Loss: 1.164 Test Acc: 0.560
EarlyStopping counter: 2 out of 10
Epoch: 42 cost time: 0.6173291206359863
gating_value: 0.0037920730467885734
Epoch: 42, Steps: 4 | Train Loss: 0.471 Vali Loss: 0.176 Vali Acc: 0.980 Test Loss: 1.184 Test Acc: 0.580
Validation loss decreased (0.187034 --> 0.175806).  Saving model ...
Epoch: 43 cost time: 0.5599689483642578
gating_value: 0.0037892251648008824
Epoch: 43, Steps: 4 | Train Loss: 0.236 Vali Loss: 0.146 Vali Acc: 1.000 Test Loss: 1.020 Test Acc: 0.620
Validation loss decreased (0.175806 --> 0.146406).  Saving model ...
Epoch: 44 cost time: 0.6772480010986328
gating_value: 0.0038006061082705854
Epoch: 44, Steps: 4 | Train Loss: 0.216 Vali Loss: 0.204 Vali Acc: 0.980 Test Loss: 1.169 Test Acc: 0.600
EarlyStopping counter: 1 out of 10
Epoch: 45 cost time: 0.5933804512023926
gating_value: 0.003814234328456223
Epoch: 45, Steps: 4 | Train Loss: 0.186 Vali Loss: 0.171 Vali Acc: 0.980 Test Loss: 1.293 Test Acc: 0.560
EarlyStopping counter: 2 out of 10
Epoch: 46 cost time: 0.611954927444458
gating_value: 0.0038209615213175615
Epoch: 46, Steps: 4 | Train Loss: 0.195 Vali Loss: 0.154 Vali Acc: 0.980 Test Loss: 1.244 Test Acc: 0.560
EarlyStopping counter: 3 out of 10
Epoch: 47 cost time: 0.6210625171661377
gating_value: 0.0038259536260738967
Epoch: 47, Steps: 4 | Train Loss: 0.215 Vali Loss: 0.125 Vali Acc: 0.980 Test Loss: 1.167 Test Acc: 0.620
Validation loss decreased (0.146406 --> 0.125449).  Saving model ...
Epoch: 48 cost time: 0.6157495975494385
gating_value: 0.003834004394399623
Epoch: 48, Steps: 4 | Train Loss: 0.206 Vali Loss: 0.173 Vali Acc: 1.000 Test Loss: 1.065 Test Acc: 0.580
EarlyStopping counter: 1 out of 10
Epoch: 49 cost time: 0.5722999572753906
gating_value: 0.0038405032269656658
Epoch: 49, Steps: 4 | Train Loss: 0.196 Vali Loss: 0.169 Vali Acc: 1.000 Test Loss: 0.987 Test Acc: 0.600
EarlyStopping counter: 2 out of 10
Epoch: 50 cost time: 0.5757958889007568
gating_value: 0.0038578326643134157
Epoch: 50, Steps: 4 | Train Loss: 0.140 Vali Loss: 0.126 Vali Acc: 0.980 Test Loss: 1.060 Test Acc: 0.580
EarlyStopping counter: 3 out of 10
Epoch: 51 cost time: 0.6111726760864258
gating_value: 0.0038613899688546855
Epoch: 51, Steps: 4 | Train Loss: 0.135 Vali Loss: 0.088 Vali Acc: 1.000 Test Loss: 1.095 Test Acc: 0.640
Validation loss decreased (0.125449 --> 0.088095).  Saving model ...
Epoch: 52 cost time: 0.532804012298584
gating_value: 0.0038538471795618533
Epoch: 52, Steps: 4 | Train Loss: 0.110 Vali Loss: 0.123 Vali Acc: 0.980 Test Loss: 1.214 Test Acc: 0.660
EarlyStopping counter: 1 out of 10
Epoch: 53 cost time: 0.5961382389068604
gating_value: 0.0038587901617089908
Epoch: 53, Steps: 4 | Train Loss: 0.129 Vali Loss: 0.082 Vali Acc: 1.000 Test Loss: 1.238 Test Acc: 0.620
Validation loss decreased (0.088095 --> 0.082217).  Saving model ...
Epoch: 54 cost time: 0.5520229339599609
gating_value: 0.0038735154705742997
Epoch: 54, Steps: 4 | Train Loss: 0.116 Vali Loss: 0.088 Vali Acc: 1.000 Test Loss: 1.264 Test Acc: 0.580
EarlyStopping counter: 1 out of 10
Epoch: 55 cost time: 0.5825066566467285
gating_value: 0.0038914554628233116
Epoch: 55, Steps: 4 | Train Loss: 0.083 Vali Loss: 0.068 Vali Acc: 1.000 Test Loss: 1.241 Test Acc: 0.640
Validation loss decreased (0.082217 --> 0.067745).  Saving model ...
Epoch: 56 cost time: 0.5391504764556885
gating_value: 0.00390163263771683
Epoch: 56, Steps: 4 | Train Loss: 0.079 Vali Loss: 0.064 Vali Acc: 1.000 Test Loss: 1.210 Test Acc: 0.640
Validation loss decreased (0.067745 --> 0.063899).  Saving model ...
Epoch: 57 cost time: 0.5595636367797852
gating_value: 0.003909919949558874
Epoch: 57, Steps: 4 | Train Loss: 0.090 Vali Loss: 0.064 Vali Acc: 1.000 Test Loss: 1.189 Test Acc: 0.660
EarlyStopping counter: 1 out of 10
Epoch: 58 cost time: 0.5724587440490723
gating_value: 0.003909166983018319
Epoch: 58, Steps: 4 | Train Loss: 0.070 Vali Loss: 0.056 Vali Acc: 1.000 Test Loss: 1.159 Test Acc: 0.660
Validation loss decreased (0.063899 --> 0.056347).  Saving model ...
Epoch: 59 cost time: 0.5668139457702637
gating_value: 0.003915246787170569
Epoch: 59, Steps: 4 | Train Loss: 0.064 Vali Loss: 0.052 Vali Acc: 1.000 Test Loss: 1.182 Test Acc: 0.640
Validation loss decreased (0.056347 --> 0.052286).  Saving model ...
Epoch: 60 cost time: 0.5673234462738037
gating_value: 0.003927465941136082
Epoch: 60, Steps: 4 | Train Loss: 0.076 Vali Loss: 0.060 Vali Acc: 1.000 Test Loss: 1.209 Test Acc: 0.640
EarlyStopping counter: 1 out of 10
Epoch: 61 cost time: 0.5510833263397217
gating_value: 0.003927016450713078
Epoch: 61, Steps: 4 | Train Loss: 0.056 Vali Loss: 0.047 Vali Acc: 1.000 Test Loss: 1.200 Test Acc: 0.680
Validation loss decreased (0.052286 --> 0.046676).  Saving model ...
Epoch: 62 cost time: 0.5632250308990479
gating_value: 0.003933510510250926
Epoch: 62, Steps: 4 | Train Loss: 0.064 Vali Loss: 0.052 Vali Acc: 1.000 Test Loss: 1.218 Test Acc: 0.640
EarlyStopping counter: 1 out of 10
Epoch: 63 cost time: 0.5622484683990479
gating_value: 0.003949566804803908
Epoch: 63, Steps: 4 | Train Loss: 0.110 Vali Loss: 0.048 Vali Acc: 1.000 Test Loss: 1.236 Test Acc: 0.660
EarlyStopping counter: 2 out of 10
Epoch: 64 cost time: 0.562089204788208
gating_value: 0.0039372054782385625
Epoch: 64, Steps: 4 | Train Loss: 0.075 Vali Loss: 0.053 Vali Acc: 1.000 Test Loss: 1.254 Test Acc: 0.640
EarlyStopping counter: 3 out of 10
Epoch: 65 cost time: 0.5622303485870361
gating_value: 0.0039642002635325
Epoch: 65, Steps: 4 | Train Loss: 0.071 Vali Loss: 0.097 Vali Acc: 1.000 Test Loss: 1.214 Test Acc: 0.640
EarlyStopping counter: 4 out of 10
Epoch: 66 cost time: 0.558842658996582
gating_value: 0.003978249559489389
Epoch: 66, Steps: 4 | Train Loss: 0.054 Vali Loss: 0.049 Vali Acc: 1.000 Test Loss: 1.187 Test Acc: 0.680
EarlyStopping counter: 5 out of 10
Epoch: 67 cost time: 0.569019079208374
gating_value: 0.003996571968309581
Epoch: 67, Steps: 4 | Train Loss: 0.061 Vali Loss: 0.037 Vali Acc: 1.000 Test Loss: 1.164 Test Acc: 0.660
Validation loss decreased (0.046676 --> 0.036601).  Saving model ...
Epoch: 68 cost time: 0.5229554176330566
gating_value: 0.004005452175624669
Epoch: 68, Steps: 4 | Train Loss: 0.047 Vali Loss: 0.034 Vali Acc: 1.000 Test Loss: 1.141 Test Acc: 0.680
Validation loss decreased (0.036601 --> 0.033753).  Saving model ...
Epoch: 69 cost time: 0.5694093704223633
gating_value: 0.004013635378020505
Epoch: 69, Steps: 4 | Train Loss: 0.045 Vali Loss: 0.030 Vali Acc: 1.000 Test Loss: 1.135 Test Acc: 0.700
Validation loss decreased (0.033753 --> 0.030151).  Saving model ...
Epoch: 70 cost time: 0.5456209182739258
gating_value: 0.004017846885447701
Epoch: 70, Steps: 4 | Train Loss: 0.040 Vali Loss: 0.031 Vali Acc: 1.000 Test Loss: 1.139 Test Acc: 0.680
EarlyStopping counter: 1 out of 10
Epoch: 71 cost time: 0.5350697040557861
gating_value: 0.0040152644040063025
Epoch: 71, Steps: 4 | Train Loss: 0.037 Vali Loss: 0.033 Vali Acc: 1.000 Test Loss: 1.136 Test Acc: 0.680
EarlyStopping counter: 2 out of 10
Epoch: 72 cost time: 0.5547821521759033
gating_value: 0.004001791250581543
Epoch: 72, Steps: 4 | Train Loss: 0.037 Vali Loss: 0.028 Vali Acc: 1.000 Test Loss: 1.144 Test Acc: 0.660
Validation loss decreased (0.030151 --> 0.027628).  Saving model ...
Epoch: 73 cost time: 0.4928719997406006
gating_value: 0.00402067710335056
Epoch: 73, Steps: 4 | Train Loss: 0.031 Vali Loss: 0.026 Vali Acc: 1.000 Test Loss: 1.219 Test Acc: 0.640
Validation loss decreased (0.027628 --> 0.025852).  Saving model ...
Epoch: 74 cost time: 0.5480780601501465
gating_value: 0.004045945106384655
Epoch: 74, Steps: 4 | Train Loss: 0.037 Vali Loss: 0.024 Vali Acc: 1.000 Test Loss: 1.270 Test Acc: 0.680
Validation loss decreased (0.025852 --> 0.024363).  Saving model ...
Epoch: 75 cost time: 0.5569827556610107
gating_value: 0.004056970542296767
Epoch: 75, Steps: 4 | Train Loss: 0.029 Vali Loss: 0.022 Vali Acc: 1.000 Test Loss: 1.289 Test Acc: 0.700
Validation loss decreased (0.024363 --> 0.022256).  Saving model ...
Epoch: 76 cost time: 0.5486290454864502
gating_value: 0.004056156586545209
Epoch: 76, Steps: 4 | Train Loss: 0.027 Vali Loss: 0.022 Vali Acc: 1.000 Test Loss: 1.286 Test Acc: 0.700
EarlyStopping counter: 1 out of 10
Epoch: 77 cost time: 0.6173830032348633
gating_value: 0.004052849826402962
Epoch: 77, Steps: 4 | Train Loss: 0.029 Vali Loss: 0.032 Vali Acc: 1.000 Test Loss: 1.275 Test Acc: 0.700
EarlyStopping counter: 2 out of 10
Epoch: 78 cost time: 0.5883991718292236
gating_value: 0.004051104069997867
Epoch: 78, Steps: 4 | Train Loss: 0.028 Vali Loss: 0.022 Vali Acc: 1.000 Test Loss: 1.264 Test Acc: 0.680
Validation loss decreased (0.022256 --> 0.021981).  Saving model ...
Epoch: 79 cost time: 0.546900749206543
gating_value: 0.004044512966647745
Epoch: 79, Steps: 4 | Train Loss: 0.027 Vali Loss: 0.023 Vali Acc: 1.000 Test Loss: 1.246 Test Acc: 0.660
EarlyStopping counter: 1 out of 10
Epoch: 80 cost time: 0.6297564506530762
gating_value: 0.004048638281722863
Epoch: 80, Steps: 4 | Train Loss: 0.025 Vali Loss: 0.025 Vali Acc: 1.000 Test Loss: 1.223 Test Acc: 0.660
EarlyStopping counter: 2 out of 10
Epoch: 81 cost time: 0.6002166271209717
gating_value: 0.004061816590838135
Epoch: 81, Steps: 4 | Train Loss: 0.027 Vali Loss: 0.020 Vali Acc: 1.000 Test Loss: 1.223 Test Acc: 0.700
Validation loss decreased (0.021981 --> 0.019578).  Saving model ...
Epoch: 82 cost time: 0.5151569843292236
gating_value: 0.004070936826368173
Epoch: 82, Steps: 4 | Train Loss: 0.024 Vali Loss: 0.018 Vali Acc: 1.000 Test Loss: 1.231 Test Acc: 0.700
Validation loss decreased (0.019578 --> 0.017903).  Saving model ...
Epoch: 83 cost time: 0.531827449798584
gating_value: 0.004074398982338607
Epoch: 83, Steps: 4 | Train Loss: 0.021 Vali Loss: 0.017 Vali Acc: 1.000 Test Loss: 1.248 Test Acc: 0.700
Validation loss decreased (0.017903 --> 0.017388).  Saving model ...
Epoch: 84 cost time: 0.5688331127166748
gating_value: 0.004077847103277842
Epoch: 84, Steps: 4 | Train Loss: 0.020 Vali Loss: 0.016 Vali Acc: 1.000 Test Loss: 1.278 Test Acc: 0.680
Validation loss decreased (0.017388 --> 0.015958).  Saving model ...
Epoch: 85 cost time: 0.5529303550720215
gating_value: 0.004082445267898341
Epoch: 85, Steps: 4 | Train Loss: 0.021 Vali Loss: 0.022 Vali Acc: 1.000 Test Loss: 1.285 Test Acc: 0.700
EarlyStopping counter: 1 out of 10
Epoch: 86 cost time: 0.5546741485595703
gating_value: 0.004089925584072868
Epoch: 86, Steps: 4 | Train Loss: 0.025 Vali Loss: 0.016 Vali Acc: 1.000 Test Loss: 1.269 Test Acc: 0.700
EarlyStopping counter: 2 out of 10
Epoch: 87 cost time: 0.5691263675689697
gating_value: 0.004091557287611067
Epoch: 87, Steps: 4 | Train Loss: 0.019 Vali Loss: 0.015 Vali Acc: 1.000 Test Loss: 1.259 Test Acc: 0.700
Validation loss decreased (0.015958 --> 0.015357).  Saving model ...
Epoch: 88 cost time: 0.5789487361907959
gating_value: 0.0040926191257312896
Epoch: 88, Steps: 4 | Train Loss: 0.019 Vali Loss: 0.014 Vali Acc: 1.000 Test Loss: 1.255 Test Acc: 0.680
Validation loss decreased (0.015357 --> 0.013685).  Saving model ...
Epoch: 89 cost time: 0.5885775089263916
gating_value: 0.0040986363403499124
Epoch: 89, Steps: 4 | Train Loss: 0.017 Vali Loss: 0.021 Vali Acc: 1.000 Test Loss: 1.270 Test Acc: 0.680
EarlyStopping counter: 1 out of 10
Epoch: 90 cost time: 0.546506404876709
gating_value: 0.004110569033461312
Epoch: 90, Steps: 4 | Train Loss: 0.020 Vali Loss: 0.015 Vali Acc: 1.000 Test Loss: 1.300 Test Acc: 0.700
EarlyStopping counter: 2 out of 10
Epoch: 91 cost time: 0.5692539215087891
gating_value: 0.004122367491945624
Epoch: 91, Steps: 4 | Train Loss: 0.016 Vali Loss: 0.013 Vali Acc: 1.000 Test Loss: 1.330 Test Acc: 0.700
Validation loss decreased (0.013685 --> 0.013381).  Saving model ...
Epoch: 92 cost time: 0.5954868793487549
gating_value: 0.00411979127364854
Epoch: 92, Steps: 4 | Train Loss: 0.016 Vali Loss: 0.014 Vali Acc: 1.000 Test Loss: 1.340 Test Acc: 0.680
EarlyStopping counter: 1 out of 10
Epoch: 93 cost time: 0.6361861228942871
gating_value: 0.004122950676828623
Epoch: 93, Steps: 4 | Train Loss: 0.016 Vali Loss: 0.013 Vali Acc: 1.000 Test Loss: 1.327 Test Acc: 0.700
Validation loss decreased (0.013381 --> 0.012706).  Saving model ...
Epoch: 94 cost time: 0.5178155899047852
gating_value: 0.004127524918876588
Epoch: 94, Steps: 4 | Train Loss: 0.019 Vali Loss: 0.012 Vali Acc: 1.000 Test Loss: 1.305 Test Acc: 0.680
Validation loss decreased (0.012706 --> 0.012198).  Saving model ...
Epoch: 95 cost time: 0.5960714817047119
gating_value: 0.004130258176786204
Epoch: 95, Steps: 4 | Train Loss: 0.017 Vali Loss: 0.015 Vali Acc: 1.000 Test Loss: 1.280 Test Acc: 0.680
EarlyStopping counter: 1 out of 10
Epoch: 96 cost time: 0.5661916732788086
gating_value: 0.00412679849502941
Epoch: 96, Steps: 4 | Train Loss: 0.015 Vali Loss: 0.012 Vali Acc: 1.000 Test Loss: 1.258 Test Acc: 0.680
Validation loss decreased (0.012198 --> 0.011756).  Saving model ...
Epoch: 97 cost time: 0.5875868797302246
gating_value: 0.004130093425822754
Epoch: 97, Steps: 4 | Train Loss: 0.018 Vali Loss: 0.014 Vali Acc: 1.000 Test Loss: 1.248 Test Acc: 0.660
EarlyStopping counter: 1 out of 10
Epoch: 98 cost time: 0.5617709159851074
gating_value: 0.00413768738353004
Epoch: 98, Steps: 4 | Train Loss: 0.014 Vali Loss: 0.012 Vali Acc: 1.000 Test Loss: 1.258 Test Acc: 0.640
EarlyStopping counter: 2 out of 10
Epoch: 99 cost time: 0.6355175971984863
gating_value: 0.004151379147854944
Epoch: 99, Steps: 4 | Train Loss: 0.013 Vali Loss: 0.012 Vali Acc: 1.000 Test Loss: 1.275 Test Acc: 0.680
EarlyStopping counter: 3 out of 10
Epoch: 100 cost time: 0.602515697479248
gating_value: 0.004158435982341568
Epoch: 100, Steps: 4 | Train Loss: 0.013 Vali Loss: 0.011 Vali Acc: 1.000 Test Loss: 1.286 Test Acc: 0.680
Validation loss decreased (0.011756 --> 0.010661).  Saving model ...
>>>>>>>testing : classification_CLS_DuckDuckGeese_MambaSingleLayer_UEA_ftM_sl270_ll0_pl0_dm64_ds1_expand1_dc4_nk6_tvdt1_tvB1_tvC1_useD0_trainlossonly_1<<<<<<<<<<<<<<<<<<<<<<<<<<<<<<<<<
test shape: torch.Size([50, 5]) torch.Size([50, 1])
gating_value: 0.004341033529490232
accuracy:0.68
model parameter : 530824
model size : 3.25MB
50
50
>>>>>>>start training : classification_CLS_DuckDuckGeese_MambaSingleLayer_UEA_ftM_sl270_ll0_pl0_dm64_ds1_expand1_dc4_nk6_tvdt1_tvB1_tvC1_useD0_trainlossonly_2>>>>>>>>>>>>>>>>>>>>>>>>>>
Epoch: 1 cost time: 0.5133726596832275
gating_value: 0.0037037036862845223
Epoch: 1, Steps: 4 | Train Loss: 1.614 Vali Loss: 1.622 Vali Acc: 0.200 Test Loss: 1.534 Test Acc: 0.260
Validation loss decreased (inf --> 1.621961).  Saving model ...
Epoch: 2 cost time: 0.647282600402832
gating_value: 0.003703703742163877
Epoch: 2, Steps: 4 | Train Loss: 1.627 Vali Loss: 1.608 Vali Acc: 0.320 Test Loss: 1.530 Test Acc: 0.320
Validation loss decreased (1.621961 --> 1.608357).  Saving model ...
Epoch: 3 cost time: 0.5998387336730957
gating_value: 0.0037037039392938216
Epoch: 3, Steps: 4 | Train Loss: 1.608 Vali Loss: 1.576 Vali Acc: 0.340 Test Loss: 1.546 Test Acc: 0.280
Validation loss decreased (1.608357 --> 1.575761).  Saving model ...
Epoch: 4 cost time: 0.5940093994140625
gating_value: 0.0037037052772939203
Epoch: 4, Steps: 4 | Train Loss: 1.578 Vali Loss: 1.520 Vali Acc: 0.220 Test Loss: 1.559 Test Acc: 0.240
Validation loss decreased (1.575761 --> 1.520335).  Saving model ...
Epoch: 5 cost time: 0.588320255279541
gating_value: 0.0037037086067721247
Epoch: 5, Steps: 4 | Train Loss: 1.541 Vali Loss: 1.505 Vali Acc: 0.320 Test Loss: 1.537 Test Acc: 0.280
Validation loss decreased (1.520335 --> 1.505203).  Saving model ...
Epoch: 6 cost time: 0.6926994323730469
gating_value: 0.003703712928108871
Epoch: 6, Steps: 4 | Train Loss: 1.420 Vali Loss: 1.364 Vali Acc: 0.440 Test Loss: 1.462 Test Acc: 0.300
Validation loss decreased (1.505203 --> 1.364249).  Saving model ...
Epoch: 7 cost time: 0.6436595916748047
gating_value: 0.003703726177724699
Epoch: 7, Steps: 4 | Train Loss: 1.284 Vali Loss: 1.312 Vali Acc: 0.420 Test Loss: 1.437 Test Acc: 0.280
Validation loss decreased (1.364249 --> 1.311818).  Saving model ...
Epoch: 8 cost time: 0.5685606002807617
gating_value: 0.0037037538271397353
Epoch: 8, Steps: 4 | Train Loss: 1.419 Vali Loss: 1.186 Vali Acc: 0.500 Test Loss: 1.368 Test Acc: 0.340
Validation loss decreased (1.311818 --> 1.186103).  Saving model ...
Epoch: 9 cost time: 0.6041691303253174
gating_value: 0.0037037890031933786
Epoch: 9, Steps: 4 | Train Loss: 1.336 Vali Loss: 1.320 Vali Acc: 0.500 Test Loss: 1.298 Test Acc: 0.360
EarlyStopping counter: 1 out of 10
Epoch: 10 cost time: 0.587338924407959
gating_value: 0.003703827580126623
Epoch: 10, Steps: 4 | Train Loss: 1.167 Vali Loss: 1.126 Vali Acc: 0.560 Test Loss: 1.269 Test Acc: 0.380
Validation loss decreased (1.186103 --> 1.125750).  Saving model ...
Epoch: 11 cost time: 0.6668663024902344
gating_value: 0.003703890199152132
Epoch: 11, Steps: 4 | Train Loss: 1.102 Vali Loss: 1.030 Vali Acc: 0.600 Test Loss: 1.253 Test Acc: 0.400
Validation loss decreased (1.125750 --> 1.029668).  Saving model ...
Epoch: 12 cost time: 0.6267869472503662
gating_value: 0.0037039960362017154
Epoch: 12, Steps: 4 | Train Loss: 0.990 Vali Loss: 1.019 Vali Acc: 0.600 Test Loss: 1.253 Test Acc: 0.400
Validation loss decreased (1.029668 --> 1.018974).  Saving model ...
Epoch: 13 cost time: 0.5967488288879395
gating_value: 0.00370412721298635
Epoch: 13, Steps: 4 | Train Loss: 0.862 Vali Loss: 1.168 Vali Acc: 0.660 Test Loss: 1.242 Test Acc: 0.400
EarlyStopping counter: 1 out of 10
Epoch: 14 cost time: 0.60494065284729
gating_value: 0.0037042867749308545
Epoch: 14, Steps: 4 | Train Loss: 0.980 Vali Loss: 0.904 Vali Acc: 0.620 Test Loss: 1.226 Test Acc: 0.420
Validation loss decreased (1.018974 --> 0.904469).  Saving model ...
Epoch: 15 cost time: 0.6267733573913574
gating_value: 0.003704500935661296
Epoch: 15, Steps: 4 | Train Loss: 0.857 Vali Loss: 1.000 Vali Acc: 0.720 Test Loss: 1.178 Test Acc: 0.440
EarlyStopping counter: 1 out of 10
Epoch: 16 cost time: 0.6073899269104004
gating_value: 0.0037047812792782983
Epoch: 16, Steps: 4 | Train Loss: 0.743 Vali Loss: 0.862 Vali Acc: 0.700 Test Loss: 1.205 Test Acc: 0.420
Validation loss decreased (0.904469 --> 0.862091).  Saving model ...
Epoch: 17 cost time: 0.7060670852661133
gating_value: 0.0037051026895642282
Epoch: 17, Steps: 4 | Train Loss: 0.890 Vali Loss: 0.827 Vali Acc: 0.840 Test Loss: 1.201 Test Acc: 0.420
Validation loss decreased (0.862091 --> 0.826745).  Saving model ...
Epoch: 18 cost time: 0.626521110534668
gating_value: 0.0037053948609779277
Epoch: 18, Steps: 4 | Train Loss: 0.853 Vali Loss: 0.639 Vali Acc: 0.860 Test Loss: 1.257 Test Acc: 0.380
Validation loss decreased (0.826745 --> 0.638732).  Saving model ...
Epoch: 19 cost time: 0.6389422416687012
gating_value: 0.0037057785922661422
Epoch: 19, Steps: 4 | Train Loss: 0.683 Vali Loss: 0.807 Vali Acc: 0.880 Test Loss: 1.240 Test Acc: 0.420
EarlyStopping counter: 1 out of 10
Epoch: 20 cost time: 0.6141579151153564
gating_value: 0.0037060849632446964
Epoch: 20, Steps: 4 | Train Loss: 0.888 Vali Loss: 0.783 Vali Acc: 0.880 Test Loss: 1.191 Test Acc: 0.380
EarlyStopping counter: 2 out of 10
Epoch: 21 cost time: 0.6903212070465088
gating_value: 0.0037066376411045592
Epoch: 21, Steps: 4 | Train Loss: 0.673 Vali Loss: 0.512 Vali Acc: 0.920 Test Loss: 1.233 Test Acc: 0.380
Validation loss decreased (0.638732 --> 0.511871).  Saving model ...
Epoch: 22 cost time: 0.5918903350830078
gating_value: 0.003707405384629965
Epoch: 22, Steps: 4 | Train Loss: 0.719 Vali Loss: 0.526 Vali Acc: 0.900 Test Loss: 1.241 Test Acc: 0.440
EarlyStopping counter: 1 out of 10
Epoch: 23 cost time: 0.6146302223205566
gating_value: 0.0037081521330401303
Epoch: 23, Steps: 4 | Train Loss: 0.554 Vali Loss: 0.627 Vali Acc: 0.920 Test Loss: 1.242 Test Acc: 0.400
EarlyStopping counter: 2 out of 10
Epoch: 24 cost time: 0.6282405853271484
gating_value: 0.0037087570146347084
Epoch: 24, Steps: 4 | Train Loss: 0.828 Vali Loss: 0.556 Vali Acc: 0.940 Test Loss: 1.236 Test Acc: 0.360
EarlyStopping counter: 3 out of 10
Epoch: 25 cost time: 0.5810472965240479
gating_value: 0.003709976711931328
Epoch: 25, Steps: 4 | Train Loss: 0.534 Vali Loss: 0.379 Vali Acc: 0.960 Test Loss: 1.222 Test Acc: 0.380
Validation loss decreased (0.511871 --> 0.378750).  Saving model ...
Epoch: 26 cost time: 0.5856833457946777
gating_value: 0.0037114521348848937
Epoch: 26, Steps: 4 | Train Loss: 0.484 Vali Loss: 0.486 Vali Acc: 0.960 Test Loss: 1.203 Test Acc: 0.440
EarlyStopping counter: 1 out of 10
Epoch: 27 cost time: 0.58370041847229
gating_value: 0.003712095458370944
Epoch: 27, Steps: 4 | Train Loss: 0.462 Vali Loss: 0.494 Vali Acc: 0.960 Test Loss: 1.279 Test Acc: 0.460
EarlyStopping counter: 2 out of 10
Epoch: 28 cost time: 0.6302545070648193
gating_value: 0.0037139582509795824
Epoch: 28, Steps: 4 | Train Loss: 0.380 Vali Loss: 0.311 Vali Acc: 0.960 Test Loss: 1.167 Test Acc: 0.520
Validation loss decreased (0.378750 --> 0.310701).  Saving model ...
Epoch: 29 cost time: 0.6320242881774902
gating_value: 0.003716204487718642
Epoch: 29, Steps: 4 | Train Loss: 0.451 Vali Loss: 0.335 Vali Acc: 0.920 Test Loss: 1.207 Test Acc: 0.560
EarlyStopping counter: 1 out of 10
Epoch: 30 cost time: 0.5840802192687988
gating_value: 0.003717549730402728
Epoch: 30, Steps: 4 | Train Loss: 0.341 Vali Loss: 0.323 Vali Acc: 0.960 Test Loss: 1.152 Test Acc: 0.520
EarlyStopping counter: 2 out of 10
Epoch: 31 cost time: 0.5747687816619873
gating_value: 0.003719551114675899
Epoch: 31, Steps: 4 | Train Loss: 0.375 Vali Loss: 0.247 Vali Acc: 0.960 Test Loss: 1.121 Test Acc: 0.560
Validation loss decreased (0.310701 --> 0.246802).  Saving model ...
Epoch: 32 cost time: 0.5759255886077881
gating_value: 0.0037219667760655284
Epoch: 32, Steps: 4 | Train Loss: 0.293 Vali Loss: 0.305 Vali Acc: 0.940 Test Loss: 1.141 Test Acc: 0.520
EarlyStopping counter: 1 out of 10
Epoch: 33 cost time: 0.6179070472717285
gating_value: 0.003722564719306926
Epoch: 33, Steps: 4 | Train Loss: 0.375 Vali Loss: 0.235 Vali Acc: 0.980 Test Loss: 1.144 Test Acc: 0.520
Validation loss decreased (0.246802 --> 0.235373).  Saving model ...
Epoch: 34 cost time: 0.6207342147827148
gating_value: 0.003721374433177213
Epoch: 34, Steps: 4 | Train Loss: 0.247 Vali Loss: 0.234 Vali Acc: 0.980 Test Loss: 1.233 Test Acc: 0.500
Validation loss decreased (0.235373 --> 0.233730).  Saving model ...
Epoch: 35 cost time: 0.6352102756500244
gating_value: 0.0037241089592377347
Epoch: 35, Steps: 4 | Train Loss: 0.293 Vali Loss: 0.179 Vali Acc: 0.960 Test Loss: 1.303 Test Acc: 0.540
Validation loss decreased (0.233730 --> 0.178893).  Saving model ...
Epoch: 36 cost time: 0.62493896484375
gating_value: 0.0037285348990311225
Epoch: 36, Steps: 4 | Train Loss: 0.261 Vali Loss: 0.329 Vali Acc: 0.980 Test Loss: 1.109 Test Acc: 0.560
EarlyStopping counter: 1 out of 10
Epoch: 37 cost time: 0.6490113735198975
gating_value: 0.003731073054174582
Epoch: 37, Steps: 4 | Train Loss: 0.230 Vali Loss: 0.214 Vali Acc: 0.980 Test Loss: 1.174 Test Acc: 0.540
EarlyStopping counter: 2 out of 10
Epoch: 38 cost time: 0.5653984546661377
gating_value: 0.003732086148423453
Epoch: 38, Steps: 4 | Train Loss: 0.293 Vali Loss: 0.176 Vali Acc: 1.000 Test Loss: 1.202 Test Acc: 0.480
Validation loss decreased (0.178893 --> 0.176091).  Saving model ...
Epoch: 39 cost time: 0.7173905372619629
gating_value: 0.0037334709987044334
Epoch: 39, Steps: 4 | Train Loss: 0.247 Vali Loss: 0.153 Vali Acc: 1.000 Test Loss: 1.064 Test Acc: 0.560
Validation loss decreased (0.176091 --> 0.153140).  Saving model ...
Epoch: 40 cost time: 0.5809187889099121
gating_value: 0.003735174974426627
Epoch: 40, Steps: 4 | Train Loss: 0.173 Vali Loss: 0.168 Vali Acc: 1.000 Test Loss: 1.015 Test Acc: 0.580
EarlyStopping counter: 1 out of 10
Epoch: 41 cost time: 0.5749459266662598
gating_value: 0.0037360608701904616
Epoch: 41, Steps: 4 | Train Loss: 0.160 Vali Loss: 0.128 Vali Acc: 0.980 Test Loss: 1.043 Test Acc: 0.600
Validation loss decreased (0.153140 --> 0.128202).  Saving model ...
Epoch: 42 cost time: 0.5551884174346924
gating_value: 0.0037362802991022666
Epoch: 42, Steps: 4 | Train Loss: 0.181 Vali Loss: 0.138 Vali Acc: 0.980 Test Loss: 1.071 Test Acc: 0.620
EarlyStopping counter: 1 out of 10
Epoch: 43 cost time: 0.5966293811798096
gating_value: 0.0037377389799803495
Epoch: 43, Steps: 4 | Train Loss: 0.143 Vali Loss: 0.108 Vali Acc: 1.000 Test Loss: 1.095 Test Acc: 0.640
Validation loss decreased (0.128202 --> 0.108213).  Saving model ...
Epoch: 44 cost time: 0.569697380065918
gating_value: 0.003739839494228363
Epoch: 44, Steps: 4 | Train Loss: 0.110 Vali Loss: 0.100 Vali Acc: 1.000 Test Loss: 1.145 Test Acc: 0.560
Validation loss decreased (0.108213 --> 0.099662).  Saving model ...
Epoch: 45 cost time: 0.609245777130127
gating_value: 0.0037411096567908923
Epoch: 45, Steps: 4 | Train Loss: 0.187 Vali Loss: 0.119 Vali Acc: 1.000 Test Loss: 1.155 Test Acc: 0.560
EarlyStopping counter: 1 out of 10
Epoch: 46 cost time: 0.5768680572509766
gating_value: 0.0037427201385920247
Epoch: 46, Steps: 4 | Train Loss: 0.101 Vali Loss: 0.096 Vali Acc: 1.000 Test Loss: 1.091 Test Acc: 0.600
Validation loss decreased (0.099662 --> 0.096066).  Saving model ...
Epoch: 47 cost time: 0.6084339618682861
gating_value: 0.003745189285837114
Epoch: 47, Steps: 4 | Train Loss: 0.108 Vali Loss: 0.096 Vali Acc: 1.000 Test Loss: 1.092 Test Acc: 0.600
Validation loss decreased (0.096066 --> 0.095709).  Saving model ...
Epoch: 48 cost time: 0.5621778964996338
gating_value: 0.003747128297885259
Epoch: 48, Steps: 4 | Train Loss: 0.117 Vali Loss: 0.075 Vali Acc: 1.000 Test Loss: 1.111 Test Acc: 0.640
Validation loss decreased (0.095709 --> 0.074686).  Saving model ...
Epoch: 49 cost time: 0.5682938098907471
gating_value: 0.003750655654196938
Epoch: 49, Steps: 4 | Train Loss: 0.096 Vali Loss: 0.096 Vali Acc: 1.000 Test Loss: 1.060 Test Acc: 0.620
EarlyStopping counter: 1 out of 10
Epoch: 50 cost time: 0.5937175750732422
gating_value: 0.00375457387107114
Epoch: 50, Steps: 4 | Train Loss: 0.081 Vali Loss: 0.092 Vali Acc: 1.000 Test Loss: 1.115 Test Acc: 0.560
EarlyStopping counter: 2 out of 10
Epoch: 51 cost time: 0.7141103744506836
gating_value: 0.0037558318581432104
Epoch: 51, Steps: 4 | Train Loss: 0.091 Vali Loss: 0.069 Vali Acc: 1.000 Test Loss: 1.141 Test Acc: 0.580
Validation loss decreased (0.074686 --> 0.068972).  Saving model ...
Epoch: 52 cost time: 0.6053507328033447
gating_value: 0.0037554955699791513
Epoch: 52, Steps: 4 | Train Loss: 0.094 Vali Loss: 0.067 Vali Acc: 1.000 Test Loss: 1.219 Test Acc: 0.560
Validation loss decreased (0.068972 --> 0.066571).  Saving model ...
Epoch: 53 cost time: 0.7077527046203613
gating_value: 0.0037574100556472937
Epoch: 53, Steps: 4 | Train Loss: 0.075 Vali Loss: 0.066 Vali Acc: 1.000 Test Loss: 1.221 Test Acc: 0.520
Validation loss decreased (0.066571 --> 0.066466).  Saving model ...
Epoch: 54 cost time: 0.6798655986785889
gating_value: 0.0037600447610020636
Epoch: 54, Steps: 4 | Train Loss: 0.082 Vali Loss: 0.059 Vali Acc: 1.000 Test Loss: 1.196 Test Acc: 0.540
Validation loss decreased (0.066466 --> 0.059158).  Saving model ...
Epoch: 55 cost time: 0.5529434680938721
gating_value: 0.0037624389848982293
Epoch: 55, Steps: 4 | Train Loss: 0.111 Vali Loss: 0.056 Vali Acc: 1.000 Test Loss: 1.148 Test Acc: 0.540
Validation loss decreased (0.059158 --> 0.055553).  Saving model ...
Epoch: 56 cost time: 0.637606143951416
gating_value: 0.0037635966343805196
Epoch: 56, Steps: 4 | Train Loss: 0.067 Vali Loss: 0.049 Vali Acc: 1.000 Test Loss: 1.098 Test Acc: 0.600
Validation loss decreased (0.055553 --> 0.049446).  Saving model ...
Epoch: 57 cost time: 0.5958940982818604
gating_value: 0.0037649842522417504
Epoch: 57, Steps: 4 | Train Loss: 0.064 Vali Loss: 0.059 Vali Acc: 1.000 Test Loss: 1.102 Test Acc: 0.600
EarlyStopping counter: 1 out of 10
Epoch: 58 cost time: 0.6401808261871338
gating_value: 0.0037670371526231368
Epoch: 58, Steps: 4 | Train Loss: 0.060 Vali Loss: 0.048 Vali Acc: 1.000 Test Loss: 1.111 Test Acc: 0.580
Validation loss decreased (0.049446 --> 0.047979).  Saving model ...
Epoch: 59 cost time: 0.5961112976074219
gating_value: 0.0037677173347522813
Epoch: 59, Steps: 4 | Train Loss: 0.058 Vali Loss: 0.038 Vali Acc: 1.000 Test Loss: 1.111 Test Acc: 0.600
Validation loss decreased (0.047979 --> 0.038086).  Saving model ...
Epoch: 60 cost time: 0.6083130836486816
gating_value: 0.0037693641784911354
Epoch: 60, Steps: 4 | Train Loss: 0.057 Vali Loss: 0.036 Vali Acc: 1.000 Test Loss: 1.118 Test Acc: 0.600
Validation loss decreased (0.038086 --> 0.036209).  Saving model ...
Epoch: 61 cost time: 0.5962526798248291
gating_value: 0.0037700178986415267
Epoch: 61, Steps: 4 | Train Loss: 0.047 Vali Loss: 0.053 Vali Acc: 1.000 Test Loss: 1.186 Test Acc: 0.580
EarlyStopping counter: 1 out of 10
Epoch: 62 cost time: 0.6394064426422119
gating_value: 0.003772848032725354
Epoch: 62, Steps: 4 | Train Loss: 0.055 Vali Loss: 0.039 Vali Acc: 1.000 Test Loss: 1.202 Test Acc: 0.560
EarlyStopping counter: 2 out of 10
Epoch: 63 cost time: 0.5780420303344727
gating_value: 0.0037755877897143364
Epoch: 63, Steps: 4 | Train Loss: 0.050 Vali Loss: 0.033 Vali Acc: 1.000 Test Loss: 1.249 Test Acc: 0.560
Validation loss decreased (0.036209 --> 0.033356).  Saving model ...
Epoch: 64 cost time: 0.6198534965515137
gating_value: 0.0037780416679258147
Epoch: 64, Steps: 4 | Train Loss: 0.037 Vali Loss: 0.033 Vali Acc: 1.000 Test Loss: 1.304 Test Acc: 0.540
Validation loss decreased (0.033356 --> 0.033106).  Saving model ...
Epoch: 65 cost time: 0.5883448123931885
gating_value: 0.0037798764323815704
Epoch: 65, Steps: 4 | Train Loss: 0.047 Vali Loss: 0.030 Vali Acc: 1.000 Test Loss: 1.325 Test Acc: 0.520
Validation loss decreased (0.033106 --> 0.029715).  Saving model ...
Epoch: 66 cost time: 0.6087498664855957
gating_value: 0.0037815711212654908
Epoch: 66, Steps: 4 | Train Loss: 0.036 Vali Loss: 0.026 Vali Acc: 1.000 Test Loss: 1.303 Test Acc: 0.520
Validation loss decreased (0.029715 --> 0.026475).  Saving model ...
Epoch: 67 cost time: 0.5812349319458008
gating_value: 0.003782791346311569
Epoch: 67, Steps: 4 | Train Loss: 0.031 Vali Loss: 0.028 Vali Acc: 1.000 Test Loss: 1.285 Test Acc: 0.520
EarlyStopping counter: 1 out of 10
Epoch: 68 cost time: 0.6572103500366211
gating_value: 0.003783821443406244
Epoch: 68, Steps: 4 | Train Loss: 0.031 Vali Loss: 0.028 Vali Acc: 1.000 Test Loss: 1.285 Test Acc: 0.540
EarlyStopping counter: 2 out of 10
Epoch: 69 cost time: 0.6677987575531006
gating_value: 0.0037848776935910187
Epoch: 69, Steps: 4 | Train Loss: 0.033 Vali Loss: 0.024 Vali Acc: 1.000 Test Loss: 1.281 Test Acc: 0.540
Validation loss decreased (0.026475 --> 0.024378).  Saving model ...
Epoch: 70 cost time: 0.5994272232055664
gating_value: 0.0037870188631738224
Epoch: 70, Steps: 4 | Train Loss: 0.028 Vali Loss: 0.027 Vali Acc: 1.000 Test Loss: 1.246 Test Acc: 0.560
EarlyStopping counter: 1 out of 10
Epoch: 71 cost time: 0.6436095237731934
gating_value: 0.003788538558098177
Epoch: 71, Steps: 4 | Train Loss: 0.032 Vali Loss: 0.030 Vali Acc: 1.000 Test Loss: 1.237 Test Acc: 0.580
EarlyStopping counter: 2 out of 10
Epoch: 72 cost time: 0.6862282752990723
gating_value: 0.003790258465645214
Epoch: 72, Steps: 4 | Train Loss: 0.025 Vali Loss: 0.022 Vali Acc: 1.000 Test Loss: 1.245 Test Acc: 0.560
Validation loss decreased (0.024378 --> 0.022423).  Saving model ...
Epoch: 73 cost time: 0.5819292068481445
gating_value: 0.0037917603924870493
Epoch: 73, Steps: 4 | Train Loss: 0.029 Vali Loss: 0.026 Vali Acc: 1.000 Test Loss: 1.239 Test Acc: 0.560
EarlyStopping counter: 1 out of 10
Epoch: 74 cost time: 0.5984160900115967
gating_value: 0.0037931064997489255
Epoch: 74, Steps: 4 | Train Loss: 0.025 Vali Loss: 0.024 Vali Acc: 1.000 Test Loss: 1.179 Test Acc: 0.560
EarlyStopping counter: 2 out of 10
Epoch: 75 cost time: 0.7042059898376465
gating_value: 0.0037930108358462653
Epoch: 75, Steps: 4 | Train Loss: 0.026 Vali Loss: 0.019 Vali Acc: 1.000 Test Loss: 1.196 Test Acc: 0.560
Validation loss decreased (0.022423 --> 0.019301).  Saving model ...
Epoch: 76 cost time: 0.593641996383667
gating_value: 0.003793215419476231
Epoch: 76, Steps: 4 | Train Loss: 0.022 Vali Loss: 0.021 Vali Acc: 1.000 Test Loss: 1.216 Test Acc: 0.540
EarlyStopping counter: 1 out of 10
Epoch: 77 cost time: 0.5516066551208496
gating_value: 0.0037938685559978087
Epoch: 77, Steps: 4 | Train Loss: 0.024 Vali Loss: 0.022 Vali Acc: 1.000 Test Loss: 1.240 Test Acc: 0.540
EarlyStopping counter: 2 out of 10
Epoch: 78 cost time: 0.6076004505157471
gating_value: 0.0037947921687737107
Epoch: 78, Steps: 4 | Train Loss: 0.022 Vali Loss: 0.022 Vali Acc: 1.000 Test Loss: 1.265 Test Acc: 0.540
EarlyStopping counter: 3 out of 10
Epoch: 79 cost time: 0.7025802135467529
gating_value: 0.003795839819746713
Epoch: 79, Steps: 4 | Train Loss: 0.021 Vali Loss: 0.023 Vali Acc: 1.000 Test Loss: 1.258 Test Acc: 0.540
EarlyStopping counter: 4 out of 10
Epoch: 80 cost time: 0.6204440593719482
gating_value: 0.0037977374686549107
Epoch: 80, Steps: 4 | Train Loss: 0.022 Vali Loss: 0.016 Vali Acc: 1.000 Test Loss: 1.227 Test Acc: 0.540
Validation loss decreased (0.019301 --> 0.015853).  Saving model ...
Epoch: 81 cost time: 0.5827829837799072
gating_value: 0.0038006796113525827
Epoch: 81, Steps: 4 | Train Loss: 0.019 Vali Loss: 0.016 Vali Acc: 1.000 Test Loss: 1.221 Test Acc: 0.580
EarlyStopping counter: 1 out of 10
Epoch: 82 cost time: 0.6796977519989014
gating_value: 0.003802898245242735
Epoch: 82, Steps: 4 | Train Loss: 0.020 Vali Loss: 0.016 Vali Acc: 1.000 Test Loss: 1.239 Test Acc: 0.560
EarlyStopping counter: 2 out of 10
Epoch: 83 cost time: 0.599529504776001
gating_value: 0.0038030049639443558
Epoch: 83, Steps: 4 | Train Loss: 0.020 Vali Loss: 0.022 Vali Acc: 1.000 Test Loss: 1.247 Test Acc: 0.560
EarlyStopping counter: 3 out of 10
Epoch: 84 cost time: 0.5896651744842529
gating_value: 0.0038037821759159367
Epoch: 84, Steps: 4 | Train Loss: 0.017 Vali Loss: 0.015 Vali Acc: 1.000 Test Loss: 1.251 Test Acc: 0.580
Validation loss decreased (0.015853 --> 0.015210).  Saving model ...
Epoch: 85 cost time: 0.6343190670013428
gating_value: 0.00380440851363043
Epoch: 85, Steps: 4 | Train Loss: 0.017 Vali Loss: 0.015 Vali Acc: 1.000 Test Loss: 1.297 Test Acc: 0.560
EarlyStopping counter: 1 out of 10
Epoch: 86 cost time: 0.5785706043243408
gating_value: 0.0038055793925498922
Epoch: 86, Steps: 4 | Train Loss: 0.018 Vali Loss: 0.013 Vali Acc: 1.000 Test Loss: 1.346 Test Acc: 0.560
Validation loss decreased (0.015210 --> 0.013289).  Saving model ...
Epoch: 87 cost time: 0.6129176616668701
gating_value: 0.0038069349077219762
Epoch: 87, Steps: 4 | Train Loss: 0.016 Vali Loss: 0.016 Vali Acc: 1.000 Test Loss: 1.338 Test Acc: 0.560
EarlyStopping counter: 1 out of 10
Epoch: 88 cost time: 0.5829262733459473
gating_value: 0.003807359564428528
Epoch: 88, Steps: 4 | Train Loss: 0.017 Vali Loss: 0.013 Vali Acc: 1.000 Test Loss: 1.307 Test Acc: 0.540
Validation loss decreased (0.013289 --> 0.012989).  Saving model ...
Epoch: 89 cost time: 0.6145496368408203
gating_value: 0.003807957395911217
Epoch: 89, Steps: 4 | Train Loss: 0.016 Vali Loss: 0.013 Vali Acc: 1.000 Test Loss: 1.271 Test Acc: 0.560
EarlyStopping counter: 1 out of 10
Epoch: 90 cost time: 0.5826506614685059
gating_value: 0.0038086299768959483
Epoch: 90, Steps: 4 | Train Loss: 0.015 Vali Loss: 0.013 Vali Acc: 1.000 Test Loss: 1.272 Test Acc: 0.580
EarlyStopping counter: 2 out of 10
Epoch: 91 cost time: 0.6246447563171387
gating_value: 0.003809183409127096
Epoch: 91, Steps: 4 | Train Loss: 0.015 Vali Loss: 0.012 Vali Acc: 1.000 Test Loss: 1.280 Test Acc: 0.580
Validation loss decreased (0.012989 --> 0.012310).  Saving model ...
Epoch: 92 cost time: 0.5793294906616211
gating_value: 0.003809342921401064
Epoch: 92, Steps: 4 | Train Loss: 0.016 Vali Loss: 0.012 Vali Acc: 1.000 Test Loss: 1.284 Test Acc: 0.580
Validation loss decreased (0.012310 --> 0.011856).  Saving model ...
Epoch: 93 cost time: 0.6241240501403809
gating_value: 0.003809342412278056
Epoch: 93, Steps: 4 | Train Loss: 0.014 Vali Loss: 0.012 Vali Acc: 1.000 Test Loss: 1.254 Test Acc: 0.580
EarlyStopping counter: 1 out of 10
Epoch: 94 cost time: 0.6088962554931641
gating_value: 0.0038089528307318687
Epoch: 94, Steps: 4 | Train Loss: 0.017 Vali Loss: 0.012 Vali Acc: 1.000 Test Loss: 1.247 Test Acc: 0.600
Validation loss decreased (0.011856 --> 0.011739).  Saving model ...
Epoch: 95 cost time: 0.6060011386871338
gating_value: 0.0038102973516409597
Epoch: 95, Steps: 4 | Train Loss: 0.016 Vali Loss: 0.013 Vali Acc: 1.000 Test Loss: 1.239 Test Acc: 0.600
EarlyStopping counter: 1 out of 10
Epoch: 96 cost time: 0.6031992435455322
gating_value: 0.0038122764773045976
Epoch: 96, Steps: 4 | Train Loss: 0.015 Vali Loss: 0.013 Vali Acc: 1.000 Test Loss: 1.264 Test Acc: 0.600
EarlyStopping counter: 2 out of 10
Epoch: 97 cost time: 0.5551149845123291
gating_value: 0.0038138462618614237
Epoch: 97, Steps: 4 | Train Loss: 0.012 Vali Loss: 0.012 Vali Acc: 1.000 Test Loss: 1.310 Test Acc: 0.580
EarlyStopping counter: 3 out of 10
Epoch: 98 cost time: 0.5926434993743896
gating_value: 0.0038137477294852336
Epoch: 98, Steps: 4 | Train Loss: 0.017 Vali Loss: 0.010 Vali Acc: 1.000 Test Loss: 1.309 Test Acc: 0.580
Validation loss decreased (0.011739 --> 0.009694).  Saving model ...
Epoch: 99 cost time: 0.5895261764526367
gating_value: 0.003814025403310855
Epoch: 99, Steps: 4 | Train Loss: 0.012 Vali Loss: 0.011 Vali Acc: 1.000 Test Loss: 1.287 Test Acc: 0.580
EarlyStopping counter: 1 out of 10
Epoch: 100 cost time: 0.6139867305755615
gating_value: 0.0038139803521335127
Epoch: 100, Steps: 4 | Train Loss: 0.012 Vali Loss: 0.010 Vali Acc: 1.000 Test Loss: 1.266 Test Acc: 0.580
EarlyStopping counter: 2 out of 10
>>>>>>>testing : classification_CLS_DuckDuckGeese_MambaSingleLayer_UEA_ftM_sl270_ll0_pl0_dm64_ds1_expand1_dc4_nk6_tvdt1_tvB1_tvC1_useD0_trainlossonly_2<<<<<<<<<<<<<<<<<<<<<<<<<<<<<<<<<
test shape: torch.Size([50, 5]) torch.Size([50, 1])
gating_value: 0.0038590625021606684
accuracy:0.58
model parameter : 530824
model size : 3.25MB
