Using GPU
Args in experiment:
[1mBasic Config[0m
  Task Name:          classification_trainlossonlyIs Training:        0                   
  Model ID:           CLS_Cricket         Model:              MambaSingleLayer    

[1mData Loader[0m
  Data:               UEA                 Root Path:          /data/yoom618/TSLib/dataset/Cricket
  Data Path:          ETTh1.csv           Features:           M                   
  Target:             OT                  Freq:               h                   
  Checkpoints:        /data/yoom618/TSLib/MambaSL (inceptiontime-setting, 2 more trials)

[1mModel Parameters[0m
  Top k:              5                   Num Kernels:        24                  
  Enc In:             7                   Dec In:             7                   
  C Out:              7                   d model:            128                 
  n heads:            8                   e layers:           2                   
  d layers:           1                   d FF:               8                   
  Moving Avg:         25                  Factor:             1                   
  Distil:             1                   Dropout:            0.1                 
  Embed:              timeF               Activation:         gelu                

[1mRun Parameters[0m
  Num Workers:        10                  Itr:                2                   
  Train Epochs:       100                 Batch Size:         16                  
  Patience:           10                  Learning Rate:      0.001               
  Des:                trainlossonly       Loss:               MSE                 
  Lradj:              type1               Use Amp:            0                   

[1mGPU[0m
  Use GPU:            1                   GPU:                0                   
  Use Multi GPU:      0                   Devices:            0,1,2,3             

[1mDe-stationary Projector Params[0m
  P Hidden Dims:      128, 128            P Hidden Layers:    2                   

108
72
>>>>>>>testing : classification_CLS_Cricket_MambaSingleLayer_UEA_ftM_sl1197_ll0_pl0_dm128_ds8_expand1_dc4_nk24_tvdt0_tvB1_tvC0_useD0_trainlossonly_1<<<<<<<<<<<<<<<<<<<<<<<<<<<<<<<<<
loading model
test shape: torch.Size([72, 12]) torch.Size([72, 1])
gating_value: 0.0018675826771262412
accuracy:1.0
model parameter : 75272
model size : 2.73MB
108
72
>>>>>>>testing : classification_CLS_Cricket_MambaSingleLayer_UEA_ftM_sl1197_ll0_pl0_dm128_ds8_expand1_dc4_nk24_tvdt0_tvB1_tvC0_useD0_trainlossonly_2<<<<<<<<<<<<<<<<<<<<<<<<<<<<<<<<<
loading model
test shape: torch.Size([72, 12]) torch.Size([72, 1])
gating_value: 0.0015154538381870629
accuracy:1.0
model parameter : 75272
model size : 2.73MB
Using GPU
Args in experiment:
[1mBasic Config[0m
  Task Name:          classification_trainlossonlyIs Training:        0                   
  Model ID:           CLS_Cricket         Model:              MambaSingleLayer    

[1mData Loader[0m
  Data:               UEA                 Root Path:          /data/yoom618/TSLib/dataset/Cricket
  Data Path:          ETTh1.csv           Features:           M                   
  Target:             OT                  Freq:               h                   
  Checkpoints:        /data/yoom618/TSLib/MambaSL (inceptiontime-setting, 2 more trials)

[1mModel Parameters[0m
  Top k:              5                   Num Kernels:        24                  
  Enc In:             7                   Dec In:             7                   
  C Out:              7                   d model:            256                 
  n heads:            8                   e layers:           2                   
  d layers:           1                   d FF:               16                  
  Moving Avg:         25                  Factor:             1                   
  Distil:             1                   Dropout:            0.1                 
  Embed:              timeF               Activation:         gelu                

[1mRun Parameters[0m
  Num Workers:        10                  Itr:                2                   
  Train Epochs:       100                 Batch Size:         16                  
  Patience:           10                  Learning Rate:      0.001               
  Des:                trainlossonly       Loss:               MSE                 
  Lradj:              type1               Use Amp:            0                   

[1mGPU[0m
  Use GPU:            1                   GPU:                0                   
  Use Multi GPU:      0                   Devices:            0,1,2,3             

[1mDe-stationary Projector Params[0m
  P Hidden Dims:      128, 128            P Hidden Layers:    2                   

108
72
>>>>>>>testing : classification_CLS_Cricket_MambaSingleLayer_UEA_ftM_sl1197_ll0_pl0_dm256_ds16_expand1_dc4_nk24_tvdt1_tvB1_tvC1_useD0_trainlossonly_1<<<<<<<<<<<<<<<<<<<<<<<<<<<<<<<<<
loading model
test shape: torch.Size([72, 12]) torch.Size([72, 1])
gating_value: 0.0014327996032079682
accuracy:1.0
model parameter : 261128
model size : 5.88MB
108
72
>>>>>>>testing : classification_CLS_Cricket_MambaSingleLayer_UEA_ftM_sl1197_ll0_pl0_dm256_ds16_expand1_dc4_nk24_tvdt1_tvB1_tvC1_useD0_trainlossonly_2<<<<<<<<<<<<<<<<<<<<<<<<<<<<<<<<<
loading model
test shape: torch.Size([72, 12]) torch.Size([72, 1])
gating_value: 0.0011698221238071306
accuracy:1.0
model parameter : 261128
model size : 5.88MB
