Using GPU
Args in experiment:
[1mBasic Config[0m
  Task Name:          classification_trainlossonlyIs Training:        0                   
  Model ID:           CLS_PhonemeSpectra  Model:              MambaSingleLayer    

[1mData Loader[0m
  Data:               UEA                 Root Path:          /data/yoom618/TSLib/dataset/PhonemeSpectra
  Data Path:          ETTh1.csv           Features:           M                   
  Target:             OT                  Freq:               h                   
  Checkpoints:        /data/yoom618/TSLib/MambaSL (inceptiontime-setting, 2 more trials)

[1mModel Parameters[0m
  Top k:              5                   Num Kernels:        5                   
  Enc In:             7                   Dec In:             7                   
  C Out:              7                   d model:            32                  
  n heads:            8                   e layers:           2                   
  d layers:           1                   d FF:               8                   
  Moving Avg:         25                  Factor:             1                   
  Distil:             1                   Dropout:            0.1                 
  Embed:              timeF               Activation:         gelu                

[1mRun Parameters[0m
  Num Workers:        10                  Itr:                2                   
  Train Epochs:       100                 Batch Size:         16                  
  Patience:           10                  Learning Rate:      0.001               
  Des:                trainlossonly       Loss:               MSE                 
  Lradj:              type1               Use Amp:            0                   

[1mGPU[0m
  Use GPU:            1                   GPU:                0                   
  Use Multi GPU:      0                   Devices:            0,1,2,3             

[1mDe-stationary Projector Params[0m
  P Hidden Dims:      128, 128            P Hidden Layers:    2                   

3315
3353
>>>>>>>testing : classification_CLS_PhonemeSpectra_MambaSingleLayer_UEA_ftM_sl217_ll0_pl0_dm32_ds8_expand1_dc4_nk5_tvdt1_tvB1_tvC1_useD0_trainlossonly_1<<<<<<<<<<<<<<<<<<<<<<<<<<<<<<<<<
loading model
test shape: torch.Size([3353, 39]) torch.Size([3353, 1])
gating_value: 0.03517408689840641
accuracy:0.2869072472412765
model parameter : 7496
model size : 0.64MB
3315
3353
>>>>>>>testing : classification_CLS_PhonemeSpectra_MambaSingleLayer_UEA_ftM_sl217_ll0_pl0_dm32_ds8_expand1_dc4_nk5_tvdt1_tvB1_tvC1_useD0_trainlossonly_2<<<<<<<<<<<<<<<<<<<<<<<<<<<<<<<<<
loading model
test shape: torch.Size([3353, 39]) torch.Size([3353, 1])
gating_value: 0.03627264096512457
accuracy:0.2782582761705935
model parameter : 7496
model size : 0.64MB
