Using GPU
Args in experiment:
[1mBasic Config[0m
  Task Name:          classification_trainlossonlyIs Training:        0                   
  Model ID:           BeetleFly           Model:              MambaSingleLayer    

[1mData Loader[0m
  Data:               UEA                 Root Path:          /data/yoom618/TSLib/dataset_UCR/BeetleFly
  Data Path:          ETTh1.csv           Features:           M                   
  Target:             OT                  Freq:               h                   
  Checkpoints:        /data/yoom618/TSLib/checkpoints_best/MambaSL (UCR, inceptiontime-setting)

[1mModel Parameters[0m
  Top k:              5                   Num Kernels:        11                  
  Enc In:             7                   Dec In:             7                   
  C Out:              7                   d model:            128                 
  n heads:            8                   e layers:           2                   
  d layers:           1                   d FF:               1                   
  Moving Avg:         25                  Factor:             1                   
  Distil:             1                   Dropout:            0.1                 
  Embed:              timeF               Activation:         gelu                

[1mRun Parameters[0m
  Num Workers:        10                  Itr:                1                   
  Train Epochs:       100                 Batch Size:         16                  
  Patience:           10                  Learning Rate:      0.001               
  Des:                trainlossonly       Loss:               MSE                 
  Lradj:              type1               Use Amp:            0                   

[1mGPU[0m
  Use GPU:            1                   GPU:                0                   
  Use Multi GPU:      0                   Devices:            0,1,2,3             

[1mDe-stationary Projector Params[0m
  P Hidden Dims:      128, 128            P Hidden Layers:    2                   

20
20
>>>>>>>testing : classification_BeetleFly_MambaSingleLayer_UEA_ftM_sl512_ll0_pl0_dm128_ds1_expand1_dc4_nk11_tvdt0_tvB0_tvC1_useD0_trainlossonly_0<<<<<<<<<<<<<<<<<<<<<<<<<<<<<<<<<
loading model
test shape: torch.Size([20, 2]) torch.Size([20, 1])
gating_value: 0.001987139228731394
accuracy:0.9
model parameter : 54280
model size : 2.65MB
Using GPU
Args in experiment:
[1mBasic Config[0m
  Task Name:          classification_trainlossonlyIs Training:        0                   
  Model ID:           BeetleFly           Model:              MambaSingleLayer    

[1mData Loader[0m
  Data:               UEA                 Root Path:          /data/yoom618/TSLib/dataset_UCR/BeetleFly
  Data Path:          ETTh1.csv           Features:           M                   
  Target:             OT                  Freq:               h                   
  Checkpoints:        /data/yoom618/TSLib/checkpoints_best/MambaSL (UCR, inceptiontime-setting)

[1mModel Parameters[0m
  Top k:              5                   Num Kernels:        11                  
  Enc In:             7                   Dec In:             7                   
  C Out:              7                   d model:            128                 
  n heads:            8                   e layers:           2                   
  d layers:           1                   d FF:               1                   
  Moving Avg:         25                  Factor:             1                   
  Distil:             1                   Dropout:            0.1                 
  Embed:              timeF               Activation:         gelu                

[1mRun Parameters[0m
  Num Workers:        10                  Itr:                1                   
  Train Epochs:       100                 Batch Size:         16                  
  Patience:           10                  Learning Rate:      0.001               
  Des:                trainlossonly       Loss:               MSE                 
  Lradj:              type1               Use Amp:            0                   

[1mGPU[0m
  Use GPU:            1                   GPU:                0                   
  Use Multi GPU:      0                   Devices:            0,1,2,3             

[1mDe-stationary Projector Params[0m
  P Hidden Dims:      128, 128            P Hidden Layers:    2                   

20
20
>>>>>>>testing : classification_BeetleFly_MambaSingleLayer_UEA_ftM_sl512_ll0_pl0_dm128_ds1_expand1_dc4_nk11_tvdt1_tvB0_tvC1_useD0_trainlossonly_0<<<<<<<<<<<<<<<<<<<<<<<<<<<<<<<<<
loading model
test shape: torch.Size([20, 2]) torch.Size([20, 1])
gating_value: 0.0020471372990868986
accuracy:0.9
model parameter : 55304
model size : 2.66MB
Using GPU
Args in experiment:
[1mBasic Config[0m
  Task Name:          classification_trainlossonlyIs Training:        0                   
  Model ID:           BeetleFly           Model:              MambaSingleLayer    

[1mData Loader[0m
  Data:               UEA                 Root Path:          /data/yoom618/TSLib/dataset_UCR/BeetleFly
  Data Path:          ETTh1.csv           Features:           M                   
  Target:             OT                  Freq:               h                   
  Checkpoints:        /data/yoom618/TSLib/checkpoints_best/MambaSL (UCR, inceptiontime-setting)

[1mModel Parameters[0m
  Top k:              5                   Num Kernels:        11                  
  Enc In:             7                   Dec In:             7                   
  C Out:              7                   d model:            128                 
  n heads:            8                   e layers:           2                   
  d layers:           1                   d FF:               2                   
  Moving Avg:         25                  Factor:             1                   
  Distil:             1                   Dropout:            0.1                 
  Embed:              timeF               Activation:         gelu                

[1mRun Parameters[0m
  Num Workers:        10                  Itr:                1                   
  Train Epochs:       100                 Batch Size:         16                  
  Patience:           10                  Learning Rate:      0.001               
  Des:                trainlossonly       Loss:               MSE                 
  Lradj:              type1               Use Amp:            0                   

[1mGPU[0m
  Use GPU:            1                   GPU:                0                   
  Use Multi GPU:      0                   Devices:            0,1,2,3             

[1mDe-stationary Projector Params[0m
  P Hidden Dims:      128, 128            P Hidden Layers:    2                   

20
20
>>>>>>>testing : classification_BeetleFly_MambaSingleLayer_UEA_ftM_sl512_ll0_pl0_dm128_ds2_expand1_dc4_nk11_tvdt1_tvB0_tvC1_useD0_trainlossonly_0<<<<<<<<<<<<<<<<<<<<<<<<<<<<<<<<<
loading model
test shape: torch.Size([20, 2]) torch.Size([20, 1])
gating_value: 0.0020494823693297803
accuracy:0.9
model parameter : 55688
model size : 2.66MB
Using GPU
Args in experiment:
[1mBasic Config[0m
  Task Name:          classification_trainlossonlyIs Training:        0                   
  Model ID:           BeetleFly           Model:              MambaSingleLayer    

[1mData Loader[0m
  Data:               UEA                 Root Path:          /data/yoom618/TSLib/dataset_UCR/BeetleFly
  Data Path:          ETTh1.csv           Features:           M                   
  Target:             OT                  Freq:               h                   
  Checkpoints:        /data/yoom618/TSLib/checkpoints_best/MambaSL (UCR, inceptiontime-setting)

[1mModel Parameters[0m
  Top k:              5                   Num Kernels:        11                  
  Enc In:             7                   Dec In:             7                   
  C Out:              7                   d model:            128                 
  n heads:            8                   e layers:           2                   
  d layers:           1                   d FF:               8                   
  Moving Avg:         25                  Factor:             1                   
  Distil:             1                   Dropout:            0.1                 
  Embed:              timeF               Activation:         gelu                

[1mRun Parameters[0m
  Num Workers:        10                  Itr:                1                   
  Train Epochs:       100                 Batch Size:         16                  
  Patience:           10                  Learning Rate:      0.001               
  Des:                trainlossonly       Loss:               MSE                 
  Lradj:              type1               Use Amp:            0                   

[1mGPU[0m
  Use GPU:            1                   GPU:                0                   
  Use Multi GPU:      0                   Devices:            0,1,2,3             

[1mDe-stationary Projector Params[0m
  P Hidden Dims:      128, 128            P Hidden Layers:    2                   

20
20
>>>>>>>testing : classification_BeetleFly_MambaSingleLayer_UEA_ftM_sl512_ll0_pl0_dm128_ds8_expand1_dc4_nk11_tvdt1_tvB0_tvC1_useD0_trainlossonly_0<<<<<<<<<<<<<<<<<<<<<<<<<<<<<<<<<
loading model
test shape: torch.Size([20, 2]) torch.Size([20, 1])
gating_value: 0.002154735615476966
accuracy:0.9
model parameter : 57992
model size : 2.67MB
Using GPU
Args in experiment:
[1mBasic Config[0m
  Task Name:          classification_trainlossonlyIs Training:        0                   
  Model ID:           BeetleFly           Model:              MambaSingleLayer    

[1mData Loader[0m
  Data:               UEA                 Root Path:          /data/yoom618/TSLib/dataset_UCR/BeetleFly
  Data Path:          ETTh1.csv           Features:           M                   
  Target:             OT                  Freq:               h                   
  Checkpoints:        /data/yoom618/TSLib/checkpoints_best/MambaSL (UCR, inceptiontime-setting)

[1mModel Parameters[0m
  Top k:              5                   Num Kernels:        11                  
  Enc In:             7                   Dec In:             7                   
  C Out:              7                   d model:            256                 
  n heads:            8                   e layers:           2                   
  d layers:           1                   d FF:               2                   
  Moving Avg:         25                  Factor:             1                   
  Distil:             1                   Dropout:            0.1                 
  Embed:              timeF               Activation:         gelu                

[1mRun Parameters[0m
  Num Workers:        10                  Itr:                1                   
  Train Epochs:       100                 Batch Size:         16                  
  Patience:           10                  Learning Rate:      0.001               
  Des:                trainlossonly       Loss:               MSE                 
  Lradj:              type1               Use Amp:            0                   

[1mGPU[0m
  Use GPU:            1                   GPU:                0                   
  Use Multi GPU:      0                   Devices:            0,1,2,3             

[1mDe-stationary Projector Params[0m
  P Hidden Dims:      128, 128            P Hidden Layers:    2                   

20
20
>>>>>>>testing : classification_BeetleFly_MambaSingleLayer_UEA_ftM_sl512_ll0_pl0_dm256_ds2_expand1_dc4_nk11_tvdt0_tvB1_tvC1_useD0_trainlossonly_0<<<<<<<<<<<<<<<<<<<<<<<<<<<<<<<<<
loading model
test shape: torch.Size([20, 2]) torch.Size([20, 1])
gating_value: 0.0022284221136942505
accuracy:0.9
model parameter : 209672
model size : 5.69MB
Using GPU
Args in experiment:
[1mBasic Config[0m
  Task Name:          classification_trainlossonlyIs Training:        0                   
  Model ID:           BeetleFly           Model:              MambaSingleLayer    

[1mData Loader[0m
  Data:               UEA                 Root Path:          /data/yoom618/TSLib/dataset_UCR/BeetleFly
  Data Path:          ETTh1.csv           Features:           M                   
  Target:             OT                  Freq:               h                   
  Checkpoints:        /data/yoom618/TSLib/checkpoints_best/MambaSL (UCR, inceptiontime-setting)

[1mModel Parameters[0m
  Top k:              5                   Num Kernels:        11                  
  Enc In:             7                   Dec In:             7                   
  C Out:              7                   d model:            256                 
  n heads:            8                   e layers:           2                   
  d layers:           1                   d FF:               8                   
  Moving Avg:         25                  Factor:             1                   
  Distil:             1                   Dropout:            0.1                 
  Embed:              timeF               Activation:         gelu                

[1mRun Parameters[0m
  Num Workers:        10                  Itr:                1                   
  Train Epochs:       100                 Batch Size:         16                  
  Patience:           10                  Learning Rate:      0.001               
  Des:                trainlossonly       Loss:               MSE                 
  Lradj:              type1               Use Amp:            0                   

[1mGPU[0m
  Use GPU:            1                   GPU:                0                   
  Use Multi GPU:      0                   Devices:            0,1,2,3             

[1mDe-stationary Projector Params[0m
  P Hidden Dims:      128, 128            P Hidden Layers:    2                   

20
20
>>>>>>>testing : classification_BeetleFly_MambaSingleLayer_UEA_ftM_sl512_ll0_pl0_dm256_ds8_expand1_dc4_nk11_tvdt1_tvB0_tvC1_useD0_trainlossonly_0<<<<<<<<<<<<<<<<<<<<<<<<<<<<<<<<<
loading model
test shape: torch.Size([20, 2]) torch.Size([20, 1])
gating_value: 0.002334001543931663
accuracy:0.9
model parameter : 218376
model size : 5.72MB
Using GPU
Args in experiment:
[1mBasic Config[0m
  Task Name:          classification_trainlossonlyIs Training:        0                   
  Model ID:           BeetleFly           Model:              MambaSingleLayer    

[1mData Loader[0m
  Data:               UEA                 Root Path:          /data/yoom618/TSLib/dataset_UCR/BeetleFly
  Data Path:          ETTh1.csv           Features:           M                   
  Target:             OT                  Freq:               h                   
  Checkpoints:        /data/yoom618/TSLib/checkpoints_best/MambaSL (UCR, inceptiontime-setting)

[1mModel Parameters[0m
  Top k:              5                   Num Kernels:        11                  
  Enc In:             7                   Dec In:             7                   
  C Out:              7                   d model:            512                 
  n heads:            8                   e layers:           2                   
  d layers:           1                   d FF:               4                   
  Moving Avg:         25                  Factor:             1                   
  Distil:             1                   Dropout:            0.1                 
  Embed:              timeF               Activation:         gelu                

[1mRun Parameters[0m
  Num Workers:        10                  Itr:                1                   
  Train Epochs:       100                 Batch Size:         16                  
  Patience:           10                  Learning Rate:      0.001               
  Des:                trainlossonly       Loss:               MSE                 
  Lradj:              type1               Use Amp:            0                   

[1mGPU[0m
  Use GPU:            1                   GPU:                0                   
  Use Multi GPU:      0                   Devices:            0,1,2,3             

[1mDe-stationary Projector Params[0m
  P Hidden Dims:      128, 128            P Hidden Layers:    2                   

20
20
>>>>>>>testing : classification_BeetleFly_MambaSingleLayer_UEA_ftM_sl512_ll0_pl0_dm512_ds4_expand1_dc4_nk11_tvdt0_tvB0_tvC1_useD0_trainlossonly_0<<<<<<<<<<<<<<<<<<<<<<<<<<<<<<<<<
loading model
test shape: torch.Size([20, 2]) torch.Size([20, 1])
gating_value: 0.0023123429622501136
accuracy:0.9
model parameter : 823816
model size : 12.91MB
Using GPU
Args in experiment:
[1mBasic Config[0m
  Task Name:          classification_trainlossonlyIs Training:        0                   
  Model ID:           BeetleFly           Model:              MambaSingleLayer    

[1mData Loader[0m
  Data:               UEA                 Root Path:          /data/yoom618/TSLib/dataset_UCR/BeetleFly
  Data Path:          ETTh1.csv           Features:           M                   
  Target:             OT                  Freq:               h                   
  Checkpoints:        /data/yoom618/TSLib/checkpoints_best/MambaSL (UCR, inceptiontime-setting)

[1mModel Parameters[0m
  Top k:              5                   Num Kernels:        11                  
  Enc In:             7                   Dec In:             7                   
  C Out:              7                   d model:            512                 
  n heads:            8                   e layers:           2                   
  d layers:           1                   d FF:               8                   
  Moving Avg:         25                  Factor:             1                   
  Distil:             1                   Dropout:            0.1                 
  Embed:              timeF               Activation:         gelu                

[1mRun Parameters[0m
  Num Workers:        10                  Itr:                1                   
  Train Epochs:       100                 Batch Size:         16                  
  Patience:           10                  Learning Rate:      0.001               
  Des:                trainlossonly       Loss:               MSE                 
  Lradj:              type1               Use Amp:            0                   

[1mGPU[0m
  Use GPU:            1                   GPU:                0                   
  Use Multi GPU:      0                   Devices:            0,1,2,3             

[1mDe-stationary Projector Params[0m
  P Hidden Dims:      128, 128            P Hidden Layers:    2                   

20
20
>>>>>>>testing : classification_BeetleFly_MambaSingleLayer_UEA_ftM_sl512_ll0_pl0_dm512_ds8_expand1_dc4_nk11_tvdt0_tvB0_tvC1_useD0_trainlossonly_0<<<<<<<<<<<<<<<<<<<<<<<<<<<<<<<<<
loading model
test shape: torch.Size([20, 2]) torch.Size([20, 1])
gating_value: 0.002327003388199955
accuracy:0.9
model parameter : 829960
model size : 12.94MB
Using GPU
Args in experiment:
[1mBasic Config[0m
  Task Name:          classification_trainlossonlyIs Training:        0                   
  Model ID:           BeetleFly           Model:              MambaSingleLayer    

[1mData Loader[0m
  Data:               UEA                 Root Path:          /data/yoom618/TSLib/dataset_UCR/BeetleFly
  Data Path:          ETTh1.csv           Features:           M                   
  Target:             OT                  Freq:               h                   
  Checkpoints:        /data/yoom618/TSLib/checkpoints_best/MambaSL (UCR, inceptiontime-setting)

[1mModel Parameters[0m
  Top k:              5                   Num Kernels:        11                  
  Enc In:             7                   Dec In:             7                   
  C Out:              7                   d model:            512                 
  n heads:            8                   e layers:           2                   
  d layers:           1                   d FF:               8                   
  Moving Avg:         25                  Factor:             1                   
  Distil:             1                   Dropout:            0.1                 
  Embed:              timeF               Activation:         gelu                

[1mRun Parameters[0m
  Num Workers:        10                  Itr:                1                   
  Train Epochs:       100                 Batch Size:         16                  
  Patience:           10                  Learning Rate:      0.001               
  Des:                trainlossonly       Loss:               MSE                 
  Lradj:              type1               Use Amp:            0                   

[1mGPU[0m
  Use GPU:            1                   GPU:                0                   
  Use Multi GPU:      0                   Devices:            0,1,2,3             

[1mDe-stationary Projector Params[0m
  P Hidden Dims:      128, 128            P Hidden Layers:    2                   

20
20
>>>>>>>testing : classification_BeetleFly_MambaSingleLayer_UEA_ftM_sl512_ll0_pl0_dm512_ds8_expand1_dc4_nk11_tvdt1_tvB0_tvC1_useD0_trainlossonly_0<<<<<<<<<<<<<<<<<<<<<<<<<<<<<<<<<
loading model
test shape: torch.Size([20, 2]) torch.Size([20, 1])
gating_value: 0.0028535314137116074
accuracy:0.9
model parameter : 846344
model size : 13.00MB
Using GPU
Args in experiment:
[1mBasic Config[0m
  Task Name:          classification_trainlossonlyIs Training:        0                   
  Model ID:           BeetleFly           Model:              MambaSingleLayer    

[1mData Loader[0m
  Data:               UEA                 Root Path:          /data/yoom618/TSLib/dataset_UCR/BeetleFly
  Data Path:          ETTh1.csv           Features:           M                   
  Target:             OT                  Freq:               h                   
  Checkpoints:        /data/yoom618/TSLib/checkpoints_best/MambaSL (UCR, inceptiontime-setting)

[1mModel Parameters[0m
  Top k:              5                   Num Kernels:        11                  
  Enc In:             7                   Dec In:             7                   
  C Out:              7                   d model:            512                 
  n heads:            8                   e layers:           2                   
  d layers:           1                   d FF:               8                   
  Moving Avg:         25                  Factor:             1                   
  Distil:             1                   Dropout:            0.1                 
  Embed:              timeF               Activation:         gelu                

[1mRun Parameters[0m
  Num Workers:        10                  Itr:                1                   
  Train Epochs:       100                 Batch Size:         16                  
  Patience:           10                  Learning Rate:      0.001               
  Des:                trainlossonly       Loss:               MSE                 
  Lradj:              type1               Use Amp:            0                   

[1mGPU[0m
  Use GPU:            1                   GPU:                0                   
  Use Multi GPU:      0                   Devices:            0,1,2,3             

[1mDe-stationary Projector Params[0m
  P Hidden Dims:      128, 128            P Hidden Layers:    2                   

20
20
>>>>>>>testing : classification_BeetleFly_MambaSingleLayer_UEA_ftM_sl512_ll0_pl0_dm512_ds8_expand1_dc4_nk11_tvdt1_tvB1_tvC1_useD0_trainlossonly_0<<<<<<<<<<<<<<<<<<<<<<<<<<<<<<<<<
loading model
test shape: torch.Size([20, 2]) torch.Size([20, 1])
gating_value: 0.0022449563140980898
accuracy:0.9
model parameter : 846344
model size : 13.00MB
Using GPU
Args in experiment:
[1mBasic Config[0m
  Task Name:          classification_trainlossonlyIs Training:        0                   
  Model ID:           BeetleFly           Model:              MambaSingleLayer    

[1mData Loader[0m
  Data:               UEA                 Root Path:          /data/yoom618/TSLib/dataset_UCR/BeetleFly
  Data Path:          ETTh1.csv           Features:           M                   
  Target:             OT                  Freq:               h                   
  Checkpoints:        /data/yoom618/TSLib/checkpoints_best/MambaSL (UCR, inceptiontime-setting)

[1mModel Parameters[0m
  Top k:              5                   Num Kernels:        11                  
  Enc In:             7                   Dec In:             7                   
  C Out:              7                   d model:            512                 
  n heads:            8                   e layers:           2                   
  d layers:           1                   d FF:               16                  
  Moving Avg:         25                  Factor:             1                   
  Distil:             1                   Dropout:            0.1                 
  Embed:              timeF               Activation:         gelu                

[1mRun Parameters[0m
  Num Workers:        10                  Itr:                1                   
  Train Epochs:       100                 Batch Size:         16                  
  Patience:           10                  Learning Rate:      0.001               
  Des:                trainlossonly       Loss:               MSE                 
  Lradj:              type1               Use Amp:            0                   

[1mGPU[0m
  Use GPU:            1                   GPU:                0                   
  Use Multi GPU:      0                   Devices:            0,1,2,3             

[1mDe-stationary Projector Params[0m
  P Hidden Dims:      128, 128            P Hidden Layers:    2                   

20
20
>>>>>>>testing : classification_BeetleFly_MambaSingleLayer_UEA_ftM_sl512_ll0_pl0_dm512_ds16_expand1_dc4_nk11_tvdt1_tvB1_tvC1_useD0_trainlossonly_0<<<<<<<<<<<<<<<<<<<<<<<<<<<<<<<<<
loading model
test shape: torch.Size([20, 2]) torch.Size([20, 1])
gating_value: 0.0022198436316102745
accuracy:0.9
model parameter : 858632
model size : 13.05MB
Using GPU
Args in experiment:
[1mBasic Config[0m
  Task Name:          classification_trainlossonlyIs Training:        0                   
  Model ID:           BeetleFly           Model:              MambaSingleLayer    

[1mData Loader[0m
  Data:               UEA                 Root Path:          /data/yoom618/TSLib/dataset_UCR/BeetleFly
  Data Path:          ETTh1.csv           Features:           M                   
  Target:             OT                  Freq:               h                   
  Checkpoints:        /data/yoom618/TSLib/checkpoints_best/MambaSL (UCR, inceptiontime-setting)

[1mModel Parameters[0m
  Top k:              5                   Num Kernels:        11                  
  Enc In:             7                   Dec In:             7                   
  C Out:              7                   d model:            1024                
  n heads:            8                   e layers:           2                   
  d layers:           1                   d FF:               1                   
  Moving Avg:         25                  Factor:             1                   
  Distil:             1                   Dropout:            0.1                 
  Embed:              timeF               Activation:         gelu                

[1mRun Parameters[0m
  Num Workers:        10                  Itr:                1                   
  Train Epochs:       100                 Batch Size:         16                  
  Patience:           10                  Learning Rate:      0.001               
  Des:                trainlossonly       Loss:               MSE                 
  Lradj:              type1               Use Amp:            0                   

[1mGPU[0m
  Use GPU:            1                   GPU:                0                   
  Use Multi GPU:      0                   Devices:            0,1,2,3             

[1mDe-stationary Projector Params[0m
  P Hidden Dims:      128, 128            P Hidden Layers:    2                   

20
20
>>>>>>>testing : classification_BeetleFly_MambaSingleLayer_UEA_ftM_sl512_ll0_pl0_dm1024_ds1_expand1_dc4_nk11_tvdt0_tvB0_tvC1_useD0_trainlossonly_0<<<<<<<<<<<<<<<<<<<<<<<<<<<<<<<<<
loading model
test shape: torch.Size([20, 2]) torch.Size([20, 1])
gating_value: 0.003383581666275859
accuracy:0.9
model parameter : 3244040
model size : 31.91MB
Using GPU
Args in experiment:
[1mBasic Config[0m
  Task Name:          classification_trainlossonlyIs Training:        0                   
  Model ID:           BeetleFly           Model:              MambaSingleLayer    

[1mData Loader[0m
  Data:               UEA                 Root Path:          /data/yoom618/TSLib/dataset_UCR/BeetleFly
  Data Path:          ETTh1.csv           Features:           M                   
  Target:             OT                  Freq:               h                   
  Checkpoints:        /data/yoom618/TSLib/checkpoints_best/MambaSL (UCR, inceptiontime-setting)

[1mModel Parameters[0m
  Top k:              5                   Num Kernels:        11                  
  Enc In:             7                   Dec In:             7                   
  C Out:              7                   d model:            1024                
  n heads:            8                   e layers:           2                   
  d layers:           1                   d FF:               4                   
  Moving Avg:         25                  Factor:             1                   
  Distil:             1                   Dropout:            0.1                 
  Embed:              timeF               Activation:         gelu                

[1mRun Parameters[0m
  Num Workers:        10                  Itr:                1                   
  Train Epochs:       100                 Batch Size:         16                  
  Patience:           10                  Learning Rate:      0.001               
  Des:                trainlossonly       Loss:               MSE                 
  Lradj:              type1               Use Amp:            0                   

[1mGPU[0m
  Use GPU:            1                   GPU:                0                   
  Use Multi GPU:      0                   Devices:            0,1,2,3             

[1mDe-stationary Projector Params[0m
  P Hidden Dims:      128, 128            P Hidden Layers:    2                   

20
20
>>>>>>>testing : classification_BeetleFly_MambaSingleLayer_UEA_ftM_sl512_ll0_pl0_dm1024_ds4_expand1_dc4_nk11_tvdt0_tvB0_tvC1_useD0_trainlossonly_0<<<<<<<<<<<<<<<<<<<<<<<<<<<<<<<<<
loading model
test shape: torch.Size([20, 2]) torch.Size([20, 1])
gating_value: 0.002578031981829554
accuracy:0.9
model parameter : 3253256
model size : 31.95MB
Using GPU
Args in experiment:
[1mBasic Config[0m
  Task Name:          classification_trainlossonlyIs Training:        0                   
  Model ID:           BeetleFly           Model:              MambaSingleLayer    

[1mData Loader[0m
  Data:               UEA                 Root Path:          /data/yoom618/TSLib/dataset_UCR/BeetleFly
  Data Path:          ETTh1.csv           Features:           M                   
  Target:             OT                  Freq:               h                   
  Checkpoints:        /data/yoom618/TSLib/checkpoints_best/MambaSL (UCR, inceptiontime-setting)

[1mModel Parameters[0m
  Top k:              5                   Num Kernels:        11                  
  Enc In:             7                   Dec In:             7                   
  C Out:              7                   d model:            1024                
  n heads:            8                   e layers:           2                   
  d layers:           1                   d FF:               8                   
  Moving Avg:         25                  Factor:             1                   
  Distil:             1                   Dropout:            0.1                 
  Embed:              timeF               Activation:         gelu                

[1mRun Parameters[0m
  Num Workers:        10                  Itr:                1                   
  Train Epochs:       100                 Batch Size:         16                  
  Patience:           10                  Learning Rate:      0.001               
  Des:                trainlossonly       Loss:               MSE                 
  Lradj:              type1               Use Amp:            0                   

[1mGPU[0m
  Use GPU:            1                   GPU:                0                   
  Use Multi GPU:      0                   Devices:            0,1,2,3             

[1mDe-stationary Projector Params[0m
  P Hidden Dims:      128, 128            P Hidden Layers:    2                   

20
20
>>>>>>>testing : classification_BeetleFly_MambaSingleLayer_UEA_ftM_sl512_ll0_pl0_dm1024_ds8_expand1_dc4_nk11_tvdt0_tvB0_tvC1_useD0_trainlossonly_0<<<<<<<<<<<<<<<<<<<<<<<<<<<<<<<<<
loading model
test shape: torch.Size([20, 2]) torch.Size([20, 1])
gating_value: 0.002516756416298449
accuracy:0.9
model parameter : 3265544
model size : 31.99MB
Using GPU
Args in experiment:
[1mBasic Config[0m
  Task Name:          classification_trainlossonlyIs Training:        0                   
  Model ID:           BeetleFly           Model:              MambaSingleLayer    

[1mData Loader[0m
  Data:               UEA                 Root Path:          /data/yoom618/TSLib/dataset_UCR/BeetleFly
  Data Path:          ETTh1.csv           Features:           M                   
  Target:             OT                  Freq:               h                   
  Checkpoints:        /data/yoom618/TSLib/checkpoints_best/MambaSL (UCR, inceptiontime-setting)

[1mModel Parameters[0m
  Top k:              5                   Num Kernels:        11                  
  Enc In:             7                   Dec In:             7                   
  C Out:              7                   d model:            1024                
  n heads:            8                   e layers:           2                   
  d layers:           1                   d FF:               16                  
  Moving Avg:         25                  Factor:             1                   
  Distil:             1                   Dropout:            0.1                 
  Embed:              timeF               Activation:         gelu                

[1mRun Parameters[0m
  Num Workers:        10                  Itr:                1                   
  Train Epochs:       100                 Batch Size:         16                  
  Patience:           10                  Learning Rate:      0.001               
  Des:                trainlossonly       Loss:               MSE                 
  Lradj:              type1               Use Amp:            0                   

[1mGPU[0m
  Use GPU:            1                   GPU:                0                   
  Use Multi GPU:      0                   Devices:            0,1,2,3             

[1mDe-stationary Projector Params[0m
  P Hidden Dims:      128, 128            P Hidden Layers:    2                   

20
20
>>>>>>>testing : classification_BeetleFly_MambaSingleLayer_UEA_ftM_sl512_ll0_pl0_dm1024_ds16_expand1_dc4_nk11_tvdt0_tvB0_tvC1_useD0_trainlossonly_0<<<<<<<<<<<<<<<<<<<<<<<<<<<<<<<<<
loading model
test shape: torch.Size([20, 2]) torch.Size([20, 1])
gating_value: 0.002330571645870805
accuracy:0.9
model parameter : 3290120
model size : 32.09MB
