Using GPU
Args in experiment:
[1mBasic Config[0m
  Task Name:          classification_trainlossonlyIs Training:        0                   
  Model ID:           DodgerLoopWeekend   Model:              MambaSingleLayer    

[1mData Loader[0m
  Data:               UEA                 Root Path:          /data/yoom618/TSLib/dataset_UCR/DodgerLoopWeekend
  Data Path:          ETTh1.csv           Features:           M                   
  Target:             OT                  Freq:               h                   
  Checkpoints:        /data/yoom618/TSLib/checkpoints_best/MambaSL (UCR, inceptiontime-setting)

[1mModel Parameters[0m
  Top k:              5                   Num Kernels:        6                   
  Enc In:             7                   Dec In:             7                   
  C Out:              7                   d model:            128                 
  n heads:            8                   e layers:           2                   
  d layers:           1                   d FF:               1                   
  Moving Avg:         25                  Factor:             1                   
  Distil:             1                   Dropout:            0.1                 
  Embed:              timeF               Activation:         gelu                

[1mRun Parameters[0m
  Num Workers:        10                  Itr:                1                   
  Train Epochs:       100                 Batch Size:         16                  
  Patience:           10                  Learning Rate:      0.001               
  Des:                trainlossonly       Loss:               MSE                 
  Lradj:              type1               Use Amp:            0                   

[1mGPU[0m
  Use GPU:            1                   GPU:                0                   
  Use Multi GPU:      0                   Devices:            0,1,2,3             

[1mDe-stationary Projector Params[0m
  P Hidden Dims:      128, 128            P Hidden Layers:    2                   

20
138
>>>>>>>testing : classification_DodgerLoopWeekend_MambaSingleLayer_UEA_ftM_sl288_ll0_pl0_dm128_ds1_expand1_dc4_nk6_tvdt0_tvB0_tvC0_useD0_trainlossonly_0<<<<<<<<<<<<<<<<<<<<<<<<<<<<<<<<<
loading model
test shape: torch.Size([138, 2]) torch.Size([138, 1])
gating_value: 0.0038090592715889215
accuracy:0.9855072463768116
model parameter : 53640
model size : 2.65MB
Using GPU
Args in experiment:
[1mBasic Config[0m
  Task Name:          classification_trainlossonlyIs Training:        0                   
  Model ID:           DodgerLoopWeekend   Model:              MambaSingleLayer    

[1mData Loader[0m
  Data:               UEA                 Root Path:          /data/yoom618/TSLib/dataset_UCR/DodgerLoopWeekend
  Data Path:          ETTh1.csv           Features:           M                   
  Target:             OT                  Freq:               h                   
  Checkpoints:        /data/yoom618/TSLib/checkpoints_best/MambaSL (UCR, inceptiontime-setting)

[1mModel Parameters[0m
  Top k:              5                   Num Kernels:        6                   
  Enc In:             7                   Dec In:             7                   
  C Out:              7                   d model:            128                 
  n heads:            8                   e layers:           2                   
  d layers:           1                   d FF:               1                   
  Moving Avg:         25                  Factor:             1                   
  Distil:             1                   Dropout:            0.1                 
  Embed:              timeF               Activation:         gelu                

[1mRun Parameters[0m
  Num Workers:        10                  Itr:                1                   
  Train Epochs:       100                 Batch Size:         16                  
  Patience:           10                  Learning Rate:      0.001               
  Des:                trainlossonly       Loss:               MSE                 
  Lradj:              type1               Use Amp:            0                   

[1mGPU[0m
  Use GPU:            1                   GPU:                0                   
  Use Multi GPU:      0                   Devices:            0,1,2,3             

[1mDe-stationary Projector Params[0m
  P Hidden Dims:      128, 128            P Hidden Layers:    2                   

20
138
>>>>>>>testing : classification_DodgerLoopWeekend_MambaSingleLayer_UEA_ftM_sl288_ll0_pl0_dm128_ds1_expand1_dc4_nk6_tvdt0_tvB0_tvC1_useD0_trainlossonly_0<<<<<<<<<<<<<<<<<<<<<<<<<<<<<<<<<
loading model
test shape: torch.Size([138, 2]) torch.Size([138, 1])
gating_value: 0.0036105098543634667
accuracy:0.9855072463768116
model parameter : 53640
model size : 2.65MB
Using GPU
Args in experiment:
[1mBasic Config[0m
  Task Name:          classification_trainlossonlyIs Training:        0                   
  Model ID:           DodgerLoopWeekend   Model:              MambaSingleLayer    

[1mData Loader[0m
  Data:               UEA                 Root Path:          /data/yoom618/TSLib/dataset_UCR/DodgerLoopWeekend
  Data Path:          ETTh1.csv           Features:           M                   
  Target:             OT                  Freq:               h                   
  Checkpoints:        /data/yoom618/TSLib/checkpoints_best/MambaSL (UCR, inceptiontime-setting)

[1mModel Parameters[0m
  Top k:              5                   Num Kernels:        6                   
  Enc In:             7                   Dec In:             7                   
  C Out:              7                   d model:            128                 
  n heads:            8                   e layers:           2                   
  d layers:           1                   d FF:               1                   
  Moving Avg:         25                  Factor:             1                   
  Distil:             1                   Dropout:            0.1                 
  Embed:              timeF               Activation:         gelu                

[1mRun Parameters[0m
  Num Workers:        10                  Itr:                1                   
  Train Epochs:       100                 Batch Size:         16                  
  Patience:           10                  Learning Rate:      0.001               
  Des:                trainlossonly       Loss:               MSE                 
  Lradj:              type1               Use Amp:            0                   

[1mGPU[0m
  Use GPU:            1                   GPU:                0                   
  Use Multi GPU:      0                   Devices:            0,1,2,3             

[1mDe-stationary Projector Params[0m
  P Hidden Dims:      128, 128            P Hidden Layers:    2                   

20
138
>>>>>>>testing : classification_DodgerLoopWeekend_MambaSingleLayer_UEA_ftM_sl288_ll0_pl0_dm128_ds1_expand1_dc4_nk6_tvdt0_tvB1_tvC1_useD0_trainlossonly_0<<<<<<<<<<<<<<<<<<<<<<<<<<<<<<<<<
loading model
test shape: torch.Size([138, 2]) torch.Size([138, 1])
gating_value: 0.0038713265726666737
accuracy:0.9855072463768116
model parameter : 53640
model size : 2.65MB
Using GPU
Args in experiment:
[1mBasic Config[0m
  Task Name:          classification_trainlossonlyIs Training:        0                   
  Model ID:           DodgerLoopWeekend   Model:              MambaSingleLayer    

[1mData Loader[0m
  Data:               UEA                 Root Path:          /data/yoom618/TSLib/dataset_UCR/DodgerLoopWeekend
  Data Path:          ETTh1.csv           Features:           M                   
  Target:             OT                  Freq:               h                   
  Checkpoints:        /data/yoom618/TSLib/checkpoints_best/MambaSL (UCR, inceptiontime-setting)

[1mModel Parameters[0m
  Top k:              5                   Num Kernels:        6                   
  Enc In:             7                   Dec In:             7                   
  C Out:              7                   d model:            128                 
  n heads:            8                   e layers:           2                   
  d layers:           1                   d FF:               2                   
  Moving Avg:         25                  Factor:             1                   
  Distil:             1                   Dropout:            0.1                 
  Embed:              timeF               Activation:         gelu                

[1mRun Parameters[0m
  Num Workers:        10                  Itr:                1                   
  Train Epochs:       100                 Batch Size:         16                  
  Patience:           10                  Learning Rate:      0.001               
  Des:                trainlossonly       Loss:               MSE                 
  Lradj:              type1               Use Amp:            0                   

[1mGPU[0m
  Use GPU:            1                   GPU:                0                   
  Use Multi GPU:      0                   Devices:            0,1,2,3             

[1mDe-stationary Projector Params[0m
  P Hidden Dims:      128, 128            P Hidden Layers:    2                   

20
138
>>>>>>>testing : classification_DodgerLoopWeekend_MambaSingleLayer_UEA_ftM_sl288_ll0_pl0_dm128_ds2_expand1_dc4_nk6_tvdt0_tvB0_tvC0_useD0_trainlossonly_0<<<<<<<<<<<<<<<<<<<<<<<<<<<<<<<<<
loading model
test shape: torch.Size([138, 2]) torch.Size([138, 1])
gating_value: 0.0037233755397407904
accuracy:0.9855072463768116
model parameter : 54024
model size : 2.65MB
Using GPU
Args in experiment:
[1mBasic Config[0m
  Task Name:          classification_trainlossonlyIs Training:        0                   
  Model ID:           DodgerLoopWeekend   Model:              MambaSingleLayer    

[1mData Loader[0m
  Data:               UEA                 Root Path:          /data/yoom618/TSLib/dataset_UCR/DodgerLoopWeekend
  Data Path:          ETTh1.csv           Features:           M                   
  Target:             OT                  Freq:               h                   
  Checkpoints:        /data/yoom618/TSLib/checkpoints_best/MambaSL (UCR, inceptiontime-setting)

[1mModel Parameters[0m
  Top k:              5                   Num Kernels:        6                   
  Enc In:             7                   Dec In:             7                   
  C Out:              7                   d model:            128                 
  n heads:            8                   e layers:           2                   
  d layers:           1                   d FF:               2                   
  Moving Avg:         25                  Factor:             1                   
  Distil:             1                   Dropout:            0.1                 
  Embed:              timeF               Activation:         gelu                

[1mRun Parameters[0m
  Num Workers:        10                  Itr:                1                   
  Train Epochs:       100                 Batch Size:         16                  
  Patience:           10                  Learning Rate:      0.001               
  Des:                trainlossonly       Loss:               MSE                 
  Lradj:              type1               Use Amp:            0                   

[1mGPU[0m
  Use GPU:            1                   GPU:                0                   
  Use Multi GPU:      0                   Devices:            0,1,2,3             

[1mDe-stationary Projector Params[0m
  P Hidden Dims:      128, 128            P Hidden Layers:    2                   

20
138
>>>>>>>testing : classification_DodgerLoopWeekend_MambaSingleLayer_UEA_ftM_sl288_ll0_pl0_dm128_ds2_expand1_dc4_nk6_tvdt0_tvB0_tvC1_useD0_trainlossonly_0<<<<<<<<<<<<<<<<<<<<<<<<<<<<<<<<<
loading model
test shape: torch.Size([138, 2]) torch.Size([138, 1])
gating_value: 0.003670328757320733
accuracy:0.9855072463768116
model parameter : 54024
model size : 2.65MB
Using GPU
Args in experiment:
[1mBasic Config[0m
  Task Name:          classification_trainlossonlyIs Training:        0                   
  Model ID:           DodgerLoopWeekend   Model:              MambaSingleLayer    

[1mData Loader[0m
  Data:               UEA                 Root Path:          /data/yoom618/TSLib/dataset_UCR/DodgerLoopWeekend
  Data Path:          ETTh1.csv           Features:           M                   
  Target:             OT                  Freq:               h                   
  Checkpoints:        /data/yoom618/TSLib/checkpoints_best/MambaSL (UCR, inceptiontime-setting)

[1mModel Parameters[0m
  Top k:              5                   Num Kernels:        6                   
  Enc In:             7                   Dec In:             7                   
  C Out:              7                   d model:            128                 
  n heads:            8                   e layers:           2                   
  d layers:           1                   d FF:               1                   
  Moving Avg:         25                  Factor:             1                   
  Distil:             1                   Dropout:            0.1                 
  Embed:              timeF               Activation:         gelu                

[1mRun Parameters[0m
  Num Workers:        10                  Itr:                1                   
  Train Epochs:       100                 Batch Size:         16                  
  Patience:           10                  Learning Rate:      0.001               
  Des:                trainlossonly       Loss:               MSE                 
  Lradj:              type1               Use Amp:            0                   

[1mGPU[0m
  Use GPU:            1                   GPU:                0                   
  Use Multi GPU:      0                   Devices:            0,1,2,3             

[1mDe-stationary Projector Params[0m
  P Hidden Dims:      128, 128            P Hidden Layers:    2                   

20
138
>>>>>>>testing : classification_DodgerLoopWeekend_MambaSingleLayer_UEA_ftM_sl288_ll0_pl0_dm128_ds1_expand1_dc4_nk6_tvdt1_tvB0_tvC1_useD0_trainlossonly_0<<<<<<<<<<<<<<<<<<<<<<<<<<<<<<<<<
loading model
test shape: torch.Size([138, 2]) torch.Size([138, 1])
gating_value: 0.0036208799338319163
accuracy:0.9855072463768116
model parameter : 54664
model size : 2.66MB
Using GPU
Args in experiment:
[1mBasic Config[0m
  Task Name:          classification_trainlossonlyIs Training:        0                   
  Model ID:           DodgerLoopWeekend   Model:              MambaSingleLayer    

[1mData Loader[0m
  Data:               UEA                 Root Path:          /data/yoom618/TSLib/dataset_UCR/DodgerLoopWeekend
  Data Path:          ETTh1.csv           Features:           M                   
  Target:             OT                  Freq:               h                   
  Checkpoints:        /data/yoom618/TSLib/checkpoints_best/MambaSL (UCR, inceptiontime-setting)

[1mModel Parameters[0m
  Top k:              5                   Num Kernels:        6                   
  Enc In:             7                   Dec In:             7                   
  C Out:              7                   d model:            128                 
  n heads:            8                   e layers:           2                   
  d layers:           1                   d FF:               4                   
  Moving Avg:         25                  Factor:             1                   
  Distil:             1                   Dropout:            0.1                 
  Embed:              timeF               Activation:         gelu                

[1mRun Parameters[0m
  Num Workers:        10                  Itr:                1                   
  Train Epochs:       100                 Batch Size:         16                  
  Patience:           10                  Learning Rate:      0.001               
  Des:                trainlossonly       Loss:               MSE                 
  Lradj:              type1               Use Amp:            0                   

[1mGPU[0m
  Use GPU:            1                   GPU:                0                   
  Use Multi GPU:      0                   Devices:            0,1,2,3             

[1mDe-stationary Projector Params[0m
  P Hidden Dims:      128, 128            P Hidden Layers:    2                   

20
138
>>>>>>>testing : classification_DodgerLoopWeekend_MambaSingleLayer_UEA_ftM_sl288_ll0_pl0_dm128_ds4_expand1_dc4_nk6_tvdt0_tvB0_tvC0_useD0_trainlossonly_0<<<<<<<<<<<<<<<<<<<<<<<<<<<<<<<<<
loading model
test shape: torch.Size([138, 2]) torch.Size([138, 1])
gating_value: 0.0037021837112885237
accuracy:0.9855072463768116
model parameter : 54792
model size : 2.66MB
Using GPU
Args in experiment:
[1mBasic Config[0m
  Task Name:          classification_trainlossonlyIs Training:        0                   
  Model ID:           DodgerLoopWeekend   Model:              MambaSingleLayer    

[1mData Loader[0m
  Data:               UEA                 Root Path:          /data/yoom618/TSLib/dataset_UCR/DodgerLoopWeekend
  Data Path:          ETTh1.csv           Features:           M                   
  Target:             OT                  Freq:               h                   
  Checkpoints:        /data/yoom618/TSLib/checkpoints_best/MambaSL (UCR, inceptiontime-setting)

[1mModel Parameters[0m
  Top k:              5                   Num Kernels:        6                   
  Enc In:             7                   Dec In:             7                   
  C Out:              7                   d model:            128                 
  n heads:            8                   e layers:           2                   
  d layers:           1                   d FF:               4                   
  Moving Avg:         25                  Factor:             1                   
  Distil:             1                   Dropout:            0.1                 
  Embed:              timeF               Activation:         gelu                

[1mRun Parameters[0m
  Num Workers:        10                  Itr:                1                   
  Train Epochs:       100                 Batch Size:         16                  
  Patience:           10                  Learning Rate:      0.001               
  Des:                trainlossonly       Loss:               MSE                 
  Lradj:              type1               Use Amp:            0                   

[1mGPU[0m
  Use GPU:            1                   GPU:                0                   
  Use Multi GPU:      0                   Devices:            0,1,2,3             

[1mDe-stationary Projector Params[0m
  P Hidden Dims:      128, 128            P Hidden Layers:    2                   

20
138
>>>>>>>testing : classification_DodgerLoopWeekend_MambaSingleLayer_UEA_ftM_sl288_ll0_pl0_dm128_ds4_expand1_dc4_nk6_tvdt0_tvB0_tvC1_useD0_trainlossonly_0<<<<<<<<<<<<<<<<<<<<<<<<<<<<<<<<<
loading model
test shape: torch.Size([138, 2]) torch.Size([138, 1])
gating_value: 0.0037085703030849495
accuracy:0.9855072463768116
model parameter : 54792
model size : 2.66MB
Using GPU
Args in experiment:
[1mBasic Config[0m
  Task Name:          classification_trainlossonlyIs Training:        0                   
  Model ID:           DodgerLoopWeekend   Model:              MambaSingleLayer    

[1mData Loader[0m
  Data:               UEA                 Root Path:          /data/yoom618/TSLib/dataset_UCR/DodgerLoopWeekend
  Data Path:          ETTh1.csv           Features:           M                   
  Target:             OT                  Freq:               h                   
  Checkpoints:        /data/yoom618/TSLib/checkpoints_best/MambaSL (UCR, inceptiontime-setting)

[1mModel Parameters[0m
  Top k:              5                   Num Kernels:        6                   
  Enc In:             7                   Dec In:             7                   
  C Out:              7                   d model:            128                 
  n heads:            8                   e layers:           2                   
  d layers:           1                   d FF:               4                   
  Moving Avg:         25                  Factor:             1                   
  Distil:             1                   Dropout:            0.1                 
  Embed:              timeF               Activation:         gelu                

[1mRun Parameters[0m
  Num Workers:        10                  Itr:                1                   
  Train Epochs:       100                 Batch Size:         16                  
  Patience:           10                  Learning Rate:      0.001               
  Des:                trainlossonly       Loss:               MSE                 
  Lradj:              type1               Use Amp:            0                   

[1mGPU[0m
  Use GPU:            1                   GPU:                0                   
  Use Multi GPU:      0                   Devices:            0,1,2,3             

[1mDe-stationary Projector Params[0m
  P Hidden Dims:      128, 128            P Hidden Layers:    2                   

20
138
>>>>>>>testing : classification_DodgerLoopWeekend_MambaSingleLayer_UEA_ftM_sl288_ll0_pl0_dm128_ds4_expand1_dc4_nk6_tvdt0_tvB1_tvC0_useD0_trainlossonly_0<<<<<<<<<<<<<<<<<<<<<<<<<<<<<<<<<
loading model
test shape: torch.Size([138, 2]) torch.Size([138, 1])
gating_value: 0.003919610282932611
accuracy:0.9855072463768116
model parameter : 54792
model size : 2.66MB
Using GPU
Args in experiment:
[1mBasic Config[0m
  Task Name:          classification_trainlossonlyIs Training:        0                   
  Model ID:           DodgerLoopWeekend   Model:              MambaSingleLayer    

[1mData Loader[0m
  Data:               UEA                 Root Path:          /data/yoom618/TSLib/dataset_UCR/DodgerLoopWeekend
  Data Path:          ETTh1.csv           Features:           M                   
  Target:             OT                  Freq:               h                   
  Checkpoints:        /data/yoom618/TSLib/checkpoints_best/MambaSL (UCR, inceptiontime-setting)

[1mModel Parameters[0m
  Top k:              5                   Num Kernels:        6                   
  Enc In:             7                   Dec In:             7                   
  C Out:              7                   d model:            128                 
  n heads:            8                   e layers:           2                   
  d layers:           1                   d FF:               2                   
  Moving Avg:         25                  Factor:             1                   
  Distil:             1                   Dropout:            0.1                 
  Embed:              timeF               Activation:         gelu                

[1mRun Parameters[0m
  Num Workers:        10                  Itr:                1                   
  Train Epochs:       100                 Batch Size:         16                  
  Patience:           10                  Learning Rate:      0.001               
  Des:                trainlossonly       Loss:               MSE                 
  Lradj:              type1               Use Amp:            0                   

[1mGPU[0m
  Use GPU:            1                   GPU:                0                   
  Use Multi GPU:      0                   Devices:            0,1,2,3             

[1mDe-stationary Projector Params[0m
  P Hidden Dims:      128, 128            P Hidden Layers:    2                   

20
138
>>>>>>>testing : classification_DodgerLoopWeekend_MambaSingleLayer_UEA_ftM_sl288_ll0_pl0_dm128_ds2_expand1_dc4_nk6_tvdt1_tvB0_tvC0_useD0_trainlossonly_0<<<<<<<<<<<<<<<<<<<<<<<<<<<<<<<<<
loading model
test shape: torch.Size([138, 2]) torch.Size([138, 1])
gating_value: 0.003811276934541546
accuracy:0.9855072463768116
model parameter : 55048
model size : 2.66MB
Using GPU
Args in experiment:
[1mBasic Config[0m
  Task Name:          classification_trainlossonlyIs Training:        0                   
  Model ID:           DodgerLoopWeekend   Model:              MambaSingleLayer    

[1mData Loader[0m
  Data:               UEA                 Root Path:          /data/yoom618/TSLib/dataset_UCR/DodgerLoopWeekend
  Data Path:          ETTh1.csv           Features:           M                   
  Target:             OT                  Freq:               h                   
  Checkpoints:        /data/yoom618/TSLib/checkpoints_best/MambaSL (UCR, inceptiontime-setting)

[1mModel Parameters[0m
  Top k:              5                   Num Kernels:        6                   
  Enc In:             7                   Dec In:             7                   
  C Out:              7                   d model:            128                 
  n heads:            8                   e layers:           2                   
  d layers:           1                   d FF:               4                   
  Moving Avg:         25                  Factor:             1                   
  Distil:             1                   Dropout:            0.1                 
  Embed:              timeF               Activation:         gelu                

[1mRun Parameters[0m
  Num Workers:        10                  Itr:                1                   
  Train Epochs:       100                 Batch Size:         16                  
  Patience:           10                  Learning Rate:      0.001               
  Des:                trainlossonly       Loss:               MSE                 
  Lradj:              type1               Use Amp:            0                   

[1mGPU[0m
  Use GPU:            1                   GPU:                0                   
  Use Multi GPU:      0                   Devices:            0,1,2,3             

[1mDe-stationary Projector Params[0m
  P Hidden Dims:      128, 128            P Hidden Layers:    2                   

20
138
>>>>>>>testing : classification_DodgerLoopWeekend_MambaSingleLayer_UEA_ftM_sl288_ll0_pl0_dm128_ds4_expand1_dc4_nk6_tvdt1_tvB0_tvC0_useD0_trainlossonly_0<<<<<<<<<<<<<<<<<<<<<<<<<<<<<<<<<
loading model
test shape: torch.Size([138, 2]) torch.Size([138, 1])
gating_value: 0.004004868977379216
accuracy:0.9855072463768116
model parameter : 55816
model size : 2.66MB
Using GPU
Args in experiment:
[1mBasic Config[0m
  Task Name:          classification_trainlossonlyIs Training:        0                   
  Model ID:           DodgerLoopWeekend   Model:              MambaSingleLayer    

[1mData Loader[0m
  Data:               UEA                 Root Path:          /data/yoom618/TSLib/dataset_UCR/DodgerLoopWeekend
  Data Path:          ETTh1.csv           Features:           M                   
  Target:             OT                  Freq:               h                   
  Checkpoints:        /data/yoom618/TSLib/checkpoints_best/MambaSL (UCR, inceptiontime-setting)

[1mModel Parameters[0m
  Top k:              5                   Num Kernels:        6                   
  Enc In:             7                   Dec In:             7                   
  C Out:              7                   d model:            128                 
  n heads:            8                   e layers:           2                   
  d layers:           1                   d FF:               4                   
  Moving Avg:         25                  Factor:             1                   
  Distil:             1                   Dropout:            0.1                 
  Embed:              timeF               Activation:         gelu                

[1mRun Parameters[0m
  Num Workers:        10                  Itr:                1                   
  Train Epochs:       100                 Batch Size:         16                  
  Patience:           10                  Learning Rate:      0.001               
  Des:                trainlossonly       Loss:               MSE                 
  Lradj:              type1               Use Amp:            0                   

[1mGPU[0m
  Use GPU:            1                   GPU:                0                   
  Use Multi GPU:      0                   Devices:            0,1,2,3             

[1mDe-stationary Projector Params[0m
  P Hidden Dims:      128, 128            P Hidden Layers:    2                   

20
138
>>>>>>>testing : classification_DodgerLoopWeekend_MambaSingleLayer_UEA_ftM_sl288_ll0_pl0_dm128_ds4_expand1_dc4_nk6_tvdt1_tvB0_tvC1_useD0_trainlossonly_0<<<<<<<<<<<<<<<<<<<<<<<<<<<<<<<<<
loading model
test shape: torch.Size([138, 2]) torch.Size([138, 1])
gating_value: 0.0037649821463054504
accuracy:0.9855072463768116
model parameter : 55816
model size : 2.66MB
Using GPU
Args in experiment:
[1mBasic Config[0m
  Task Name:          classification_trainlossonlyIs Training:        0                   
  Model ID:           DodgerLoopWeekend   Model:              MambaSingleLayer    

[1mData Loader[0m
  Data:               UEA                 Root Path:          /data/yoom618/TSLib/dataset_UCR/DodgerLoopWeekend
  Data Path:          ETTh1.csv           Features:           M                   
  Target:             OT                  Freq:               h                   
  Checkpoints:        /data/yoom618/TSLib/checkpoints_best/MambaSL (UCR, inceptiontime-setting)

[1mModel Parameters[0m
  Top k:              5                   Num Kernels:        6                   
  Enc In:             7                   Dec In:             7                   
  C Out:              7                   d model:            128                 
  n heads:            8                   e layers:           2                   
  d layers:           1                   d FF:               4                   
  Moving Avg:         25                  Factor:             1                   
  Distil:             1                   Dropout:            0.1                 
  Embed:              timeF               Activation:         gelu                

[1mRun Parameters[0m
  Num Workers:        10                  Itr:                1                   
  Train Epochs:       100                 Batch Size:         16                  
  Patience:           10                  Learning Rate:      0.001               
  Des:                trainlossonly       Loss:               MSE                 
  Lradj:              type1               Use Amp:            0                   

[1mGPU[0m
  Use GPU:            1                   GPU:                0                   
  Use Multi GPU:      0                   Devices:            0,1,2,3             

[1mDe-stationary Projector Params[0m
  P Hidden Dims:      128, 128            P Hidden Layers:    2                   

20
138
>>>>>>>testing : classification_DodgerLoopWeekend_MambaSingleLayer_UEA_ftM_sl288_ll0_pl0_dm128_ds4_expand1_dc4_nk6_tvdt1_tvB1_tvC1_useD0_trainlossonly_0<<<<<<<<<<<<<<<<<<<<<<<<<<<<<<<<<
loading model
test shape: torch.Size([138, 2]) torch.Size([138, 1])
gating_value: 0.003596659228408142
accuracy:0.9855072463768116
model parameter : 55816
model size : 2.66MB
Using GPU
Args in experiment:
[1mBasic Config[0m
  Task Name:          classification_trainlossonlyIs Training:        0                   
  Model ID:           DodgerLoopWeekend   Model:              MambaSingleLayer    

[1mData Loader[0m
  Data:               UEA                 Root Path:          /data/yoom618/TSLib/dataset_UCR/DodgerLoopWeekend
  Data Path:          ETTh1.csv           Features:           M                   
  Target:             OT                  Freq:               h                   
  Checkpoints:        /data/yoom618/TSLib/checkpoints_best/MambaSL (UCR, inceptiontime-setting)

[1mModel Parameters[0m
  Top k:              5                   Num Kernels:        6                   
  Enc In:             7                   Dec In:             7                   
  C Out:              7                   d model:            128                 
  n heads:            8                   e layers:           2                   
  d layers:           1                   d FF:               8                   
  Moving Avg:         25                  Factor:             1                   
  Distil:             1                   Dropout:            0.1                 
  Embed:              timeF               Activation:         gelu                

[1mRun Parameters[0m
  Num Workers:        10                  Itr:                1                   
  Train Epochs:       100                 Batch Size:         16                  
  Patience:           10                  Learning Rate:      0.001               
  Des:                trainlossonly       Loss:               MSE                 
  Lradj:              type1               Use Amp:            0                   

[1mGPU[0m
  Use GPU:            1                   GPU:                0                   
  Use Multi GPU:      0                   Devices:            0,1,2,3             

[1mDe-stationary Projector Params[0m
  P Hidden Dims:      128, 128            P Hidden Layers:    2                   

20
138
>>>>>>>testing : classification_DodgerLoopWeekend_MambaSingleLayer_UEA_ftM_sl288_ll0_pl0_dm128_ds8_expand1_dc4_nk6_tvdt0_tvB0_tvC0_useD0_trainlossonly_0<<<<<<<<<<<<<<<<<<<<<<<<<<<<<<<<<
loading model
test shape: torch.Size([138, 2]) torch.Size([138, 1])
gating_value: 0.0037768426877648935
accuracy:0.9855072463768116
model parameter : 56328
model size : 2.66MB
Using GPU
Args in experiment:
[1mBasic Config[0m
  Task Name:          classification_trainlossonlyIs Training:        0                   
  Model ID:           DodgerLoopWeekend   Model:              MambaSingleLayer    

[1mData Loader[0m
  Data:               UEA                 Root Path:          /data/yoom618/TSLib/dataset_UCR/DodgerLoopWeekend
  Data Path:          ETTh1.csv           Features:           M                   
  Target:             OT                  Freq:               h                   
  Checkpoints:        /data/yoom618/TSLib/checkpoints_best/MambaSL (UCR, inceptiontime-setting)

[1mModel Parameters[0m
  Top k:              5                   Num Kernels:        6                   
  Enc In:             7                   Dec In:             7                   
  C Out:              7                   d model:            128                 
  n heads:            8                   e layers:           2                   
  d layers:           1                   d FF:               16                  
  Moving Avg:         25                  Factor:             1                   
  Distil:             1                   Dropout:            0.1                 
  Embed:              timeF               Activation:         gelu                

[1mRun Parameters[0m
  Num Workers:        10                  Itr:                1                   
  Train Epochs:       100                 Batch Size:         16                  
  Patience:           10                  Learning Rate:      0.001               
  Des:                trainlossonly       Loss:               MSE                 
  Lradj:              type1               Use Amp:            0                   

[1mGPU[0m
  Use GPU:            1                   GPU:                0                   
  Use Multi GPU:      0                   Devices:            0,1,2,3             

[1mDe-stationary Projector Params[0m
  P Hidden Dims:      128, 128            P Hidden Layers:    2                   

20
138
>>>>>>>testing : classification_DodgerLoopWeekend_MambaSingleLayer_UEA_ftM_sl288_ll0_pl0_dm128_ds16_expand1_dc4_nk6_tvdt0_tvB0_tvC0_useD0_trainlossonly_0<<<<<<<<<<<<<<<<<<<<<<<<<<<<<<<<<
loading model
test shape: torch.Size([138, 2]) torch.Size([138, 1])
gating_value: 0.003810967219170129
accuracy:0.9855072463768116
model parameter : 59400
model size : 2.67MB
Using GPU
Args in experiment:
[1mBasic Config[0m
  Task Name:          classification_trainlossonlyIs Training:        0                   
  Model ID:           DodgerLoopWeekend   Model:              MambaSingleLayer    

[1mData Loader[0m
  Data:               UEA                 Root Path:          /data/yoom618/TSLib/dataset_UCR/DodgerLoopWeekend
  Data Path:          ETTh1.csv           Features:           M                   
  Target:             OT                  Freq:               h                   
  Checkpoints:        /data/yoom618/TSLib/checkpoints_best/MambaSL (UCR, inceptiontime-setting)

[1mModel Parameters[0m
  Top k:              5                   Num Kernels:        6                   
  Enc In:             7                   Dec In:             7                   
  C Out:              7                   d model:            128                 
  n heads:            8                   e layers:           2                   
  d layers:           1                   d FF:               16                  
  Moving Avg:         25                  Factor:             1                   
  Distil:             1                   Dropout:            0.1                 
  Embed:              timeF               Activation:         gelu                

[1mRun Parameters[0m
  Num Workers:        10                  Itr:                1                   
  Train Epochs:       100                 Batch Size:         16                  
  Patience:           10                  Learning Rate:      0.001               
  Des:                trainlossonly       Loss:               MSE                 
  Lradj:              type1               Use Amp:            0                   

[1mGPU[0m
  Use GPU:            1                   GPU:                0                   
  Use Multi GPU:      0                   Devices:            0,1,2,3             

[1mDe-stationary Projector Params[0m
  P Hidden Dims:      128, 128            P Hidden Layers:    2                   

20
138
>>>>>>>testing : classification_DodgerLoopWeekend_MambaSingleLayer_UEA_ftM_sl288_ll0_pl0_dm128_ds16_expand1_dc4_nk6_tvdt0_tvB0_tvC1_useD0_trainlossonly_0<<<<<<<<<<<<<<<<<<<<<<<<<<<<<<<<<
loading model
test shape: torch.Size([138, 2]) torch.Size([138, 1])
gating_value: 0.0035982664212233562
accuracy:0.9855072463768116
model parameter : 59400
model size : 2.67MB
Using GPU
Args in experiment:
[1mBasic Config[0m
  Task Name:          classification_trainlossonlyIs Training:        0                   
  Model ID:           DodgerLoopWeekend   Model:              MambaSingleLayer    

[1mData Loader[0m
  Data:               UEA                 Root Path:          /data/yoom618/TSLib/dataset_UCR/DodgerLoopWeekend
  Data Path:          ETTh1.csv           Features:           M                   
  Target:             OT                  Freq:               h                   
  Checkpoints:        /data/yoom618/TSLib/checkpoints_best/MambaSL (UCR, inceptiontime-setting)

[1mModel Parameters[0m
  Top k:              5                   Num Kernels:        6                   
  Enc In:             7                   Dec In:             7                   
  C Out:              7                   d model:            256                 
  n heads:            8                   e layers:           2                   
  d layers:           1                   d FF:               1                   
  Moving Avg:         25                  Factor:             1                   
  Distil:             1                   Dropout:            0.1                 
  Embed:              timeF               Activation:         gelu                

[1mRun Parameters[0m
  Num Workers:        10                  Itr:                1                   
  Train Epochs:       100                 Batch Size:         16                  
  Patience:           10                  Learning Rate:      0.001               
  Des:                trainlossonly       Loss:               MSE                 
  Lradj:              type1               Use Amp:            0                   

[1mGPU[0m
  Use GPU:            1                   GPU:                0                   
  Use Multi GPU:      0                   Devices:            0,1,2,3             

[1mDe-stationary Projector Params[0m
  P Hidden Dims:      128, 128            P Hidden Layers:    2                   

20
138
>>>>>>>testing : classification_DodgerLoopWeekend_MambaSingleLayer_UEA_ftM_sl288_ll0_pl0_dm256_ds1_expand1_dc4_nk6_tvdt0_tvB1_tvC1_useD0_trainlossonly_0<<<<<<<<<<<<<<<<<<<<<<<<<<<<<<<<<
loading model
test shape: torch.Size([138, 2]) torch.Size([138, 1])
gating_value: 0.0038486268688533187
accuracy:0.9855072463768116
model parameter : 207624
model size : 5.68MB
Using GPU
Args in experiment:
[1mBasic Config[0m
  Task Name:          classification_trainlossonlyIs Training:        0                   
  Model ID:           DodgerLoopWeekend   Model:              MambaSingleLayer    

[1mData Loader[0m
  Data:               UEA                 Root Path:          /data/yoom618/TSLib/dataset_UCR/DodgerLoopWeekend
  Data Path:          ETTh1.csv           Features:           M                   
  Target:             OT                  Freq:               h                   
  Checkpoints:        /data/yoom618/TSLib/checkpoints_best/MambaSL (UCR, inceptiontime-setting)

[1mModel Parameters[0m
  Top k:              5                   Num Kernels:        6                   
  Enc In:             7                   Dec In:             7                   
  C Out:              7                   d model:            256                 
  n heads:            8                   e layers:           2                   
  d layers:           1                   d FF:               2                   
  Moving Avg:         25                  Factor:             1                   
  Distil:             1                   Dropout:            0.1                 
  Embed:              timeF               Activation:         gelu                

[1mRun Parameters[0m
  Num Workers:        10                  Itr:                1                   
  Train Epochs:       100                 Batch Size:         16                  
  Patience:           10                  Learning Rate:      0.001               
  Des:                trainlossonly       Loss:               MSE                 
  Lradj:              type1               Use Amp:            0                   

[1mGPU[0m
  Use GPU:            1                   GPU:                0                   
  Use Multi GPU:      0                   Devices:            0,1,2,3             

[1mDe-stationary Projector Params[0m
  P Hidden Dims:      128, 128            P Hidden Layers:    2                   

20
138
>>>>>>>testing : classification_DodgerLoopWeekend_MambaSingleLayer_UEA_ftM_sl288_ll0_pl0_dm256_ds2_expand1_dc4_nk6_tvdt0_tvB0_tvC0_useD0_trainlossonly_0<<<<<<<<<<<<<<<<<<<<<<<<<<<<<<<<<
loading model
test shape: torch.Size([138, 2]) torch.Size([138, 1])
gating_value: 0.003841521792059791
accuracy:0.9855072463768116
model parameter : 208392
model size : 5.68MB
Using GPU
Args in experiment:
[1mBasic Config[0m
  Task Name:          classification_trainlossonlyIs Training:        0                   
  Model ID:           DodgerLoopWeekend   Model:              MambaSingleLayer    

[1mData Loader[0m
  Data:               UEA                 Root Path:          /data/yoom618/TSLib/dataset_UCR/DodgerLoopWeekend
  Data Path:          ETTh1.csv           Features:           M                   
  Target:             OT                  Freq:               h                   
  Checkpoints:        /data/yoom618/TSLib/checkpoints_best/MambaSL (UCR, inceptiontime-setting)

[1mModel Parameters[0m
  Top k:              5                   Num Kernels:        6                   
  Enc In:             7                   Dec In:             7                   
  C Out:              7                   d model:            256                 
  n heads:            8                   e layers:           2                   
  d layers:           1                   d FF:               1                   
  Moving Avg:         25                  Factor:             1                   
  Distil:             1                   Dropout:            0.1                 
  Embed:              timeF               Activation:         gelu                

[1mRun Parameters[0m
  Num Workers:        10                  Itr:                1                   
  Train Epochs:       100                 Batch Size:         16                  
  Patience:           10                  Learning Rate:      0.001               
  Des:                trainlossonly       Loss:               MSE                 
  Lradj:              type1               Use Amp:            0                   

[1mGPU[0m
  Use GPU:            1                   GPU:                0                   
  Use Multi GPU:      0                   Devices:            0,1,2,3             

[1mDe-stationary Projector Params[0m
  P Hidden Dims:      128, 128            P Hidden Layers:    2                   

20
138
>>>>>>>testing : classification_DodgerLoopWeekend_MambaSingleLayer_UEA_ftM_sl288_ll0_pl0_dm256_ds1_expand1_dc4_nk6_tvdt1_tvB0_tvC1_useD0_trainlossonly_0<<<<<<<<<<<<<<<<<<<<<<<<<<<<<<<<<
loading model
test shape: torch.Size([138, 2]) torch.Size([138, 1])
gating_value: 0.003990503190004308
accuracy:0.9855072463768116
model parameter : 211720
model size : 5.70MB
Using GPU
Args in experiment:
[1mBasic Config[0m
  Task Name:          classification_trainlossonlyIs Training:        0                   
  Model ID:           DodgerLoopWeekend   Model:              MambaSingleLayer    

[1mData Loader[0m
  Data:               UEA                 Root Path:          /data/yoom618/TSLib/dataset_UCR/DodgerLoopWeekend
  Data Path:          ETTh1.csv           Features:           M                   
  Target:             OT                  Freq:               h                   
  Checkpoints:        /data/yoom618/TSLib/checkpoints_best/MambaSL (UCR, inceptiontime-setting)

[1mModel Parameters[0m
  Top k:              5                   Num Kernels:        6                   
  Enc In:             7                   Dec In:             7                   
  C Out:              7                   d model:            256                 
  n heads:            8                   e layers:           2                   
  d layers:           1                   d FF:               1                   
  Moving Avg:         25                  Factor:             1                   
  Distil:             1                   Dropout:            0.1                 
  Embed:              timeF               Activation:         gelu                

[1mRun Parameters[0m
  Num Workers:        10                  Itr:                1                   
  Train Epochs:       100                 Batch Size:         16                  
  Patience:           10                  Learning Rate:      0.001               
  Des:                trainlossonly       Loss:               MSE                 
  Lradj:              type1               Use Amp:            0                   

[1mGPU[0m
  Use GPU:            1                   GPU:                0                   
  Use Multi GPU:      0                   Devices:            0,1,2,3             

[1mDe-stationary Projector Params[0m
  P Hidden Dims:      128, 128            P Hidden Layers:    2                   

20
138
>>>>>>>testing : classification_DodgerLoopWeekend_MambaSingleLayer_UEA_ftM_sl288_ll0_pl0_dm256_ds1_expand1_dc4_nk6_tvdt1_tvB1_tvC1_useD0_trainlossonly_0<<<<<<<<<<<<<<<<<<<<<<<<<<<<<<<<<
loading model
test shape: torch.Size([138, 2]) torch.Size([138, 1])
gating_value: 0.003625472115042309
accuracy:0.9855072463768116
model parameter : 211720
model size : 5.70MB
