Using GPU
Args in experiment:
[1mBasic Config[0m
  Task Name:          classification_trainlossonlyIs Training:        0                   
  Model ID:           Fungi               Model:              MambaSingleLayer    

[1mData Loader[0m
  Data:               UEA                 Root Path:          /data/yoom618/TSLib/dataset_UCR/Fungi
  Data Path:          ETTh1.csv           Features:           M                   
  Target:             OT                  Freq:               h                   
  Checkpoints:        /data/yoom618/TSLib/checkpoints_best/MambaSL (UCR, inceptiontime-setting)

[1mModel Parameters[0m
  Top k:              5                   Num Kernels:        5                   
  Enc In:             7                   Dec In:             7                   
  C Out:              7                   d model:            512                 
  n heads:            8                   e layers:           2                   
  d layers:           1                   d FF:               4                   
  Moving Avg:         25                  Factor:             1                   
  Distil:             1                   Dropout:            0.1                 
  Embed:              timeF               Activation:         gelu                

[1mRun Parameters[0m
  Num Workers:        10                  Itr:                1                   
  Train Epochs:       100                 Batch Size:         16                  
  Patience:           10                  Learning Rate:      0.001               
  Des:                trainlossonly       Loss:               MSE                 
  Lradj:              type1               Use Amp:            0                   

[1mGPU[0m
  Use GPU:            1                   GPU:                0                   
  Use Multi GPU:      0                   Devices:            0,1,2,3             

[1mDe-stationary Projector Params[0m
  P Hidden Dims:      128, 128            P Hidden Layers:    2                   

18
186
>>>>>>>testing : classification_Fungi_MambaSingleLayer_UEA_ftM_sl201_ll0_pl0_dm512_ds4_expand1_dc4_nk5_tvdt1_tvB0_tvC1_useD0_trainlossonly_0<<<<<<<<<<<<<<<<<<<<<<<<<<<<<<<<<
loading model
test shape: torch.Size([186, 18]) torch.Size([186, 1])
gating_value: 0.037752314195317285
accuracy:1.0
model parameter : 845320
model size : 13.00MB
Using GPU
Args in experiment:
[1mBasic Config[0m
  Task Name:          classification_trainlossonlyIs Training:        0                   
  Model ID:           Fungi               Model:              MambaSingleLayer    

[1mData Loader[0m
  Data:               UEA                 Root Path:          /data/yoom618/TSLib/dataset_UCR/Fungi
  Data Path:          ETTh1.csv           Features:           M                   
  Target:             OT                  Freq:               h                   
  Checkpoints:        /data/yoom618/TSLib/checkpoints_best/MambaSL (UCR, inceptiontime-setting)

[1mModel Parameters[0m
  Top k:              5                   Num Kernels:        5                   
  Enc In:             7                   Dec In:             7                   
  C Out:              7                   d model:            512                 
  n heads:            8                   e layers:           2                   
  d layers:           1                   d FF:               8                   
  Moving Avg:         25                  Factor:             1                   
  Distil:             1                   Dropout:            0.1                 
  Embed:              timeF               Activation:         gelu                

[1mRun Parameters[0m
  Num Workers:        10                  Itr:                1                   
  Train Epochs:       100                 Batch Size:         16                  
  Patience:           10                  Learning Rate:      0.001               
  Des:                trainlossonly       Loss:               MSE                 
  Lradj:              type1               Use Amp:            0                   

[1mGPU[0m
  Use GPU:            1                   GPU:                0                   
  Use Multi GPU:      0                   Devices:            0,1,2,3             

[1mDe-stationary Projector Params[0m
  P Hidden Dims:      128, 128            P Hidden Layers:    2                   

18
186
>>>>>>>testing : classification_Fungi_MambaSingleLayer_UEA_ftM_sl201_ll0_pl0_dm512_ds8_expand1_dc4_nk5_tvdt1_tvB0_tvC1_useD0_trainlossonly_0<<<<<<<<<<<<<<<<<<<<<<<<<<<<<<<<<
loading model
test shape: torch.Size([186, 18]) torch.Size([186, 1])
gating_value: 0.0506216006964365
accuracy:1.0
model parameter : 851464
model size : 13.02MB
Using GPU
Args in experiment:
[1mBasic Config[0m
  Task Name:          classification_trainlossonlyIs Training:        0                   
  Model ID:           Fungi               Model:              MambaSingleLayer    

[1mData Loader[0m
  Data:               UEA                 Root Path:          /data/yoom618/TSLib/dataset_UCR/Fungi
  Data Path:          ETTh1.csv           Features:           M                   
  Target:             OT                  Freq:               h                   
  Checkpoints:        /data/yoom618/TSLib/checkpoints_best/MambaSL (UCR, inceptiontime-setting)

[1mModel Parameters[0m
  Top k:              5                   Num Kernels:        5                   
  Enc In:             7                   Dec In:             7                   
  C Out:              7                   d model:            512                 
  n heads:            8                   e layers:           2                   
  d layers:           1                   d FF:               16                  
  Moving Avg:         25                  Factor:             1                   
  Distil:             1                   Dropout:            0.1                 
  Embed:              timeF               Activation:         gelu                

[1mRun Parameters[0m
  Num Workers:        10                  Itr:                1                   
  Train Epochs:       100                 Batch Size:         16                  
  Patience:           10                  Learning Rate:      0.001               
  Des:                trainlossonly       Loss:               MSE                 
  Lradj:              type1               Use Amp:            0                   

[1mGPU[0m
  Use GPU:            1                   GPU:                0                   
  Use Multi GPU:      0                   Devices:            0,1,2,3             

[1mDe-stationary Projector Params[0m
  P Hidden Dims:      128, 128            P Hidden Layers:    2                   

18
186
>>>>>>>testing : classification_Fungi_MambaSingleLayer_UEA_ftM_sl201_ll0_pl0_dm512_ds16_expand1_dc4_nk5_tvdt1_tvB1_tvC0_useD0_trainlossonly_0<<<<<<<<<<<<<<<<<<<<<<<<<<<<<<<<<
loading model
test shape: torch.Size([186, 18]) torch.Size([186, 1])
gating_value: 0.03892434170089101
accuracy:1.0
model parameter : 863752
model size : 13.07MB
Using GPU
Args in experiment:
[1mBasic Config[0m
  Task Name:          classification_trainlossonlyIs Training:        0                   
  Model ID:           Fungi               Model:              MambaSingleLayer    

[1mData Loader[0m
  Data:               UEA                 Root Path:          /data/yoom618/TSLib/dataset_UCR/Fungi
  Data Path:          ETTh1.csv           Features:           M                   
  Target:             OT                  Freq:               h                   
  Checkpoints:        /data/yoom618/TSLib/checkpoints_best/MambaSL (UCR, inceptiontime-setting)

[1mModel Parameters[0m
  Top k:              5                   Num Kernels:        5                   
  Enc In:             7                   Dec In:             7                   
  C Out:              7                   d model:            1024                
  n heads:            8                   e layers:           2                   
  d layers:           1                   d FF:               8                   
  Moving Avg:         25                  Factor:             1                   
  Distil:             1                   Dropout:            0.1                 
  Embed:              timeF               Activation:         gelu                

[1mRun Parameters[0m
  Num Workers:        10                  Itr:                1                   
  Train Epochs:       100                 Batch Size:         16                  
  Patience:           10                  Learning Rate:      0.001               
  Des:                trainlossonly       Loss:               MSE                 
  Lradj:              type1               Use Amp:            0                   

[1mGPU[0m
  Use GPU:            1                   GPU:                0                   
  Use Multi GPU:      0                   Devices:            0,1,2,3             

[1mDe-stationary Projector Params[0m
  P Hidden Dims:      128, 128            P Hidden Layers:    2                   

18
186
>>>>>>>testing : classification_Fungi_MambaSingleLayer_UEA_ftM_sl201_ll0_pl0_dm1024_ds8_expand1_dc4_nk5_tvdt0_tvB0_tvC0_useD0_trainlossonly_0<<<<<<<<<<<<<<<<<<<<<<<<<<<<<<<<<
loading model
test shape: torch.Size([186, 18]) torch.Size([186, 1])
gating_value: 0.04129023623642742
accuracy:1.0
model parameter : 3275784
model size : 32.03MB
Using GPU
Args in experiment:
[1mBasic Config[0m
  Task Name:          classification_trainlossonlyIs Training:        0                   
  Model ID:           Fungi               Model:              MambaSingleLayer    

[1mData Loader[0m
  Data:               UEA                 Root Path:          /data/yoom618/TSLib/dataset_UCR/Fungi
  Data Path:          ETTh1.csv           Features:           M                   
  Target:             OT                  Freq:               h                   
  Checkpoints:        /data/yoom618/TSLib/checkpoints_best/MambaSL (UCR, inceptiontime-setting)

[1mModel Parameters[0m
  Top k:              5                   Num Kernels:        5                   
  Enc In:             7                   Dec In:             7                   
  C Out:              7                   d model:            1024                
  n heads:            8                   e layers:           2                   
  d layers:           1                   d FF:               16                  
  Moving Avg:         25                  Factor:             1                   
  Distil:             1                   Dropout:            0.1                 
  Embed:              timeF               Activation:         gelu                

[1mRun Parameters[0m
  Num Workers:        10                  Itr:                1                   
  Train Epochs:       100                 Batch Size:         16                  
  Patience:           10                  Learning Rate:      0.001               
  Des:                trainlossonly       Loss:               MSE                 
  Lradj:              type1               Use Amp:            0                   

[1mGPU[0m
  Use GPU:            1                   GPU:                0                   
  Use Multi GPU:      0                   Devices:            0,1,2,3             

[1mDe-stationary Projector Params[0m
  P Hidden Dims:      128, 128            P Hidden Layers:    2                   

18
186
>>>>>>>testing : classification_Fungi_MambaSingleLayer_UEA_ftM_sl201_ll0_pl0_dm1024_ds16_expand1_dc4_nk5_tvdt0_tvB0_tvC0_useD0_trainlossonly_0<<<<<<<<<<<<<<<<<<<<<<<<<<<<<<<<<
loading model
test shape: torch.Size([186, 18]) torch.Size([186, 1])
gating_value: 0.04597743247104909
accuracy:1.0
model parameter : 3300360
model size : 32.13MB
