Using GPU
Args in experiment:
[1mBasic Config[0m
  Task Name:          classification_trainlossonlyIs Training:        0                   
  Model ID:           GestureMidAirD2     Model:              MambaSingleLayer    

[1mData Loader[0m
  Data:               UEA                 Root Path:          /data/yoom618/TSLib/dataset_UCR/GestureMidAirD2
  Data Path:          ETTh1.csv           Features:           M                   
  Target:             OT                  Freq:               h                   
  Checkpoints:        /data/yoom618/TSLib/checkpoints_best/MambaSL (UCR, inceptiontime-setting)

[1mModel Parameters[0m
  Top k:              5                   Num Kernels:        8                   
  Enc In:             7                   Dec In:             7                   
  C Out:              7                   d model:            256                 
  n heads:            8                   e layers:           2                   
  d layers:           1                   d FF:               16                  
  Moving Avg:         25                  Factor:             1                   
  Distil:             1                   Dropout:            0.1                 
  Embed:              timeF               Activation:         gelu                

[1mRun Parameters[0m
  Num Workers:        10                  Itr:                1                   
  Train Epochs:       100                 Batch Size:         16                  
  Patience:           10                  Learning Rate:      0.001               
  Des:                trainlossonly       Loss:               MSE                 
  Lradj:              type1               Use Amp:            0                   

[1mGPU[0m
  Use GPU:            1                   GPU:                0                   
  Use Multi GPU:      0                   Devices:            0,1,2,3             

[1mDe-stationary Projector Params[0m
  P Hidden Dims:      128, 128            P Hidden Layers:    2                   

208
130
>>>>>>>testing : classification_GestureMidAirD2_MambaSingleLayer_UEA_ftM_sl360_ll0_pl0_dm256_ds16_expand1_dc4_nk8_tvdt0_tvB1_tvC0_useD0_trainlossonly_0<<<<<<<<<<<<<<<<<<<<<<<<<<<<<<<<<
loading model
test shape: torch.Size([130, 26]) torch.Size([130, 1])
gating_value: 0.06497547015404471
accuracy:0.5692307692307692
model parameter : 225800
model size : 5.75MB
Using GPU
Args in experiment:
[1mBasic Config[0m
  Task Name:          classification_trainlossonlyIs Training:        0                   
  Model ID:           GestureMidAirD2     Model:              MambaSingleLayer    

[1mData Loader[0m
  Data:               UEA                 Root Path:          /data/yoom618/TSLib/dataset_UCR/GestureMidAirD2
  Data Path:          ETTh1.csv           Features:           M                   
  Target:             OT                  Freq:               h                   
  Checkpoints:        /data/yoom618/TSLib/checkpoints_best/MambaSL (UCR, inceptiontime-setting)

[1mModel Parameters[0m
  Top k:              5                   Num Kernels:        8                   
  Enc In:             7                   Dec In:             7                   
  C Out:              7                   d model:            1024                
  n heads:            8                   e layers:           2                   
  d layers:           1                   d FF:               2                   
  Moving Avg:         25                  Factor:             1                   
  Distil:             1                   Dropout:            0.1                 
  Embed:              timeF               Activation:         gelu                

[1mRun Parameters[0m
  Num Workers:        10                  Itr:                1                   
  Train Epochs:       100                 Batch Size:         16                  
  Patience:           10                  Learning Rate:      0.001               
  Des:                trainlossonly       Loss:               MSE                 
  Lradj:              type1               Use Amp:            0                   

[1mGPU[0m
  Use GPU:            1                   GPU:                0                   
  Use Multi GPU:      0                   Devices:            0,1,2,3             

[1mDe-stationary Projector Params[0m
  P Hidden Dims:      128, 128            P Hidden Layers:    2                   

208
130
>>>>>>>testing : classification_GestureMidAirD2_MambaSingleLayer_UEA_ftM_sl360_ll0_pl0_dm1024_ds2_expand1_dc4_nk8_tvdt0_tvB1_tvC0_useD0_trainlossonly_0<<<<<<<<<<<<<<<<<<<<<<<<<<<<<<<<<
loading model
test shape: torch.Size([130, 26]) torch.Size([130, 1])
gating_value: 0.03664545866732414
accuracy:0.5692307692307692
model parameter : 3268616
model size : 32.01MB
Using GPU
Args in experiment:
[1mBasic Config[0m
  Task Name:          classification_trainlossonlyIs Training:        0                   
  Model ID:           GestureMidAirD2     Model:              MambaSingleLayer    

[1mData Loader[0m
  Data:               UEA                 Root Path:          /data/yoom618/TSLib/dataset_UCR/GestureMidAirD2
  Data Path:          ETTh1.csv           Features:           M                   
  Target:             OT                  Freq:               h                   
  Checkpoints:        /data/yoom618/TSLib/checkpoints_best/MambaSL (UCR, inceptiontime-setting)

[1mModel Parameters[0m
  Top k:              5                   Num Kernels:        8                   
  Enc In:             7                   Dec In:             7                   
  C Out:              7                   d model:            1024                
  n heads:            8                   e layers:           2                   
  d layers:           1                   d FF:               8                   
  Moving Avg:         25                  Factor:             1                   
  Distil:             1                   Dropout:            0.1                 
  Embed:              timeF               Activation:         gelu                

[1mRun Parameters[0m
  Num Workers:        10                  Itr:                1                   
  Train Epochs:       100                 Batch Size:         16                  
  Patience:           10                  Learning Rate:      0.001               
  Des:                trainlossonly       Loss:               MSE                 
  Lradj:              type1               Use Amp:            0                   

[1mGPU[0m
  Use GPU:            1                   GPU:                0                   
  Use Multi GPU:      0                   Devices:            0,1,2,3             

[1mDe-stationary Projector Params[0m
  P Hidden Dims:      128, 128            P Hidden Layers:    2                   

208
130
>>>>>>>testing : classification_GestureMidAirD2_MambaSingleLayer_UEA_ftM_sl360_ll0_pl0_dm1024_ds8_expand1_dc4_nk8_tvdt1_tvB1_tvC0_useD0_trainlossonly_0<<<<<<<<<<<<<<<<<<<<<<<<<<<<<<<<<
loading model
test shape: torch.Size([130, 26]) torch.Size([130, 1])
gating_value: 0.028918722171622974
accuracy:0.5692307692307692
model parameter : 3352584
model size : 32.33MB
