Using GPU
Args in experiment:
[1mBasic Config[0m
  Task Name:          classification_trainlossonlyIs Training:        0                   
  Model ID:           Trace               Model:              MambaSingleLayer    

[1mData Loader[0m
  Data:               UEA                 Root Path:          /data/yoom618/TSLib/dataset_UCR/Trace
  Data Path:          ETTh1.csv           Features:           M                   
  Target:             OT                  Freq:               h                   
  Checkpoints:        /data/yoom618/TSLib/checkpoints_best/MambaSL (UCR, inceptiontime-setting)

[1mModel Parameters[0m
  Top k:              5                   Num Kernels:        6                   
  Enc In:             7                   Dec In:             7                   
  C Out:              7                   d model:            32                  
  n heads:            8                   e layers:           2                   
  d layers:           1                   d FF:               1                   
  Moving Avg:         25                  Factor:             1                   
  Distil:             1                   Dropout:            0.1                 
  Embed:              timeF               Activation:         gelu                

[1mRun Parameters[0m
  Num Workers:        10                  Itr:                1                   
  Train Epochs:       100                 Batch Size:         16                  
  Patience:           10                  Learning Rate:      0.001               
  Des:                trainlossonly       Loss:               MSE                 
  Lradj:              type1               Use Amp:            0                   

[1mGPU[0m
  Use GPU:            1                   GPU:                0                   
  Use Multi GPU:      0                   Devices:            0,1,2,3             

[1mDe-stationary Projector Params[0m
  P Hidden Dims:      128, 128            P Hidden Layers:    2                   

100
100
>>>>>>>testing : classification_Trace_MambaSingleLayer_UEA_ftM_sl275_ll0_pl0_dm32_ds1_expand1_dc4_nk6_tvdt1_tvB1_tvC1_useD0_trainlossonly_0<<<<<<<<<<<<<<<<<<<<<<<<<<<<<<<<<
loading model
test shape: torch.Size([100, 4]) torch.Size([100, 1])
gating_value: 0.022478012649808077
accuracy:1.0
model parameter : 4136
model size : 0.63MB
Using GPU
Args in experiment:
[1mBasic Config[0m
  Task Name:          classification_trainlossonlyIs Training:        0                   
  Model ID:           Trace               Model:              MambaSingleLayer    

[1mData Loader[0m
  Data:               UEA                 Root Path:          /data/yoom618/TSLib/dataset_UCR/Trace
  Data Path:          ETTh1.csv           Features:           M                   
  Target:             OT                  Freq:               h                   
  Checkpoints:        /data/yoom618/TSLib/checkpoints_best/MambaSL (UCR, inceptiontime-setting)

[1mModel Parameters[0m
  Top k:              5                   Num Kernels:        6                   
  Enc In:             7                   Dec In:             7                   
  C Out:              7                   d model:            32                  
  n heads:            8                   e layers:           2                   
  d layers:           1                   d FF:               8                   
  Moving Avg:         25                  Factor:             1                   
  Distil:             1                   Dropout:            0.1                 
  Embed:              timeF               Activation:         gelu                

[1mRun Parameters[0m
  Num Workers:        10                  Itr:                1                   
  Train Epochs:       100                 Batch Size:         16                  
  Patience:           10                  Learning Rate:      0.001               
  Des:                trainlossonly       Loss:               MSE                 
  Lradj:              type1               Use Amp:            0                   

[1mGPU[0m
  Use GPU:            1                   GPU:                0                   
  Use Multi GPU:      0                   Devices:            0,1,2,3             

[1mDe-stationary Projector Params[0m
  P Hidden Dims:      128, 128            P Hidden Layers:    2                   

100
100
>>>>>>>testing : classification_Trace_MambaSingleLayer_UEA_ftM_sl275_ll0_pl0_dm32_ds8_expand1_dc4_nk6_tvdt0_tvB1_tvC1_useD0_trainlossonly_0<<<<<<<<<<<<<<<<<<<<<<<<<<<<<<<<<
loading model
test shape: torch.Size([100, 4]) torch.Size([100, 1])
gating_value: 0.015050348956137896
accuracy:1.0
model parameter : 4744
model size : 0.63MB
Using GPU
Args in experiment:
[1mBasic Config[0m
  Task Name:          classification_trainlossonlyIs Training:        0                   
  Model ID:           Trace               Model:              MambaSingleLayer    

[1mData Loader[0m
  Data:               UEA                 Root Path:          /data/yoom618/TSLib/dataset_UCR/Trace
  Data Path:          ETTh1.csv           Features:           M                   
  Target:             OT                  Freq:               h                   
  Checkpoints:        /data/yoom618/TSLib/checkpoints_best/MambaSL (UCR, inceptiontime-setting)

[1mModel Parameters[0m
  Top k:              5                   Num Kernels:        6                   
  Enc In:             7                   Dec In:             7                   
  C Out:              7                   d model:            32                  
  n heads:            8                   e layers:           2                   
  d layers:           1                   d FF:               16                  
  Moving Avg:         25                  Factor:             1                   
  Distil:             1                   Dropout:            0.1                 
  Embed:              timeF               Activation:         gelu                

[1mRun Parameters[0m
  Num Workers:        10                  Itr:                1                   
  Train Epochs:       100                 Batch Size:         16                  
  Patience:           10                  Learning Rate:      0.001               
  Des:                trainlossonly       Loss:               MSE                 
  Lradj:              type1               Use Amp:            0                   

[1mGPU[0m
  Use GPU:            1                   GPU:                0                   
  Use Multi GPU:      0                   Devices:            0,1,2,3             

[1mDe-stationary Projector Params[0m
  P Hidden Dims:      128, 128            P Hidden Layers:    2                   

100
100
>>>>>>>testing : classification_Trace_MambaSingleLayer_UEA_ftM_sl275_ll0_pl0_dm32_ds16_expand1_dc4_nk6_tvdt0_tvB1_tvC1_useD0_trainlossonly_0<<<<<<<<<<<<<<<<<<<<<<<<<<<<<<<<<
loading model
test shape: torch.Size([100, 4]) torch.Size([100, 1])
gating_value: 0.005473975851200521
accuracy:1.0
model parameter : 5512
model size : 0.64MB
Using GPU
Args in experiment:
[1mBasic Config[0m
  Task Name:          classification_trainlossonlyIs Training:        0                   
  Model ID:           Trace               Model:              MambaSingleLayer    

[1mData Loader[0m
  Data:               UEA                 Root Path:          /data/yoom618/TSLib/dataset_UCR/Trace
  Data Path:          ETTh1.csv           Features:           M                   
  Target:             OT                  Freq:               h                   
  Checkpoints:        /data/yoom618/TSLib/checkpoints_best/MambaSL (UCR, inceptiontime-setting)

[1mModel Parameters[0m
  Top k:              5                   Num Kernels:        6                   
  Enc In:             7                   Dec In:             7                   
  C Out:              7                   d model:            32                  
  n heads:            8                   e layers:           2                   
  d layers:           1                   d FF:               16                  
  Moving Avg:         25                  Factor:             1                   
  Distil:             1                   Dropout:            0.1                 
  Embed:              timeF               Activation:         gelu                

[1mRun Parameters[0m
  Num Workers:        10                  Itr:                1                   
  Train Epochs:       100                 Batch Size:         16                  
  Patience:           10                  Learning Rate:      0.001               
  Des:                trainlossonly       Loss:               MSE                 
  Lradj:              type1               Use Amp:            0                   

[1mGPU[0m
  Use GPU:            1                   GPU:                0                   
  Use Multi GPU:      0                   Devices:            0,1,2,3             

[1mDe-stationary Projector Params[0m
  P Hidden Dims:      128, 128            P Hidden Layers:    2                   

100
100
>>>>>>>testing : classification_Trace_MambaSingleLayer_UEA_ftM_sl275_ll0_pl0_dm32_ds16_expand1_dc4_nk6_tvdt1_tvB1_tvC0_useD0_trainlossonly_0<<<<<<<<<<<<<<<<<<<<<<<<<<<<<<<<<
loading model
test shape: torch.Size([100, 4]) torch.Size([100, 1])
gating_value: 0.020905624646693467
accuracy:1.0
model parameter : 5576
model size : 0.64MB
Using GPU
Args in experiment:
[1mBasic Config[0m
  Task Name:          classification_trainlossonlyIs Training:        0                   
  Model ID:           Trace               Model:              MambaSingleLayer    

[1mData Loader[0m
  Data:               UEA                 Root Path:          /data/yoom618/TSLib/dataset_UCR/Trace
  Data Path:          ETTh1.csv           Features:           M                   
  Target:             OT                  Freq:               h                   
  Checkpoints:        /data/yoom618/TSLib/checkpoints_best/MambaSL (UCR, inceptiontime-setting)

[1mModel Parameters[0m
  Top k:              5                   Num Kernels:        6                   
  Enc In:             7                   Dec In:             7                   
  C Out:              7                   d model:            64                  
  n heads:            8                   e layers:           2                   
  d layers:           1                   d FF:               1                   
  Moving Avg:         25                  Factor:             1                   
  Distil:             1                   Dropout:            0.1                 
  Embed:              timeF               Activation:         gelu                

[1mRun Parameters[0m
  Num Workers:        10                  Itr:                1                   
  Train Epochs:       100                 Batch Size:         16                  
  Patience:           10                  Learning Rate:      0.001               
  Des:                trainlossonly       Loss:               MSE                 
  Lradj:              type1               Use Amp:            0                   

[1mGPU[0m
  Use GPU:            1                   GPU:                0                   
  Use Multi GPU:      0                   Devices:            0,1,2,3             

[1mDe-stationary Projector Params[0m
  P Hidden Dims:      128, 128            P Hidden Layers:    2                   

100
100
>>>>>>>testing : classification_Trace_MambaSingleLayer_UEA_ftM_sl275_ll0_pl0_dm64_ds1_expand1_dc4_nk6_tvdt0_tvB1_tvC1_useD0_trainlossonly_0<<<<<<<<<<<<<<<<<<<<<<<<<<<<<<<<<
loading model
test shape: torch.Size([100, 4]) torch.Size([100, 1])
gating_value: 0.007698477536905557
accuracy:1.0
model parameter : 14408
model size : 1.28MB
Using GPU
Args in experiment:
[1mBasic Config[0m
  Task Name:          classification_trainlossonlyIs Training:        0                   
  Model ID:           Trace               Model:              MambaSingleLayer    

[1mData Loader[0m
  Data:               UEA                 Root Path:          /data/yoom618/TSLib/dataset_UCR/Trace
  Data Path:          ETTh1.csv           Features:           M                   
  Target:             OT                  Freq:               h                   
  Checkpoints:        /data/yoom618/TSLib/checkpoints_best/MambaSL (UCR, inceptiontime-setting)

[1mModel Parameters[0m
  Top k:              5                   Num Kernels:        6                   
  Enc In:             7                   Dec In:             7                   
  C Out:              7                   d model:            64                  
  n heads:            8                   e layers:           2                   
  d layers:           1                   d FF:               2                   
  Moving Avg:         25                  Factor:             1                   
  Distil:             1                   Dropout:            0.1                 
  Embed:              timeF               Activation:         gelu                

[1mRun Parameters[0m
  Num Workers:        10                  Itr:                1                   
  Train Epochs:       100                 Batch Size:         16                  
  Patience:           10                  Learning Rate:      0.001               
  Des:                trainlossonly       Loss:               MSE                 
  Lradj:              type1               Use Amp:            0                   

[1mGPU[0m
  Use GPU:            1                   GPU:                0                   
  Use Multi GPU:      0                   Devices:            0,1,2,3             

[1mDe-stationary Projector Params[0m
  P Hidden Dims:      128, 128            P Hidden Layers:    2                   

100
100
>>>>>>>testing : classification_Trace_MambaSingleLayer_UEA_ftM_sl275_ll0_pl0_dm64_ds2_expand1_dc4_nk6_tvdt0_tvB0_tvC1_useD0_trainlossonly_0<<<<<<<<<<<<<<<<<<<<<<<<<<<<<<<<<
loading model
test shape: torch.Size([100, 4]) torch.Size([100, 1])
gating_value: 0.04481322394451127
accuracy:1.0
model parameter : 14600
model size : 1.28MB
Using GPU
Args in experiment:
[1mBasic Config[0m
  Task Name:          classification_trainlossonlyIs Training:        0                   
  Model ID:           Trace               Model:              MambaSingleLayer    

[1mData Loader[0m
  Data:               UEA                 Root Path:          /data/yoom618/TSLib/dataset_UCR/Trace
  Data Path:          ETTh1.csv           Features:           M                   
  Target:             OT                  Freq:               h                   
  Checkpoints:        /data/yoom618/TSLib/checkpoints_best/MambaSL (UCR, inceptiontime-setting)

[1mModel Parameters[0m
  Top k:              5                   Num Kernels:        6                   
  Enc In:             7                   Dec In:             7                   
  C Out:              7                   d model:            64                  
  n heads:            8                   e layers:           2                   
  d layers:           1                   d FF:               2                   
  Moving Avg:         25                  Factor:             1                   
  Distil:             1                   Dropout:            0.1                 
  Embed:              timeF               Activation:         gelu                

[1mRun Parameters[0m
  Num Workers:        10                  Itr:                1                   
  Train Epochs:       100                 Batch Size:         16                  
  Patience:           10                  Learning Rate:      0.001               
  Des:                trainlossonly       Loss:               MSE                 
  Lradj:              type1               Use Amp:            0                   

[1mGPU[0m
  Use GPU:            1                   GPU:                0                   
  Use Multi GPU:      0                   Devices:            0,1,2,3             

[1mDe-stationary Projector Params[0m
  P Hidden Dims:      128, 128            P Hidden Layers:    2                   

100
100
>>>>>>>testing : classification_Trace_MambaSingleLayer_UEA_ftM_sl275_ll0_pl0_dm64_ds2_expand1_dc4_nk6_tvdt0_tvB1_tvC1_useD0_trainlossonly_0<<<<<<<<<<<<<<<<<<<<<<<<<<<<<<<<<
loading model
test shape: torch.Size([100, 4]) torch.Size([100, 1])
gating_value: 0.01049648911692202
accuracy:1.0
model parameter : 14600
model size : 1.28MB
Using GPU
Args in experiment:
[1mBasic Config[0m
  Task Name:          classification_trainlossonlyIs Training:        0                   
  Model ID:           Trace               Model:              MambaSingleLayer    

[1mData Loader[0m
  Data:               UEA                 Root Path:          /data/yoom618/TSLib/dataset_UCR/Trace
  Data Path:          ETTh1.csv           Features:           M                   
  Target:             OT                  Freq:               h                   
  Checkpoints:        /data/yoom618/TSLib/checkpoints_best/MambaSL (UCR, inceptiontime-setting)

[1mModel Parameters[0m
  Top k:              5                   Num Kernels:        6                   
  Enc In:             7                   Dec In:             7                   
  C Out:              7                   d model:            64                  
  n heads:            8                   e layers:           2                   
  d layers:           1                   d FF:               1                   
  Moving Avg:         25                  Factor:             1                   
  Distil:             1                   Dropout:            0.1                 
  Embed:              timeF               Activation:         gelu                

[1mRun Parameters[0m
  Num Workers:        10                  Itr:                1                   
  Train Epochs:       100                 Batch Size:         16                  
  Patience:           10                  Learning Rate:      0.001               
  Des:                trainlossonly       Loss:               MSE                 
  Lradj:              type1               Use Amp:            0                   

[1mGPU[0m
  Use GPU:            1                   GPU:                0                   
  Use Multi GPU:      0                   Devices:            0,1,2,3             

[1mDe-stationary Projector Params[0m
  P Hidden Dims:      128, 128            P Hidden Layers:    2                   

100
100
>>>>>>>testing : classification_Trace_MambaSingleLayer_UEA_ftM_sl275_ll0_pl0_dm64_ds1_expand1_dc4_nk6_tvdt1_tvB1_tvC0_useD0_trainlossonly_0<<<<<<<<<<<<<<<<<<<<<<<<<<<<<<<<<
loading model
test shape: torch.Size([100, 4]) torch.Size([100, 1])
gating_value: 0.006358484113588929
accuracy:1.0
model parameter : 14664
model size : 1.28MB
Using GPU
Args in experiment:
[1mBasic Config[0m
  Task Name:          classification_trainlossonlyIs Training:        0                   
  Model ID:           Trace               Model:              MambaSingleLayer    

[1mData Loader[0m
  Data:               UEA                 Root Path:          /data/yoom618/TSLib/dataset_UCR/Trace
  Data Path:          ETTh1.csv           Features:           M                   
  Target:             OT                  Freq:               h                   
  Checkpoints:        /data/yoom618/TSLib/checkpoints_best/MambaSL (UCR, inceptiontime-setting)

[1mModel Parameters[0m
  Top k:              5                   Num Kernels:        6                   
  Enc In:             7                   Dec In:             7                   
  C Out:              7                   d model:            64                  
  n heads:            8                   e layers:           2                   
  d layers:           1                   d FF:               2                   
  Moving Avg:         25                  Factor:             1                   
  Distil:             1                   Dropout:            0.1                 
  Embed:              timeF               Activation:         gelu                

[1mRun Parameters[0m
  Num Workers:        10                  Itr:                1                   
  Train Epochs:       100                 Batch Size:         16                  
  Patience:           10                  Learning Rate:      0.001               
  Des:                trainlossonly       Loss:               MSE                 
  Lradj:              type1               Use Amp:            0                   

[1mGPU[0m
  Use GPU:            1                   GPU:                0                   
  Use Multi GPU:      0                   Devices:            0,1,2,3             

[1mDe-stationary Projector Params[0m
  P Hidden Dims:      128, 128            P Hidden Layers:    2                   

100
100
>>>>>>>testing : classification_Trace_MambaSingleLayer_UEA_ftM_sl275_ll0_pl0_dm64_ds2_expand1_dc4_nk6_tvdt1_tvB0_tvC1_useD0_trainlossonly_0<<<<<<<<<<<<<<<<<<<<<<<<<<<<<<<<<
loading model
test shape: torch.Size([100, 4]) torch.Size([100, 1])
gating_value: 0.024811904921662062
accuracy:1.0
model parameter : 14856
model size : 1.28MB
Using GPU
Args in experiment:
[1mBasic Config[0m
  Task Name:          classification_trainlossonlyIs Training:        0                   
  Model ID:           Trace               Model:              MambaSingleLayer    

[1mData Loader[0m
  Data:               UEA                 Root Path:          /data/yoom618/TSLib/dataset_UCR/Trace
  Data Path:          ETTh1.csv           Features:           M                   
  Target:             OT                  Freq:               h                   
  Checkpoints:        /data/yoom618/TSLib/checkpoints_best/MambaSL (UCR, inceptiontime-setting)

[1mModel Parameters[0m
  Top k:              5                   Num Kernels:        6                   
  Enc In:             7                   Dec In:             7                   
  C Out:              7                   d model:            64                  
  n heads:            8                   e layers:           2                   
  d layers:           1                   d FF:               2                   
  Moving Avg:         25                  Factor:             1                   
  Distil:             1                   Dropout:            0.1                 
  Embed:              timeF               Activation:         gelu                

[1mRun Parameters[0m
  Num Workers:        10                  Itr:                1                   
  Train Epochs:       100                 Batch Size:         16                  
  Patience:           10                  Learning Rate:      0.001               
  Des:                trainlossonly       Loss:               MSE                 
  Lradj:              type1               Use Amp:            0                   

[1mGPU[0m
  Use GPU:            1                   GPU:                0                   
  Use Multi GPU:      0                   Devices:            0,1,2,3             

[1mDe-stationary Projector Params[0m
  P Hidden Dims:      128, 128            P Hidden Layers:    2                   

100
100
>>>>>>>testing : classification_Trace_MambaSingleLayer_UEA_ftM_sl275_ll0_pl0_dm64_ds2_expand1_dc4_nk6_tvdt1_tvB1_tvC0_useD0_trainlossonly_0<<<<<<<<<<<<<<<<<<<<<<<<<<<<<<<<<
loading model
test shape: torch.Size([100, 4]) torch.Size([100, 1])
gating_value: 0.006610457208007574
accuracy:1.0
model parameter : 14856
model size : 1.28MB
Using GPU
Args in experiment:
[1mBasic Config[0m
  Task Name:          classification_trainlossonlyIs Training:        0                   
  Model ID:           Trace               Model:              MambaSingleLayer    

[1mData Loader[0m
  Data:               UEA                 Root Path:          /data/yoom618/TSLib/dataset_UCR/Trace
  Data Path:          ETTh1.csv           Features:           M                   
  Target:             OT                  Freq:               h                   
  Checkpoints:        /data/yoom618/TSLib/checkpoints_best/MambaSL (UCR, inceptiontime-setting)

[1mModel Parameters[0m
  Top k:              5                   Num Kernels:        6                   
  Enc In:             7                   Dec In:             7                   
  C Out:              7                   d model:            64                  
  n heads:            8                   e layers:           2                   
  d layers:           1                   d FF:               2                   
  Moving Avg:         25                  Factor:             1                   
  Distil:             1                   Dropout:            0.1                 
  Embed:              timeF               Activation:         gelu                

[1mRun Parameters[0m
  Num Workers:        10                  Itr:                1                   
  Train Epochs:       100                 Batch Size:         16                  
  Patience:           10                  Learning Rate:      0.001               
  Des:                trainlossonly       Loss:               MSE                 
  Lradj:              type1               Use Amp:            0                   

[1mGPU[0m
  Use GPU:            1                   GPU:                0                   
  Use Multi GPU:      0                   Devices:            0,1,2,3             

[1mDe-stationary Projector Params[0m
  P Hidden Dims:      128, 128            P Hidden Layers:    2                   

100
100
>>>>>>>testing : classification_Trace_MambaSingleLayer_UEA_ftM_sl275_ll0_pl0_dm64_ds2_expand1_dc4_nk6_tvdt1_tvB1_tvC1_useD0_trainlossonly_0<<<<<<<<<<<<<<<<<<<<<<<<<<<<<<<<<
loading model
test shape: torch.Size([100, 4]) torch.Size([100, 1])
gating_value: 0.005216361996717751
accuracy:1.0
model parameter : 14856
model size : 1.28MB
Using GPU
Args in experiment:
[1mBasic Config[0m
  Task Name:          classification_trainlossonlyIs Training:        0                   
  Model ID:           Trace               Model:              MambaSingleLayer    

[1mData Loader[0m
  Data:               UEA                 Root Path:          /data/yoom618/TSLib/dataset_UCR/Trace
  Data Path:          ETTh1.csv           Features:           M                   
  Target:             OT                  Freq:               h                   
  Checkpoints:        /data/yoom618/TSLib/checkpoints_best/MambaSL (UCR, inceptiontime-setting)

[1mModel Parameters[0m
  Top k:              5                   Num Kernels:        6                   
  Enc In:             7                   Dec In:             7                   
  C Out:              7                   d model:            64                  
  n heads:            8                   e layers:           2                   
  d layers:           1                   d FF:               4                   
  Moving Avg:         25                  Factor:             1                   
  Distil:             1                   Dropout:            0.1                 
  Embed:              timeF               Activation:         gelu                

[1mRun Parameters[0m
  Num Workers:        10                  Itr:                1                   
  Train Epochs:       100                 Batch Size:         16                  
  Patience:           10                  Learning Rate:      0.001               
  Des:                trainlossonly       Loss:               MSE                 
  Lradj:              type1               Use Amp:            0                   

[1mGPU[0m
  Use GPU:            1                   GPU:                0                   
  Use Multi GPU:      0                   Devices:            0,1,2,3             

[1mDe-stationary Projector Params[0m
  P Hidden Dims:      128, 128            P Hidden Layers:    2                   

100
100
>>>>>>>testing : classification_Trace_MambaSingleLayer_UEA_ftM_sl275_ll0_pl0_dm64_ds4_expand1_dc4_nk6_tvdt0_tvB1_tvC0_useD0_trainlossonly_0<<<<<<<<<<<<<<<<<<<<<<<<<<<<<<<<<
loading model
test shape: torch.Size([100, 4]) torch.Size([100, 1])
gating_value: 0.0069371800404042
accuracy:1.0
model parameter : 14984
model size : 1.28MB
Using GPU
Args in experiment:
[1mBasic Config[0m
  Task Name:          classification_trainlossonlyIs Training:        0                   
  Model ID:           Trace               Model:              MambaSingleLayer    

[1mData Loader[0m
  Data:               UEA                 Root Path:          /data/yoom618/TSLib/dataset_UCR/Trace
  Data Path:          ETTh1.csv           Features:           M                   
  Target:             OT                  Freq:               h                   
  Checkpoints:        /data/yoom618/TSLib/checkpoints_best/MambaSL (UCR, inceptiontime-setting)

[1mModel Parameters[0m
  Top k:              5                   Num Kernels:        6                   
  Enc In:             7                   Dec In:             7                   
  C Out:              7                   d model:            64                  
  n heads:            8                   e layers:           2                   
  d layers:           1                   d FF:               4                   
  Moving Avg:         25                  Factor:             1                   
  Distil:             1                   Dropout:            0.1                 
  Embed:              timeF               Activation:         gelu                

[1mRun Parameters[0m
  Num Workers:        10                  Itr:                1                   
  Train Epochs:       100                 Batch Size:         16                  
  Patience:           10                  Learning Rate:      0.001               
  Des:                trainlossonly       Loss:               MSE                 
  Lradj:              type1               Use Amp:            0                   

[1mGPU[0m
  Use GPU:            1                   GPU:                0                   
  Use Multi GPU:      0                   Devices:            0,1,2,3             

[1mDe-stationary Projector Params[0m
  P Hidden Dims:      128, 128            P Hidden Layers:    2                   

100
100
>>>>>>>testing : classification_Trace_MambaSingleLayer_UEA_ftM_sl275_ll0_pl0_dm64_ds4_expand1_dc4_nk6_tvdt0_tvB1_tvC1_useD0_trainlossonly_0<<<<<<<<<<<<<<<<<<<<<<<<<<<<<<<<<
loading model
test shape: torch.Size([100, 4]) torch.Size([100, 1])
gating_value: 0.031104100954253228
accuracy:1.0
model parameter : 14984
model size : 1.28MB
Using GPU
Args in experiment:
[1mBasic Config[0m
  Task Name:          classification_trainlossonlyIs Training:        0                   
  Model ID:           Trace               Model:              MambaSingleLayer    

[1mData Loader[0m
  Data:               UEA                 Root Path:          /data/yoom618/TSLib/dataset_UCR/Trace
  Data Path:          ETTh1.csv           Features:           M                   
  Target:             OT                  Freq:               h                   
  Checkpoints:        /data/yoom618/TSLib/checkpoints_best/MambaSL (UCR, inceptiontime-setting)

[1mModel Parameters[0m
  Top k:              5                   Num Kernels:        6                   
  Enc In:             7                   Dec In:             7                   
  C Out:              7                   d model:            64                  
  n heads:            8                   e layers:           2                   
  d layers:           1                   d FF:               4                   
  Moving Avg:         25                  Factor:             1                   
  Distil:             1                   Dropout:            0.1                 
  Embed:              timeF               Activation:         gelu                

[1mRun Parameters[0m
  Num Workers:        10                  Itr:                1                   
  Train Epochs:       100                 Batch Size:         16                  
  Patience:           10                  Learning Rate:      0.001               
  Des:                trainlossonly       Loss:               MSE                 
  Lradj:              type1               Use Amp:            0                   

[1mGPU[0m
  Use GPU:            1                   GPU:                0                   
  Use Multi GPU:      0                   Devices:            0,1,2,3             

[1mDe-stationary Projector Params[0m
  P Hidden Dims:      128, 128            P Hidden Layers:    2                   

100
100
>>>>>>>testing : classification_Trace_MambaSingleLayer_UEA_ftM_sl275_ll0_pl0_dm64_ds4_expand1_dc4_nk6_tvdt1_tvB1_tvC0_useD0_trainlossonly_0<<<<<<<<<<<<<<<<<<<<<<<<<<<<<<<<<
loading model
test shape: torch.Size([100, 4]) torch.Size([100, 1])
gating_value: 0.006069080315064639
accuracy:1.0
model parameter : 15240
model size : 1.28MB
Using GPU
Args in experiment:
[1mBasic Config[0m
  Task Name:          classification_trainlossonlyIs Training:        0                   
  Model ID:           Trace               Model:              MambaSingleLayer    

[1mData Loader[0m
  Data:               UEA                 Root Path:          /data/yoom618/TSLib/dataset_UCR/Trace
  Data Path:          ETTh1.csv           Features:           M                   
  Target:             OT                  Freq:               h                   
  Checkpoints:        /data/yoom618/TSLib/checkpoints_best/MambaSL (UCR, inceptiontime-setting)

[1mModel Parameters[0m
  Top k:              5                   Num Kernels:        6                   
  Enc In:             7                   Dec In:             7                   
  C Out:              7                   d model:            64                  
  n heads:            8                   e layers:           2                   
  d layers:           1                   d FF:               4                   
  Moving Avg:         25                  Factor:             1                   
  Distil:             1                   Dropout:            0.1                 
  Embed:              timeF               Activation:         gelu                

[1mRun Parameters[0m
  Num Workers:        10                  Itr:                1                   
  Train Epochs:       100                 Batch Size:         16                  
  Patience:           10                  Learning Rate:      0.001               
  Des:                trainlossonly       Loss:               MSE                 
  Lradj:              type1               Use Amp:            0                   

[1mGPU[0m
  Use GPU:            1                   GPU:                0                   
  Use Multi GPU:      0                   Devices:            0,1,2,3             

[1mDe-stationary Projector Params[0m
  P Hidden Dims:      128, 128            P Hidden Layers:    2                   

100
100
>>>>>>>testing : classification_Trace_MambaSingleLayer_UEA_ftM_sl275_ll0_pl0_dm64_ds4_expand1_dc4_nk6_tvdt1_tvB1_tvC1_useD0_trainlossonly_0<<<<<<<<<<<<<<<<<<<<<<<<<<<<<<<<<
loading model
test shape: torch.Size([100, 4]) torch.Size([100, 1])
gating_value: 0.007466946458443999
accuracy:1.0
model parameter : 15240
model size : 1.28MB
Using GPU
Args in experiment:
[1mBasic Config[0m
  Task Name:          classification_trainlossonlyIs Training:        0                   
  Model ID:           Trace               Model:              MambaSingleLayer    

[1mData Loader[0m
  Data:               UEA                 Root Path:          /data/yoom618/TSLib/dataset_UCR/Trace
  Data Path:          ETTh1.csv           Features:           M                   
  Target:             OT                  Freq:               h                   
  Checkpoints:        /data/yoom618/TSLib/checkpoints_best/MambaSL (UCR, inceptiontime-setting)

[1mModel Parameters[0m
  Top k:              5                   Num Kernels:        6                   
  Enc In:             7                   Dec In:             7                   
  C Out:              7                   d model:            64                  
  n heads:            8                   e layers:           2                   
  d layers:           1                   d FF:               8                   
  Moving Avg:         25                  Factor:             1                   
  Distil:             1                   Dropout:            0.1                 
  Embed:              timeF               Activation:         gelu                

[1mRun Parameters[0m
  Num Workers:        10                  Itr:                1                   
  Train Epochs:       100                 Batch Size:         16                  
  Patience:           10                  Learning Rate:      0.001               
  Des:                trainlossonly       Loss:               MSE                 
  Lradj:              type1               Use Amp:            0                   

[1mGPU[0m
  Use GPU:            1                   GPU:                0                   
  Use Multi GPU:      0                   Devices:            0,1,2,3             

[1mDe-stationary Projector Params[0m
  P Hidden Dims:      128, 128            P Hidden Layers:    2                   

100
100
>>>>>>>testing : classification_Trace_MambaSingleLayer_UEA_ftM_sl275_ll0_pl0_dm64_ds8_expand1_dc4_nk6_tvdt0_tvB1_tvC1_useD0_trainlossonly_0<<<<<<<<<<<<<<<<<<<<<<<<<<<<<<<<<
loading model
test shape: torch.Size([100, 4]) torch.Size([100, 1])
gating_value: 0.008073650600854307
accuracy:1.0
model parameter : 15752
model size : 1.29MB
Using GPU
Args in experiment:
[1mBasic Config[0m
  Task Name:          classification_trainlossonlyIs Training:        0                   
  Model ID:           Trace               Model:              MambaSingleLayer    

[1mData Loader[0m
  Data:               UEA                 Root Path:          /data/yoom618/TSLib/dataset_UCR/Trace
  Data Path:          ETTh1.csv           Features:           M                   
  Target:             OT                  Freq:               h                   
  Checkpoints:        /data/yoom618/TSLib/checkpoints_best/MambaSL (UCR, inceptiontime-setting)

[1mModel Parameters[0m
  Top k:              5                   Num Kernels:        6                   
  Enc In:             7                   Dec In:             7                   
  C Out:              7                   d model:            64                  
  n heads:            8                   e layers:           2                   
  d layers:           1                   d FF:               8                   
  Moving Avg:         25                  Factor:             1                   
  Distil:             1                   Dropout:            0.1                 
  Embed:              timeF               Activation:         gelu                

[1mRun Parameters[0m
  Num Workers:        10                  Itr:                1                   
  Train Epochs:       100                 Batch Size:         16                  
  Patience:           10                  Learning Rate:      0.001               
  Des:                trainlossonly       Loss:               MSE                 
  Lradj:              type1               Use Amp:            0                   

[1mGPU[0m
  Use GPU:            1                   GPU:                0                   
  Use Multi GPU:      0                   Devices:            0,1,2,3             

[1mDe-stationary Projector Params[0m
  P Hidden Dims:      128, 128            P Hidden Layers:    2                   

100
100
>>>>>>>testing : classification_Trace_MambaSingleLayer_UEA_ftM_sl275_ll0_pl0_dm64_ds8_expand1_dc4_nk6_tvdt1_tvB0_tvC1_useD0_trainlossonly_0<<<<<<<<<<<<<<<<<<<<<<<<<<<<<<<<<
loading model
test shape: torch.Size([100, 4]) torch.Size([100, 1])
gating_value: 0.02269223116338253
accuracy:1.0
model parameter : 16008
model size : 1.29MB
Using GPU
Args in experiment:
[1mBasic Config[0m
  Task Name:          classification_trainlossonlyIs Training:        0                   
  Model ID:           Trace               Model:              MambaSingleLayer    

[1mData Loader[0m
  Data:               UEA                 Root Path:          /data/yoom618/TSLib/dataset_UCR/Trace
  Data Path:          ETTh1.csv           Features:           M                   
  Target:             OT                  Freq:               h                   
  Checkpoints:        /data/yoom618/TSLib/checkpoints_best/MambaSL (UCR, inceptiontime-setting)

[1mModel Parameters[0m
  Top k:              5                   Num Kernels:        6                   
  Enc In:             7                   Dec In:             7                   
  C Out:              7                   d model:            64                  
  n heads:            8                   e layers:           2                   
  d layers:           1                   d FF:               8                   
  Moving Avg:         25                  Factor:             1                   
  Distil:             1                   Dropout:            0.1                 
  Embed:              timeF               Activation:         gelu                

[1mRun Parameters[0m
  Num Workers:        10                  Itr:                1                   
  Train Epochs:       100                 Batch Size:         16                  
  Patience:           10                  Learning Rate:      0.001               
  Des:                trainlossonly       Loss:               MSE                 
  Lradj:              type1               Use Amp:            0                   

[1mGPU[0m
  Use GPU:            1                   GPU:                0                   
  Use Multi GPU:      0                   Devices:            0,1,2,3             

[1mDe-stationary Projector Params[0m
  P Hidden Dims:      128, 128            P Hidden Layers:    2                   

100
100
>>>>>>>testing : classification_Trace_MambaSingleLayer_UEA_ftM_sl275_ll0_pl0_dm64_ds8_expand1_dc4_nk6_tvdt1_tvB1_tvC0_useD0_trainlossonly_0<<<<<<<<<<<<<<<<<<<<<<<<<<<<<<<<<
loading model
test shape: torch.Size([100, 4]) torch.Size([100, 1])
gating_value: 0.006786377010867
accuracy:1.0
model parameter : 16008
model size : 1.29MB
Using GPU
Args in experiment:
[1mBasic Config[0m
  Task Name:          classification_trainlossonlyIs Training:        0                   
  Model ID:           Trace               Model:              MambaSingleLayer    

[1mData Loader[0m
  Data:               UEA                 Root Path:          /data/yoom618/TSLib/dataset_UCR/Trace
  Data Path:          ETTh1.csv           Features:           M                   
  Target:             OT                  Freq:               h                   
  Checkpoints:        /data/yoom618/TSLib/checkpoints_best/MambaSL (UCR, inceptiontime-setting)

[1mModel Parameters[0m
  Top k:              5                   Num Kernels:        6                   
  Enc In:             7                   Dec In:             7                   
  C Out:              7                   d model:            64                  
  n heads:            8                   e layers:           2                   
  d layers:           1                   d FF:               8                   
  Moving Avg:         25                  Factor:             1                   
  Distil:             1                   Dropout:            0.1                 
  Embed:              timeF               Activation:         gelu                

[1mRun Parameters[0m
  Num Workers:        10                  Itr:                1                   
  Train Epochs:       100                 Batch Size:         16                  
  Patience:           10                  Learning Rate:      0.001               
  Des:                trainlossonly       Loss:               MSE                 
  Lradj:              type1               Use Amp:            0                   

[1mGPU[0m
  Use GPU:            1                   GPU:                0                   
  Use Multi GPU:      0                   Devices:            0,1,2,3             

[1mDe-stationary Projector Params[0m
  P Hidden Dims:      128, 128            P Hidden Layers:    2                   

100
100
>>>>>>>testing : classification_Trace_MambaSingleLayer_UEA_ftM_sl275_ll0_pl0_dm64_ds8_expand1_dc4_nk6_tvdt1_tvB1_tvC1_useD0_trainlossonly_0<<<<<<<<<<<<<<<<<<<<<<<<<<<<<<<<<
loading model
test shape: torch.Size([100, 4]) torch.Size([100, 1])
gating_value: 0.01406788780586794
accuracy:1.0
model parameter : 16008
model size : 1.29MB
Using GPU
Args in experiment:
[1mBasic Config[0m
  Task Name:          classification_trainlossonlyIs Training:        0                   
  Model ID:           Trace               Model:              MambaSingleLayer    

[1mData Loader[0m
  Data:               UEA                 Root Path:          /data/yoom618/TSLib/dataset_UCR/Trace
  Data Path:          ETTh1.csv           Features:           M                   
  Target:             OT                  Freq:               h                   
  Checkpoints:        /data/yoom618/TSLib/checkpoints_best/MambaSL (UCR, inceptiontime-setting)

[1mModel Parameters[0m
  Top k:              5                   Num Kernels:        6                   
  Enc In:             7                   Dec In:             7                   
  C Out:              7                   d model:            64                  
  n heads:            8                   e layers:           2                   
  d layers:           1                   d FF:               16                  
  Moving Avg:         25                  Factor:             1                   
  Distil:             1                   Dropout:            0.1                 
  Embed:              timeF               Activation:         gelu                

[1mRun Parameters[0m
  Num Workers:        10                  Itr:                1                   
  Train Epochs:       100                 Batch Size:         16                  
  Patience:           10                  Learning Rate:      0.001               
  Des:                trainlossonly       Loss:               MSE                 
  Lradj:              type1               Use Amp:            0                   

[1mGPU[0m
  Use GPU:            1                   GPU:                0                   
  Use Multi GPU:      0                   Devices:            0,1,2,3             

[1mDe-stationary Projector Params[0m
  P Hidden Dims:      128, 128            P Hidden Layers:    2                   

100
100
>>>>>>>testing : classification_Trace_MambaSingleLayer_UEA_ftM_sl275_ll0_pl0_dm64_ds16_expand1_dc4_nk6_tvdt0_tvB0_tvC0_useD0_trainlossonly_0<<<<<<<<<<<<<<<<<<<<<<<<<<<<<<<<<
loading model
test shape: torch.Size([100, 4]) torch.Size([100, 1])
gating_value: 0.03239884410053492
accuracy:1.0
model parameter : 17288
model size : 1.29MB
